Traceback (most recent call last):
  File "/usr/local/lib/python3.10/site-packages/jupyter_cache/executors/utils.py", line 58, in single_nb_execution
    executenb(
  File "/usr/local/lib/python3.10/site-packages/nbclient/client.py", line 1305, in execute
    return NotebookClient(nb=nb, resources=resources, km=km, **kwargs).execute()
  File "/usr/local/lib/python3.10/site-packages/jupyter_core/utils/__init__.py", line 165, in wrapped
    return loop.run_until_complete(inner)
  File "/usr/local/lib/python3.10/asyncio/base_events.py", line 649, in run_until_complete
    return future.result()
  File "/usr/local/lib/python3.10/site-packages/nbclient/client.py", line 705, in async_execute
    await self.async_execute_cell(
  File "/usr/local/lib/python3.10/site-packages/nbclient/client.py", line 1058, in async_execute_cell
    await self._check_raise_for_error(cell, cell_index, exec_reply)
  File "/usr/local/lib/python3.10/site-packages/nbclient/client.py", line 914, in _check_raise_for_error
    raise CellExecutionError.from_cell_and_msg(cell, exec_reply_content)
nbclient.exceptions.CellExecutionError: An error occurred while executing the following cell:
------------------
np.random.seed(0)
learner = RandomForestRegressor(n_estimators=100, max_features=20, max_depth=5, min_samples_leaf=2, random_state=0)
ml_g = learner
ml_m = learner
obj_dml_data = make_plr_CCDDHNR2018(alpha=0.5, n_obs=500, dim_x=20)
dml_plr_obj = dml.DoubleMLPLR(obj_dml_data, ml_g, ml_m, score="dml2")
dml_plr_obj.fit().summary
------------------


[0;31m---------------------------------------------------------------------------[0m
[0;31mValueError[0m                                Traceback (most recent call last)
Cell [0;32mIn[2], line 6[0m
[1;32m      4[0m ml_m [38;5;241m=[39m learner
[1;32m      5[0m obj_dml_data [38;5;241m=[39m make_plr_CCDDHNR2018(alpha[38;5;241m=[39m[38;5;241m0.5[39m, n_obs[38;5;241m=[39m[38;5;241m500[39m, dim_x[38;5;241m=[39m[38;5;241m20[39m)
[0;32m----> 6[0m dml_plr_obj [38;5;241m=[39m [43mdml[49m[38;5;241;43m.[39;49m[43mDoubleMLPLR[49m[43m([49m[43mobj_dml_data[49m[43m,[49m[43m [49m[43mml_g[49m[43m,[49m[43m [49m[43mml_m[49m[43m,[49m[43m [49m[43mscore[49m[38;5;241;43m=[39;49m[38;5;124;43m"[39;49m[38;5;124;43mdml2[39;49m[38;5;124;43m"[39;49m[43m)[49m
[1;32m      7[0m dml_plr_obj[38;5;241m.[39mfit()[38;5;241m.[39msummary

File [0;32m/usr/local/lib/python3.10/site-packages/doubleml/plm/plr.py:110[0m, in [0;36mDoubleMLPLR.__init__[0;34m(self, obj_dml_data, ml_l, ml_m, ml_g, n_folds, n_rep, score, draw_sample_splitting)[0m
[1;32m    108[0m [38;5;28mself[39m[38;5;241m.[39m_check_data([38;5;28mself[39m[38;5;241m.[39m_dml_data)
[1;32m    109[0m valid_scores [38;5;241m=[39m [[38;5;124m'[39m[38;5;124mIV-type[39m[38;5;124m'[39m, [38;5;124m'[39m[38;5;124mpartialling out[39m[38;5;124m'[39m]
[0;32m--> 110[0m [43m_check_score[49m[43m([49m[38;5;28;43mself[39;49m[38;5;241;43m.[39;49m[43mscore[49m[43m,[49m[43m [49m[43mvalid_scores[49m[43m,[49m[43m [49m[43mallow_callable[49m[38;5;241;43m=[39;49m[38;5;28;43;01mTrue[39;49;00m[43m)[49m
[1;32m    112[0m _ [38;5;241m=[39m [38;5;28mself[39m[38;5;241m.[39m_check_learner(ml_l, [38;5;124m'[39m[38;5;124mml_l[39m[38;5;124m'[39m, regressor[38;5;241m=[39m[38;5;28;01mTrue[39;00m, classifier[38;5;241m=[39m[38;5;28;01mFalse[39;00m)
[1;32m    113[0m ml_m_is_classifier [38;5;241m=[39m [38;5;28mself[39m[38;5;241m.[39m_check_learner(ml_m, [38;5;124m'[39m[38;5;124mml_m[39m[38;5;124m'[39m, regressor[38;5;241m=[39m[38;5;28;01mTrue[39;00m, classifier[38;5;241m=[39m[38;5;28;01mTrue[39;00m)

File [0;32m/usr/local/lib/python3.10/site-packages/doubleml/utils/_checks.py:132[0m, in [0;36m_check_score[0;34m(score, valid_score, allow_callable)[0m
[1;32m    130[0m [38;5;28;01mif[39;00m [38;5;28misinstance[39m(score, [38;5;28mstr[39m):
[1;32m    131[0m     [38;5;28;01mif[39;00m score [38;5;129;01mnot[39;00m [38;5;129;01min[39;00m valid_score:
[0;32m--> 132[0m         [38;5;28;01mraise[39;00m [38;5;167;01mValueError[39;00m([38;5;124m'[39m[38;5;124mInvalid score [39m[38;5;124m'[39m [38;5;241m+[39m score [38;5;241m+[39m [38;5;124m'[39m[38;5;124m. [39m[38;5;124m'[39m [38;5;241m+[39m
[1;32m    133[0m                          [38;5;124m'[39m[38;5;124mValid score [39m[38;5;124m'[39m [38;5;241m+[39m [38;5;124m'[39m[38;5;124m or [39m[38;5;124m'[39m[38;5;241m.[39mjoin(valid_score) [38;5;241m+[39m [38;5;124m'[39m[38;5;124m.[39m[38;5;124m'[39m)
[1;32m    134[0m [38;5;28;01melse[39;00m:
[1;32m    135[0m     [38;5;28;01mif[39;00m allow_callable:

[0;31mValueError[0m: Invalid score dml2. Valid score IV-type or partialling out.

