Traceback (most recent call last):
  File "/home/runner/work/notes/notes/.venv/lib/python3.12/site-packages/jupyter_core/utils/__init__.py", line 154, in wrapped
    asyncio.get_running_loop()
RuntimeError: no running event loop

During handling of the above exception, another exception occurred:

Traceback (most recent call last):
  File "/home/runner/work/notes/notes/.venv/lib/python3.12/site-packages/jupyter_cache/executors/utils.py", line 58, in single_nb_execution
    executenb(
  File "/home/runner/work/notes/notes/.venv/lib/python3.12/site-packages/nbclient/client.py", line 1319, in execute
    return NotebookClient(nb=nb, resources=resources, km=km, **kwargs).execute()
           ^^^^^^^^^^^^^^^^^^^^^^^^^^^^^^^^^^^^^^^^^^^^^^^^^^^^^^^^^^^^^^^^^^^^^
  File "/home/runner/work/notes/notes/.venv/lib/python3.12/site-packages/jupyter_core/utils/__init__.py", line 158, in wrapped
    return loop.run_until_complete(inner)
           ^^^^^^^^^^^^^^^^^^^^^^^^^^^^^^
  File "/usr/lib/python3.12/asyncio/base_events.py", line 687, in run_until_complete
    return future.result()
           ^^^^^^^^^^^^^^^
  File "/home/runner/work/notes/notes/.venv/lib/python3.12/site-packages/nbclient/client.py", line 709, in async_execute
    await self.async_execute_cell(
  File "/home/runner/work/notes/notes/.venv/lib/python3.12/site-packages/nbclient/client.py", line 1062, in async_execute_cell
    await self._check_raise_for_error(cell, cell_index, exec_reply)
  File "/home/runner/work/notes/notes/.venv/lib/python3.12/site-packages/nbclient/client.py", line 918, in _check_raise_for_error
    raise CellExecutionError.from_cell_and_msg(cell, exec_reply_content)
nbclient.exceptions.CellExecutionError: An error occurred while executing the following cell:
------------------
length_threshold = 10
distance_threshold = 1.41421356
canny_th1 = 50
canny_th2 = 50
canny_aperture_size = 3
do_merge = False

fld = cv2.ximgproc.createFastLineDetector(
    length_threshold,
    distance_threshold,
    canny_th1,
    canny_th2,
    canny_aperture_size,
    do_merge
)

lines_raw = fld.detect(contour_img)
# ељҐзКґгВТжХігБИгВЛ
lines = [line[0] for line in lines_raw]

# drawSegmentsгБІжППгБПе†іеРИ
# img_lines = fld.drawSegments(img, lines)
# plt.imshow(img_lines)

# cv2.lineгБІжППгБПе†іеРИ
print(f"{len(lines)} lines are detected")
out = img.copy()
for line in lines:
    x1, y1, x2, y2 = map(int, line)
    cv2.line(out, (x1, y1), (x2, y2), (0, 0, 255), 1)
plt.imshow(out)
------------------


[31m---------------------------------------------------------------------------[39m
[31mAttributeError[39m                            Traceback (most recent call last)
[36mCell[39m[36m [39m[32mIn[14][39m[32m, line 8[39m
[32m      5[39m canny_aperture_size = [32m3[39m
[32m      6[39m do_merge = [38;5;28;01mFalse[39;00m
[32m----> [39m[32m8[39m fld = [43mcv2[49m[43m.[49m[43mximgproc[49m[43m.[49m[43mcreateFastLineDetector[49m(
[32m      9[39m     length_threshold,
[32m     10[39m     distance_threshold,
[32m     11[39m     canny_th1,
[32m     12[39m     canny_th2,
[32m     13[39m     canny_aperture_size,
[32m     14[39m     do_merge
[32m     15[39m )
[32m     17[39m lines_raw = fld.detect(contour_img)
[32m     18[39m [38;5;66;03m# ељҐзКґгВТжХігБИгВЛ[39;00m

[31mAttributeError[39m: module 'cv2.ximgproc' has no attribute 'createFastLineDetector'

