Traceback (most recent call last):
  File "/home/runner/work/notes/notes/.venv/lib/python3.10/site-packages/jupyter_core/utils/__init__.py", line 154, in wrapped
    asyncio.get_running_loop()
RuntimeError: no running event loop

During handling of the above exception, another exception occurred:

Traceback (most recent call last):
  File "/home/runner/work/notes/notes/.venv/lib/python3.10/site-packages/jupyter_cache/executors/utils.py", line 58, in single_nb_execution
    executenb(
  File "/home/runner/work/notes/notes/.venv/lib/python3.10/site-packages/nbclient/client.py", line 1319, in execute
    return NotebookClient(nb=nb, resources=resources, km=km, **kwargs).execute()
  File "/home/runner/work/notes/notes/.venv/lib/python3.10/site-packages/jupyter_core/utils/__init__.py", line 158, in wrapped
    return loop.run_until_complete(inner)
  File "/home/runner/.local/share/uv/python/cpython-3.10.19-linux-x86_64-gnu/lib/python3.10/asyncio/base_events.py", line 649, in run_until_complete
    return future.result()
  File "/home/runner/work/notes/notes/.venv/lib/python3.10/site-packages/nbclient/client.py", line 709, in async_execute
    await self.async_execute_cell(
  File "/home/runner/work/notes/notes/.venv/lib/python3.10/site-packages/nbclient/client.py", line 1062, in async_execute_cell
    await self._check_raise_for_error(cell, cell_index, exec_reply)
  File "/home/runner/work/notes/notes/.venv/lib/python3.10/site-packages/nbclient/client.py", line 918, in _check_raise_for_error
    raise CellExecutionError.from_cell_and_msg(cell, exec_reply_content)
nbclient.exceptions.CellExecutionError: An error occurred while executing the following cell:
------------------
length_threshold = 10
distance_threshold = 1.41421356
canny_th1 = 50
canny_th2 = 50
canny_aperture_size = 3
do_merge = False

fld = cv2.ximgproc.createFastLineDetector(
    length_threshold,
    distance_threshold,
    canny_th1,
    canny_th2,
    canny_aperture_size,
    do_merge
)

lines_raw = fld.detect(image)
# 形状を整える
lines = [line[0] for line in lines_raw]

# # drawSegmentsで描く場合
# img_lines = fld.drawSegments(image, lines)
# plt.imshow(img_lines)

# cv2.lineで描く場合
print(f"{len(lines)} lines are detected")
out = image.copy()
for line in lines:
    x1, y1, x2, y2 = map(int, line)
    cv2.line(out, (x1, y1), (x2, y2), (0, 255, 0), 2)

plt.imshow(out)
------------------


[0;31m---------------------------------------------------------------------------[0m
[0;31mAttributeError[0m                            Traceback (most recent call last)
Cell [0;32mIn[10], line 8[0m
[1;32m      5[0m canny_aperture_size [38;5;241m=[39m [38;5;241m3[39m
[1;32m      6[0m do_merge [38;5;241m=[39m [38;5;28;01mFalse[39;00m
[0;32m----> 8[0m fld [38;5;241m=[39m [43mcv2[49m[38;5;241;43m.[39;49m[43mximgproc[49m[38;5;241;43m.[39;49m[43mcreateFastLineDetector[49m(
[1;32m      9[0m     length_threshold,
[1;32m     10[0m     distance_threshold,
[1;32m     11[0m     canny_th1,
[1;32m     12[0m     canny_th2,
[1;32m     13[0m     canny_aperture_size,
[1;32m     14[0m     do_merge
[1;32m     15[0m )
[1;32m     17[0m lines_raw [38;5;241m=[39m fld[38;5;241m.[39mdetect(image)
[1;32m     18[0m [38;5;66;03m# 形状を整える[39;00m

[0;31mAttributeError[0m: module 'cv2.ximgproc' has no attribute 'createFastLineDetector'

