Traceback (most recent call last):
  File "/home/runner/work/notes/notes/.venv/lib/python3.12/site-packages/jupyter_core/utils/__init__.py", line 154, in wrapped
    asyncio.get_running_loop()
RuntimeError: no running event loop

During handling of the above exception, another exception occurred:

Traceback (most recent call last):
  File "/home/runner/work/notes/notes/.venv/lib/python3.12/site-packages/jupyter_cache/executors/utils.py", line 58, in single_nb_execution
    executenb(
  File "/home/runner/work/notes/notes/.venv/lib/python3.12/site-packages/nbclient/client.py", line 1319, in execute
    return NotebookClient(nb=nb, resources=resources, km=km, **kwargs).execute()
           ^^^^^^^^^^^^^^^^^^^^^^^^^^^^^^^^^^^^^^^^^^^^^^^^^^^^^^^^^^^^^^^^^^^^^
  File "/home/runner/work/notes/notes/.venv/lib/python3.12/site-packages/jupyter_core/utils/__init__.py", line 158, in wrapped
    return loop.run_until_complete(inner)
           ^^^^^^^^^^^^^^^^^^^^^^^^^^^^^^
  File "/usr/lib/python3.12/asyncio/base_events.py", line 687, in run_until_complete
    return future.result()
           ^^^^^^^^^^^^^^^
  File "/home/runner/work/notes/notes/.venv/lib/python3.12/site-packages/nbclient/client.py", line 709, in async_execute
    await self.async_execute_cell(
  File "/home/runner/work/notes/notes/.venv/lib/python3.12/site-packages/nbclient/client.py", line 1062, in async_execute_cell
    await self._check_raise_for_error(cell, cell_index, exec_reply)
  File "/home/runner/work/notes/notes/.venv/lib/python3.12/site-packages/nbclient/client.py", line 918, in _check_raise_for_error
    raise CellExecutionError.from_cell_and_msg(cell, exec_reply_content)
nbclient.exceptions.CellExecutionError: An error occurred while executing the following cell:
------------------
import warnings
warnings.filterwarnings("ignore", category=UserWarning)

import numpy as np
from doubleml.datasets import make_plr_CCDDHNR2018
np.random.seed(1234)
n_rep = 1000
n_obs = 500
n_vars = 20
alpha = 0.5
data = list()
for i_rep in range(n_rep):
    (x, y, d) = make_plr_CCDDHNR2018(alpha=alpha, n_obs=n_obs, dim_x=n_vars, return_type='array')
    data.append((x, y, d))

def non_orth_score(y, d, l_hat, m_hat, g_hat, smpls):
    u_hat = y - g_hat
    psi_a = -np.multiply(d, d)
    psi_b = np.multiply(d, u_hat)
    return psi_a, psi_b

from doubleml import DoubleMLData
from doubleml import DoubleMLPLR
from sklearn.ensemble import RandomForestRegressor
from sklearn.base import clone
import numpy as np
from scipy import stats
import matplotlib.pyplot as plt
import seaborn as sns
face_colors = sns.color_palette('pastel')
edge_colors = sns.color_palette('dark')
np.random.seed(1111)
ml_l = RandomForestRegressor(n_estimators=132, max_features=12, max_depth=5, min_samples_leaf=1)
ml_m = RandomForestRegressor(n_estimators=378, max_features=20, max_depth=3, min_samples_leaf=6)
ml_g = clone(ml_l)

# シミュレーションに時間がかかるので結果を保存する
import json
from pathlib import Path
result_json_path = Path('./dml_simulation_results.json')
use_cache = True

# 実験1: ネイマン直交条件を満たさない場合
if use_cache and result_json_path.exists():
    with open(result_json_path, "r") as f:
        simulation_results = json.load(f)
        simulation_results = {k: np.array(v) for k,v in simulation_results.items()}
    theta_nonorth = simulation_results["theta_nonorth"]
    se_nonorth = simulation_results["se_nonorth"]
else:
    theta_nonorth = np.zeros(n_rep)
    se_nonorth = np.zeros(n_rep)
    for i_rep in range(n_rep):
        (x, y, d) = data[i_rep]
        obj_dml_data = DoubleMLData.from_arrays(x, y, d)
        obj_dml_plr_nonorth = DoubleMLPLR(obj_dml_data,
                                          ml_l, ml_m, ml_g,
                                          n_folds=2,
                                          apply_cross_fitting=False,
                                          score=non_orth_score)
        obj_dml_plr_nonorth.fit()
        this_theta = obj_dml_plr_nonorth.coef[0]
        this_se = obj_dml_plr_nonorth.se[0]
        theta_nonorth[i_rep] = this_theta
        se_nonorth[i_rep] = this_se

    simulation_results = {}
    simulation_results["theta_nonorth"] = theta_nonorth
    simulation_results["se_nonorth"] = se_nonorth
# plot
plt.figure(constrained_layout=True)
ax = sns.histplot((theta_nonorth - alpha)/se_nonorth,
                  color=face_colors[0], edgecolor=edge_colors[0],
                  stat='density', bins=30, label='Non-orthogonal ML')
ax.axvline(0., color='k')
xx = np.arange(-5, +5, 0.001)
yy = stats.norm.pdf(xx)
ax.plot(xx, yy, color='k', label='$\\mathcal{N}(0, 1)$')
ax.legend(loc='upper right', bbox_to_anchor=(1.2, 1.0))
ax.set_xlim([-6., 6.])
ax.set_xlabel('$(\hat{\\theta}_0 - \\theta_0)/\hat{\sigma}$')
plt.show()
------------------

----- stderr -----
<>:81: SyntaxWarning: invalid escape sequence '\h'
<>:81: SyntaxWarning: invalid escape sequence '\h'
/tmp/ipykernel_3550/2017421631.py:81: SyntaxWarning: invalid escape sequence '\h'
  ax.set_xlabel('$(\hat{\\theta}_0 - \\theta_0)/\hat{\sigma}$')
----- stderr -----

A module that was compiled using NumPy 1.x cannot be run in
NumPy 2.3.3 as it may crash. To support both 1.x and 2.x
versions of NumPy, modules must be compiled with NumPy 2.0.
Some module may need to rebuild instead e.g. with 'pybind11>=2.12'.

If you are a user of the module, the easiest solution will be to
downgrade to 'numpy<2' or try to upgrade the affected module.
We expect that some modules will need time to support NumPy 2.

Traceback (most recent call last):  File "<frozen runpy>", line 198, in _run_module_as_main
  File "<frozen runpy>", line 88, in _run_code
  File "/home/runner/work/notes/notes/.venv/lib/python3.12/site-packages/ipykernel_launcher.py", line 18, in <module>
    app.launch_new_instance()
  File "/home/runner/work/notes/notes/.venv/lib/python3.12/site-packages/traitlets/config/application.py", line 1075, in launch_instance
    app.start()
  File "/home/runner/work/notes/notes/.venv/lib/python3.12/site-packages/ipykernel/kernelapp.py", line 739, in start
    self.io_loop.start()
  File "/home/runner/work/notes/notes/.venv/lib/python3.12/site-packages/tornado/platform/asyncio.py", line 211, in start
    self.asyncio_loop.run_forever()
  File "/usr/lib/python3.12/asyncio/base_events.py", line 641, in run_forever
    self._run_once()
  File "/usr/lib/python3.12/asyncio/base_events.py", line 1987, in _run_once
    handle._run()
  File "/usr/lib/python3.12/asyncio/events.py", line 88, in _run
    self._context.run(self._callback, *self._args)
  File "/home/runner/work/notes/notes/.venv/lib/python3.12/site-packages/ipykernel/kernelbase.py", line 545, in dispatch_queue
    await self.process_one()
  File "/home/runner/work/notes/notes/.venv/lib/python3.12/site-packages/ipykernel/kernelbase.py", line 534, in process_one
    await dispatch(*args)
  File "/home/runner/work/notes/notes/.venv/lib/python3.12/site-packages/ipykernel/kernelbase.py", line 437, in dispatch_shell
    await result
  File "/home/runner/work/notes/notes/.venv/lib/python3.12/site-packages/ipykernel/ipkernel.py", line 362, in execute_request
    await super().execute_request(stream, ident, parent)
  File "/home/runner/work/notes/notes/.venv/lib/python3.12/site-packages/ipykernel/kernelbase.py", line 778, in execute_request
    reply_content = await reply_content
  File "/home/runner/work/notes/notes/.venv/lib/python3.12/site-packages/ipykernel/ipkernel.py", line 449, in do_execute
    res = shell.run_cell(
  File "/home/runner/work/notes/notes/.venv/lib/python3.12/site-packages/ipykernel/zmqshell.py", line 549, in run_cell
    return super().run_cell(*args, **kwargs)
  File "/home/runner/work/notes/notes/.venv/lib/python3.12/site-packages/IPython/core/interactiveshell.py", line 3116, in run_cell
    result = self._run_cell(
  File "/home/runner/work/notes/notes/.venv/lib/python3.12/site-packages/IPython/core/interactiveshell.py", line 3171, in _run_cell
    result = runner(coro)
  File "/home/runner/work/notes/notes/.venv/lib/python3.12/site-packages/IPython/core/async_helpers.py", line 128, in _pseudo_sync_runner
    coro.send(None)
  File "/home/runner/work/notes/notes/.venv/lib/python3.12/site-packages/IPython/core/interactiveshell.py", line 3394, in run_cell_async
    has_raised = await self.run_ast_nodes(code_ast.body, cell_name,
  File "/home/runner/work/notes/notes/.venv/lib/python3.12/site-packages/IPython/core/interactiveshell.py", line 3639, in run_ast_nodes
    if await self.run_code(code, result, async_=asy):
  File "/home/runner/work/notes/notes/.venv/lib/python3.12/site-packages/IPython/core/interactiveshell.py", line 3699, in run_code
    exec(code_obj, self.user_global_ns, self.user_ns)
  File "/tmp/ipykernel_3550/2017421631.py", line 5, in <module>
    from doubleml.datasets import make_plr_CCDDHNR2018
  File "/home/runner/work/notes/notes/.venv/lib/python3.12/site-packages/doubleml/__init__.py", line 4, in <module>
    from .did.did import DoubleMLDID
  File "/home/runner/work/notes/notes/.venv/lib/python3.12/site-packages/doubleml/did/__init__.py", line 6, in <module>
    from .did_aggregation import DoubleMLDIDAggregation
  File "/home/runner/work/notes/notes/.venv/lib/python3.12/site-packages/doubleml/did/did_aggregation.py", line 5, in <module>
    import matplotlib.pyplot as plt
  File "/home/runner/work/notes/notes/.venv/lib/python3.12/site-packages/matplotlib/__init__.py", line 131, in <module>
    from . import _api, _version, cbook, _docstring, rcsetup
  File "/home/runner/work/notes/notes/.venv/lib/python3.12/site-packages/matplotlib/rcsetup.py", line 27, in <module>
    from matplotlib.colors import Colormap, is_color_like
  File "/home/runner/work/notes/notes/.venv/lib/python3.12/site-packages/matplotlib/colors.py", line 56, in <module>
    from matplotlib import _api, _cm, cbook, scale
  File "/home/runner/work/notes/notes/.venv/lib/python3.12/site-packages/matplotlib/scale.py", line 22, in <module>
    from matplotlib.ticker import (
  File "/home/runner/work/notes/notes/.venv/lib/python3.12/site-packages/matplotlib/ticker.py", line 138, in <module>
    from matplotlib import transforms as mtransforms
  File "/home/runner/work/notes/notes/.venv/lib/python3.12/site-packages/matplotlib/transforms.py", line 49, in <module>
    from matplotlib._path import (
----- stderr -----
/tmp/ipykernel_3550/2017421631.py:81: SyntaxWarning: invalid escape sequence '\h'
  ax.set_xlabel('$(\hat{\\theta}_0 - \\theta_0)/\hat{\sigma}$')
------------------

[31m---------------------------------------------------------------------------[39m
[31mImportError[39m                               Traceback (most recent call last)
[36mCell[39m[36m [39m[32mIn[1][39m[32m, line 5[39m
[32m      2[39m warnings.filterwarnings([33m"[39m[33mignore[39m[33m"[39m, category=[38;5;167;01mUserWarning[39;00m)
[32m      4[39m [38;5;28;01mimport[39;00m[38;5;250m [39m[34;01mnumpy[39;00m[38;5;250m [39m[38;5;28;01mas[39;00m[38;5;250m [39m[34;01mnp[39;00m
[32m----> [39m[32m5[39m [38;5;28;01mfrom[39;00m[38;5;250m [39m[34;01mdoubleml[39;00m[34;01m.[39;00m[34;01mdatasets[39;00m[38;5;250m [39m[38;5;28;01mimport[39;00m make_plr_CCDDHNR2018
[32m      6[39m np.random.seed([32m1234[39m)
[32m      7[39m n_rep = [32m1000[39m

[36mFile [39m[32m~/work/notes/notes/.venv/lib/python3.12/site-packages/doubleml/__init__.py:4[39m
[32m      1[39m [38;5;28;01mimport[39;00m[38;5;250m [39m[34;01mimportlib[39;00m[34;01m.[39;00m[34;01mmetadata[39;00m
[32m      3[39m [38;5;28;01mfrom[39;00m[38;5;250m [39m[34;01m.[39;00m[34;01mdata[39;00m[38;5;250m [39m[38;5;28;01mimport[39;00m DoubleMLClusterData, DoubleMLData
[32m----> [39m[32m4[39m [38;5;28;01mfrom[39;00m[38;5;250m [39m[34;01m.[39;00m[34;01mdid[39;00m[34;01m.[39;00m[34;01mdid[39;00m[38;5;250m [39m[38;5;28;01mimport[39;00m DoubleMLDID
[32m      5[39m [38;5;28;01mfrom[39;00m[38;5;250m [39m[34;01m.[39;00m[34;01mdid[39;00m[34;01m.[39;00m[34;01mdid_cs[39;00m[38;5;250m [39m[38;5;28;01mimport[39;00m DoubleMLDIDCS
[32m      6[39m [38;5;28;01mfrom[39;00m[38;5;250m [39m[34;01m.[39;00m[34;01mdouble_ml_framework[39;00m[38;5;250m [39m[38;5;28;01mimport[39;00m DoubleMLFramework, concat

[36mFile [39m[32m~/work/notes/notes/.venv/lib/python3.12/site-packages/doubleml/did/__init__.py:6[39m
[32m      1[39m [33;03m"""[39;00m
[32m      2[39m [33;03mThe :mod:`doubleml.did` module implements double machine learning estimates based on difference in differences models.[39;00m
[32m      3[39m [33;03m"""[39;00m
[32m      5[39m [38;5;28;01mfrom[39;00m[38;5;250m [39m[34;01m.[39;00m[34;01mdid[39;00m[38;5;250m [39m[38;5;28;01mimport[39;00m DoubleMLDID
[32m----> [39m[32m6[39m [38;5;28;01mfrom[39;00m[38;5;250m [39m[34;01m.[39;00m[34;01mdid_aggregation[39;00m[38;5;250m [39m[38;5;28;01mimport[39;00m DoubleMLDIDAggregation
[32m      7[39m [38;5;28;01mfrom[39;00m[38;5;250m [39m[34;01m.[39;00m[34;01mdid_binary[39;00m[38;5;250m [39m[38;5;28;01mimport[39;00m DoubleMLDIDBinary
[32m      8[39m [38;5;28;01mfrom[39;00m[38;5;250m [39m[34;01m.[39;00m[34;01mdid_cs[39;00m[38;5;250m [39m[38;5;28;01mimport[39;00m DoubleMLDIDCS

[36mFile [39m[32m~/work/notes/notes/.venv/lib/python3.12/site-packages/doubleml/did/did_aggregation.py:5[39m
[32m      2[39m [38;5;28;01mfrom[39;00m[38;5;250m [39m[34;01mfunctools[39;00m[38;5;250m [39m[38;5;28;01mimport[39;00m reduce
[32m      3[39m [38;5;28;01mfrom[39;00m[38;5;250m [39m[34;01moperator[39;00m[38;5;250m [39m[38;5;28;01mimport[39;00m add
[32m----> [39m[32m5[39m [38;5;28;01mimport[39;00m[38;5;250m [39m[34;01mmatplotlib[39;00m[34;01m.[39;00m[34;01mpyplot[39;00m[38;5;250m [39m[38;5;28;01mas[39;00m[38;5;250m [39m[34;01mplt[39;00m
[32m      6[39m [38;5;28;01mimport[39;00m[38;5;250m [39m[34;01mnumpy[39;00m[38;5;250m [39m[38;5;28;01mas[39;00m[38;5;250m [39m[34;01mnp[39;00m
[32m      7[39m [38;5;28;01mimport[39;00m[38;5;250m [39m[34;01mpandas[39;00m[38;5;250m [39m[38;5;28;01mas[39;00m[38;5;250m [39m[34;01mpd[39;00m

[36mFile [39m[32m~/work/notes/notes/.venv/lib/python3.12/site-packages/matplotlib/__init__.py:131[39m
[32m    127[39m [38;5;28;01mfrom[39;00m[38;5;250m [39m[34;01mpackaging[39;00m[34;01m.[39;00m[34;01mversion[39;00m[38;5;250m [39m[38;5;28;01mimport[39;00m parse [38;5;28;01mas[39;00m parse_version
[32m    129[39m [38;5;66;03m# cbook must import matplotlib only within function[39;00m
[32m    130[39m [38;5;66;03m# definitions, so it is safe to import from it here.[39;00m
[32m--> [39m[32m131[39m [38;5;28;01mfrom[39;00m[38;5;250m [39m[34;01m.[39;00m[38;5;250m [39m[38;5;28;01mimport[39;00m _api, _version, cbook, _docstring, rcsetup
[32m    132[39m [38;5;28;01mfrom[39;00m[38;5;250m [39m[34;01mmatplotlib[39;00m[34;01m.[39;00m[34;01mcbook[39;00m[38;5;250m [39m[38;5;28;01mimport[39;00m sanitize_sequence
[32m    133[39m [38;5;28;01mfrom[39;00m[38;5;250m [39m[34;01mmatplotlib[39;00m[34;01m.[39;00m[34;01m_api[39;00m[38;5;250m [39m[38;5;28;01mimport[39;00m MatplotlibDeprecationWarning

[36mFile [39m[32m~/work/notes/notes/.venv/lib/python3.12/site-packages/matplotlib/rcsetup.py:27[39m
[32m     25[39m [38;5;28;01mfrom[39;00m[38;5;250m [39m[34;01mmatplotlib[39;00m[38;5;250m [39m[38;5;28;01mimport[39;00m _api, cbook
[32m     26[39m [38;5;28;01mfrom[39;00m[38;5;250m [39m[34;01mmatplotlib[39;00m[34;01m.[39;00m[34;01mcbook[39;00m[38;5;250m [39m[38;5;28;01mimport[39;00m ls_mapper
[32m---> [39m[32m27[39m [38;5;28;01mfrom[39;00m[38;5;250m [39m[34;01mmatplotlib[39;00m[34;01m.[39;00m[34;01mcolors[39;00m[38;5;250m [39m[38;5;28;01mimport[39;00m Colormap, is_color_like
[32m     28[39m [38;5;28;01mfrom[39;00m[38;5;250m [39m[34;01mmatplotlib[39;00m[34;01m.[39;00m[34;01m_fontconfig_pattern[39;00m[38;5;250m [39m[38;5;28;01mimport[39;00m parse_fontconfig_pattern
[32m     29[39m [38;5;28;01mfrom[39;00m[38;5;250m [39m[34;01mmatplotlib[39;00m[34;01m.[39;00m[34;01m_enums[39;00m[38;5;250m [39m[38;5;28;01mimport[39;00m JoinStyle, CapStyle

[36mFile [39m[32m~/work/notes/notes/.venv/lib/python3.12/site-packages/matplotlib/colors.py:56[39m
[32m     54[39m [38;5;28;01mimport[39;00m[38;5;250m [39m[34;01mmatplotlib[39;00m[38;5;250m [39m[38;5;28;01mas[39;00m[38;5;250m [39m[34;01mmpl[39;00m
[32m     55[39m [38;5;28;01mimport[39;00m[38;5;250m [39m[34;01mnumpy[39;00m[38;5;250m [39m[38;5;28;01mas[39;00m[38;5;250m [39m[34;01mnp[39;00m
[32m---> [39m[32m56[39m [38;5;28;01mfrom[39;00m[38;5;250m [39m[34;01mmatplotlib[39;00m[38;5;250m [39m[38;5;28;01mimport[39;00m _api, _cm, cbook, scale
[32m     57[39m [38;5;28;01mfrom[39;00m[38;5;250m [39m[34;01m.[39;00m[34;01m_color_data[39;00m[38;5;250m [39m[38;5;28;01mimport[39;00m BASE_COLORS, TABLEAU_COLORS, CSS4_COLORS, XKCD_COLORS
[32m     60[39m [38;5;28;01mclass[39;00m[38;5;250m [39m[34;01m_ColorMapping[39;00m([38;5;28mdict[39m):

[36mFile [39m[32m~/work/notes/notes/.venv/lib/python3.12/site-packages/matplotlib/scale.py:22[39m
[32m     20[39m [38;5;28;01mimport[39;00m[38;5;250m [39m[34;01mmatplotlib[39;00m[38;5;250m [39m[38;5;28;01mas[39;00m[38;5;250m [39m[34;01mmpl[39;00m
[32m     21[39m [38;5;28;01mfrom[39;00m[38;5;250m [39m[34;01mmatplotlib[39;00m[38;5;250m [39m[38;5;28;01mimport[39;00m _api, _docstring
[32m---> [39m[32m22[39m [38;5;28;01mfrom[39;00m[38;5;250m [39m[34;01mmatplotlib[39;00m[34;01m.[39;00m[34;01mticker[39;00m[38;5;250m [39m[38;5;28;01mimport[39;00m (
[32m     23[39m     NullFormatter, ScalarFormatter, LogFormatterSciNotation, LogitFormatter,
[32m     24[39m     NullLocator, LogLocator, AutoLocator, AutoMinorLocator,
[32m     25[39m     SymmetricalLogLocator, AsinhLocator, LogitLocator)
[32m     26[39m [38;5;28;01mfrom[39;00m[38;5;250m [39m[34;01mmatplotlib[39;00m[34;01m.[39;00m[34;01mtransforms[39;00m[38;5;250m [39m[38;5;28;01mimport[39;00m Transform, IdentityTransform
[32m     29[39m [38;5;28;01mclass[39;00m[38;5;250m [39m[34;01mScaleBase[39;00m:

[36mFile [39m[32m~/work/notes/notes/.venv/lib/python3.12/site-packages/matplotlib/ticker.py:138[39m
[32m    136[39m [38;5;28;01mimport[39;00m[38;5;250m [39m[34;01mmatplotlib[39;00m[38;5;250m [39m[38;5;28;01mas[39;00m[38;5;250m [39m[34;01mmpl[39;00m
[32m    137[39m [38;5;28;01mfrom[39;00m[38;5;250m [39m[34;01mmatplotlib[39;00m[38;5;250m [39m[38;5;28;01mimport[39;00m _api, cbook
[32m--> [39m[32m138[39m [38;5;28;01mfrom[39;00m[38;5;250m [39m[34;01mmatplotlib[39;00m[38;5;250m [39m[38;5;28;01mimport[39;00m transforms [38;5;28;01mas[39;00m mtransforms
[32m    140[39m _log = logging.getLogger([34m__name__[39m)
[32m    142[39m __all__ = ([33m'[39m[33mTickHelper[39m[33m'[39m, [33m'[39m[33mFormatter[39m[33m'[39m, [33m'[39m[33mFixedFormatter[39m[33m'[39m,
[32m    143[39m            [33m'[39m[33mNullFormatter[39m[33m'[39m, [33m'[39m[33mFuncFormatter[39m[33m'[39m, [33m'[39m[33mFormatStrFormatter[39m[33m'[39m,
[32m    144[39m            [33m'[39m[33mStrMethodFormatter[39m[33m'[39m, [33m'[39m[33mScalarFormatter[39m[33m'[39m, [33m'[39m[33mLogFormatter[39m[33m'[39m,
[32m   (...)[39m[32m    150[39m            [33m'[39m[33mMultipleLocator[39m[33m'[39m, [33m'[39m[33mMaxNLocator[39m[33m'[39m, [33m'[39m[33mAutoMinorLocator[39m[33m'[39m,
[32m    151[39m            [33m'[39m[33mSymmetricalLogLocator[39m[33m'[39m, [33m'[39m[33mAsinhLocator[39m[33m'[39m, [33m'[39m[33mLogitLocator[39m[33m'[39m)

[36mFile [39m[32m~/work/notes/notes/.venv/lib/python3.12/site-packages/matplotlib/transforms.py:49[39m
[32m     46[39m [38;5;28;01mfrom[39;00m[38;5;250m [39m[34;01mnumpy[39;00m[34;01m.[39;00m[34;01mlinalg[39;00m[38;5;250m [39m[38;5;28;01mimport[39;00m inv
[32m     48[39m [38;5;28;01mfrom[39;00m[38;5;250m [39m[34;01mmatplotlib[39;00m[38;5;250m [39m[38;5;28;01mimport[39;00m _api
[32m---> [39m[32m49[39m [38;5;28;01mfrom[39;00m[38;5;250m [39m[34;01mmatplotlib[39;00m[34;01m.[39;00m[34;01m_path[39;00m[38;5;250m [39m[38;5;28;01mimport[39;00m (
[32m     50[39m     affine_transform, count_bboxes_overlapping_bbox, update_path_extents)
[32m     51[39m [38;5;28;01mfrom[39;00m[38;5;250m [39m[34;01m.[39;00m[34;01mpath[39;00m[38;5;250m [39m[38;5;28;01mimport[39;00m Path
[32m     53[39m DEBUG = [38;5;28;01mFalse[39;00m

[31mImportError[39m: numpy.core.multiarray failed to import

