Traceback (most recent call last):
  File "/home/runner/work/notes/notes/.venv/lib/python3.12/site-packages/jupyter_core/utils/__init__.py", line 154, in wrapped
    asyncio.get_running_loop()
RuntimeError: no running event loop

During handling of the above exception, another exception occurred:

Traceback (most recent call last):
  File "/home/runner/work/notes/notes/.venv/lib/python3.12/site-packages/jupyter_cache/executors/utils.py", line 58, in single_nb_execution
    executenb(
  File "/home/runner/work/notes/notes/.venv/lib/python3.12/site-packages/nbclient/client.py", line 1319, in execute
    return NotebookClient(nb=nb, resources=resources, km=km, **kwargs).execute()
           ^^^^^^^^^^^^^^^^^^^^^^^^^^^^^^^^^^^^^^^^^^^^^^^^^^^^^^^^^^^^^^^^^^^^^
  File "/home/runner/work/notes/notes/.venv/lib/python3.12/site-packages/jupyter_core/utils/__init__.py", line 158, in wrapped
    return loop.run_until_complete(inner)
           ^^^^^^^^^^^^^^^^^^^^^^^^^^^^^^
  File "/usr/lib/python3.12/asyncio/base_events.py", line 687, in run_until_complete
    return future.result()
           ^^^^^^^^^^^^^^^
  File "/home/runner/work/notes/notes/.venv/lib/python3.12/site-packages/nbclient/client.py", line 709, in async_execute
    await self.async_execute_cell(
  File "/home/runner/work/notes/notes/.venv/lib/python3.12/site-packages/nbclient/client.py", line 1062, in async_execute_cell
    await self._check_raise_for_error(cell, cell_index, exec_reply)
  File "/home/runner/work/notes/notes/.venv/lib/python3.12/site-packages/nbclient/client.py", line 918, in _check_raise_for_error
    raise CellExecutionError.from_cell_and_msg(cell, exec_reply_content)
nbclient.exceptions.CellExecutionError: An error occurred while executing the following cell:
------------------
# サンプルサイズの変化に応じた検定力の推移
import numpy as np
from statsmodels.stats.power import TTestIndPower

power_analysis = TTestIndPower()
fig = power_analysis.plot_power(
    dep_var='nobs',
    nobs=np.arange(5, 100),
    effect_size=[0.2, 0.5, 0.8],
    alpha=0.05,
)
------------------

----- stderr -----

A module that was compiled using NumPy 1.x cannot be run in
NumPy 2.3.3 as it may crash. To support both 1.x and 2.x
versions of NumPy, modules must be compiled with NumPy 2.0.
Some module may need to rebuild instead e.g. with 'pybind11>=2.12'.

If you are a user of the module, the easiest solution will be to
downgrade to 'numpy<2' or try to upgrade the affected module.
We expect that some modules will need time to support NumPy 2.

Traceback (most recent call last):  File "<frozen runpy>", line 198, in _run_module_as_main
  File "<frozen runpy>", line 88, in _run_code
  File "/home/runner/work/notes/notes/.venv/lib/python3.12/site-packages/ipykernel_launcher.py", line 18, in <module>
    app.launch_new_instance()
  File "/home/runner/work/notes/notes/.venv/lib/python3.12/site-packages/traitlets/config/application.py", line 1075, in launch_instance
    app.start()
  File "/home/runner/work/notes/notes/.venv/lib/python3.12/site-packages/ipykernel/kernelapp.py", line 739, in start
    self.io_loop.start()
  File "/home/runner/work/notes/notes/.venv/lib/python3.12/site-packages/tornado/platform/asyncio.py", line 211, in start
    self.asyncio_loop.run_forever()
  File "/usr/lib/python3.12/asyncio/base_events.py", line 641, in run_forever
    self._run_once()
  File "/usr/lib/python3.12/asyncio/base_events.py", line 1987, in _run_once
    handle._run()
  File "/usr/lib/python3.12/asyncio/events.py", line 88, in _run
    self._context.run(self._callback, *self._args)
  File "/home/runner/work/notes/notes/.venv/lib/python3.12/site-packages/ipykernel/kernelbase.py", line 545, in dispatch_queue
    await self.process_one()
  File "/home/runner/work/notes/notes/.venv/lib/python3.12/site-packages/ipykernel/kernelbase.py", line 534, in process_one
    await dispatch(*args)
  File "/home/runner/work/notes/notes/.venv/lib/python3.12/site-packages/ipykernel/kernelbase.py", line 437, in dispatch_shell
    await result
  File "/home/runner/work/notes/notes/.venv/lib/python3.12/site-packages/ipykernel/ipkernel.py", line 362, in execute_request
    await super().execute_request(stream, ident, parent)
  File "/home/runner/work/notes/notes/.venv/lib/python3.12/site-packages/ipykernel/kernelbase.py", line 778, in execute_request
    reply_content = await reply_content
  File "/home/runner/work/notes/notes/.venv/lib/python3.12/site-packages/ipykernel/ipkernel.py", line 449, in do_execute
    res = shell.run_cell(
  File "/home/runner/work/notes/notes/.venv/lib/python3.12/site-packages/ipykernel/zmqshell.py", line 549, in run_cell
    return super().run_cell(*args, **kwargs)
  File "/home/runner/work/notes/notes/.venv/lib/python3.12/site-packages/IPython/core/interactiveshell.py", line 3116, in run_cell
    result = self._run_cell(
  File "/home/runner/work/notes/notes/.venv/lib/python3.12/site-packages/IPython/core/interactiveshell.py", line 3171, in _run_cell
    result = runner(coro)
  File "/home/runner/work/notes/notes/.venv/lib/python3.12/site-packages/IPython/core/async_helpers.py", line 128, in _pseudo_sync_runner
    coro.send(None)
  File "/home/runner/work/notes/notes/.venv/lib/python3.12/site-packages/IPython/core/interactiveshell.py", line 3394, in run_cell_async
    has_raised = await self.run_ast_nodes(code_ast.body, cell_name,
  File "/home/runner/work/notes/notes/.venv/lib/python3.12/site-packages/IPython/core/interactiveshell.py", line 3639, in run_ast_nodes
    if await self.run_code(code, result, async_=asy):
  File "/home/runner/work/notes/notes/.venv/lib/python3.12/site-packages/IPython/core/interactiveshell.py", line 3699, in run_code
    exec(code_obj, self.user_global_ns, self.user_ns)
  File "/tmp/ipykernel_10804/2189000600.py", line 6, in <module>
    fig = power_analysis.plot_power(
  File "/home/runner/work/notes/notes/.venv/lib/python3.12/site-packages/statsmodels/stats/power.py", line 583, in plot_power
    fig, ax = utils.create_mpl_ax(ax)
  File "/home/runner/work/notes/notes/.venv/lib/python3.12/site-packages/statsmodels/graphics/utils.py", line 54, in create_mpl_ax
    plt = _import_mpl()
  File "/home/runner/work/notes/notes/.venv/lib/python3.12/site-packages/statsmodels/graphics/utils.py", line 10, in _import_mpl
    import matplotlib.pyplot as plt
  File "/home/runner/work/notes/notes/.venv/lib/python3.12/site-packages/matplotlib/__init__.py", line 131, in <module>
    from . import _api, _version, cbook, _docstring, rcsetup
  File "/home/runner/work/notes/notes/.venv/lib/python3.12/site-packages/matplotlib/rcsetup.py", line 27, in <module>
    from matplotlib.colors import Colormap, is_color_like
  File "/home/runner/work/notes/notes/.venv/lib/python3.12/site-packages/matplotlib/colors.py", line 56, in <module>
    from matplotlib import _api, _cm, cbook, scale
  File "/home/runner/work/notes/notes/.venv/lib/python3.12/site-packages/matplotlib/scale.py", line 22, in <module>
    from matplotlib.ticker import (
  File "/home/runner/work/notes/notes/.venv/lib/python3.12/site-packages/matplotlib/ticker.py", line 138, in <module>
    from matplotlib import transforms as mtransforms
  File "/home/runner/work/notes/notes/.venv/lib/python3.12/site-packages/matplotlib/transforms.py", line 49, in <module>
    from matplotlib._path import (
------------------

[31m---------------------------------------------------------------------------[39m
[31mImportError[39m                               Traceback (most recent call last)
[36mFile [39m[32m~/work/notes/notes/.venv/lib/python3.12/site-packages/statsmodels/graphics/utils.py:10[39m, in [36m_import_mpl[39m[34m()[39m
[32m      9[39m [38;5;28;01mtry[39;00m:
[32m---> [39m[32m10[39m     [38;5;28;01mimport[39;00m[38;5;250m [39m[34;01mmatplotlib[39;00m[34;01m.[39;00m[34;01mpyplot[39;00m[38;5;250m [39m[38;5;28;01mas[39;00m[38;5;250m [39m[34;01mplt[39;00m
[32m     11[39m [38;5;28;01mexcept[39;00m:

[36mFile [39m[32m~/work/notes/notes/.venv/lib/python3.12/site-packages/matplotlib/__init__.py:131[39m
[32m    129[39m [38;5;66;03m# cbook must import matplotlib only within function[39;00m
[32m    130[39m [38;5;66;03m# definitions, so it is safe to import from it here.[39;00m
[32m--> [39m[32m131[39m [38;5;28;01mfrom[39;00m[38;5;250m [39m[34;01m.[39;00m[38;5;250m [39m[38;5;28;01mimport[39;00m _api, _version, cbook, _docstring, rcsetup
[32m    132[39m [38;5;28;01mfrom[39;00m[38;5;250m [39m[34;01mmatplotlib[39;00m[34;01m.[39;00m[34;01mcbook[39;00m[38;5;250m [39m[38;5;28;01mimport[39;00m sanitize_sequence

[36mFile [39m[32m~/work/notes/notes/.venv/lib/python3.12/site-packages/matplotlib/rcsetup.py:27[39m
[32m     26[39m [38;5;28;01mfrom[39;00m[38;5;250m [39m[34;01mmatplotlib[39;00m[34;01m.[39;00m[34;01mcbook[39;00m[38;5;250m [39m[38;5;28;01mimport[39;00m ls_mapper
[32m---> [39m[32m27[39m [38;5;28;01mfrom[39;00m[38;5;250m [39m[34;01mmatplotlib[39;00m[34;01m.[39;00m[34;01mcolors[39;00m[38;5;250m [39m[38;5;28;01mimport[39;00m Colormap, is_color_like
[32m     28[39m [38;5;28;01mfrom[39;00m[38;5;250m [39m[34;01mmatplotlib[39;00m[34;01m.[39;00m[34;01m_fontconfig_pattern[39;00m[38;5;250m [39m[38;5;28;01mimport[39;00m parse_fontconfig_pattern

[36mFile [39m[32m~/work/notes/notes/.venv/lib/python3.12/site-packages/matplotlib/colors.py:56[39m
[32m     55[39m [38;5;28;01mimport[39;00m[38;5;250m [39m[34;01mnumpy[39;00m[38;5;250m [39m[38;5;28;01mas[39;00m[38;5;250m [39m[34;01mnp[39;00m
[32m---> [39m[32m56[39m [38;5;28;01mfrom[39;00m[38;5;250m [39m[34;01mmatplotlib[39;00m[38;5;250m [39m[38;5;28;01mimport[39;00m _api, _cm, cbook, scale
[32m     57[39m [38;5;28;01mfrom[39;00m[38;5;250m [39m[34;01m.[39;00m[34;01m_color_data[39;00m[38;5;250m [39m[38;5;28;01mimport[39;00m BASE_COLORS, TABLEAU_COLORS, CSS4_COLORS, XKCD_COLORS

[36mFile [39m[32m~/work/notes/notes/.venv/lib/python3.12/site-packages/matplotlib/scale.py:22[39m
[32m     21[39m [38;5;28;01mfrom[39;00m[38;5;250m [39m[34;01mmatplotlib[39;00m[38;5;250m [39m[38;5;28;01mimport[39;00m _api, _docstring
[32m---> [39m[32m22[39m [38;5;28;01mfrom[39;00m[38;5;250m [39m[34;01mmatplotlib[39;00m[34;01m.[39;00m[34;01mticker[39;00m[38;5;250m [39m[38;5;28;01mimport[39;00m (
[32m     23[39m     NullFormatter, ScalarFormatter, LogFormatterSciNotation, LogitFormatter,
[32m     24[39m     NullLocator, LogLocator, AutoLocator, AutoMinorLocator,
[32m     25[39m     SymmetricalLogLocator, AsinhLocator, LogitLocator)
[32m     26[39m [38;5;28;01mfrom[39;00m[38;5;250m [39m[34;01mmatplotlib[39;00m[34;01m.[39;00m[34;01mtransforms[39;00m[38;5;250m [39m[38;5;28;01mimport[39;00m Transform, IdentityTransform

[36mFile [39m[32m~/work/notes/notes/.venv/lib/python3.12/site-packages/matplotlib/ticker.py:138[39m
[32m    137[39m [38;5;28;01mfrom[39;00m[38;5;250m [39m[34;01mmatplotlib[39;00m[38;5;250m [39m[38;5;28;01mimport[39;00m _api, cbook
[32m--> [39m[32m138[39m [38;5;28;01mfrom[39;00m[38;5;250m [39m[34;01mmatplotlib[39;00m[38;5;250m [39m[38;5;28;01mimport[39;00m transforms [38;5;28;01mas[39;00m mtransforms
[32m    140[39m _log = logging.getLogger([34m__name__[39m)

[36mFile [39m[32m~/work/notes/notes/.venv/lib/python3.12/site-packages/matplotlib/transforms.py:49[39m
[32m     48[39m [38;5;28;01mfrom[39;00m[38;5;250m [39m[34;01mmatplotlib[39;00m[38;5;250m [39m[38;5;28;01mimport[39;00m _api
[32m---> [39m[32m49[39m [38;5;28;01mfrom[39;00m[38;5;250m [39m[34;01mmatplotlib[39;00m[34;01m.[39;00m[34;01m_path[39;00m[38;5;250m [39m[38;5;28;01mimport[39;00m (
[32m     50[39m     affine_transform, count_bboxes_overlapping_bbox, update_path_extents)
[32m     51[39m [38;5;28;01mfrom[39;00m[38;5;250m [39m[34;01m.[39;00m[34;01mpath[39;00m[38;5;250m [39m[38;5;28;01mimport[39;00m Path

[31mImportError[39m: numpy.core.multiarray failed to import

During handling of the above exception, another exception occurred:

[31mImportError[39m                               Traceback (most recent call last)
[36mCell[39m[36m [39m[32mIn[12][39m[32m, line 6[39m
[32m      3[39m [38;5;28;01mfrom[39;00m[38;5;250m [39m[34;01mstatsmodels[39;00m[34;01m.[39;00m[34;01mstats[39;00m[34;01m.[39;00m[34;01mpower[39;00m[38;5;250m [39m[38;5;28;01mimport[39;00m TTestIndPower
[32m      5[39m power_analysis = TTestIndPower()
[32m----> [39m[32m6[39m fig = [43mpower_analysis[49m[43m.[49m[43mplot_power[49m[43m([49m
[32m      7[39m [43m    [49m[43mdep_var[49m[43m=[49m[33;43m'[39;49m[33;43mnobs[39;49m[33;43m'[39;49m[43m,[49m
[32m      8[39m [43m    [49m[43mnobs[49m[43m=[49m[43mnp[49m[43m.[49m[43marange[49m[43m([49m[32;43m5[39;49m[43m,[49m[43m [49m[32;43m100[39;49m[43m)[49m[43m,[49m
[32m      9[39m [43m    [49m[43meffect_size[49m[43m=[49m[43m[[49m[32;43m0.2[39;49m[43m,[49m[43m [49m[32;43m0.5[39;49m[43m,[49m[43m [49m[32;43m0.8[39;49m[43m][49m[43m,[49m
[32m     10[39m [43m    [49m[43malpha[49m[43m=[49m[32;43m0.05[39;49m[43m,[49m
[32m     11[39m [43m)[49m

[36mFile [39m[32m~/work/notes/notes/.venv/lib/python3.12/site-packages/statsmodels/stats/power.py:583[39m, in [36mPower.plot_power[39m[34m(self, dep_var, nobs, effect_size, alpha, ax, title, plt_kwds, **kwds)[39m
[32m    581[39m [38;5;28;01mfrom[39;00m[38;5;250m [39m[34;01mstatsmodels[39;00m[34;01m.[39;00m[34;01mgraphics[39;00m[38;5;250m [39m[38;5;28;01mimport[39;00m utils
[32m    582[39m [38;5;28;01mfrom[39;00m[38;5;250m [39m[34;01mstatsmodels[39;00m[34;01m.[39;00m[34;01mgraphics[39;00m[34;01m.[39;00m[34;01mplottools[39;00m[38;5;250m [39m[38;5;28;01mimport[39;00m rainbow
[32m--> [39m[32m583[39m fig, ax = [43mutils[49m[43m.[49m[43mcreate_mpl_ax[49m[43m([49m[43max[49m[43m)[49m
[32m    584[39m [38;5;28;01mimport[39;00m[38;5;250m [39m[34;01mmatplotlib[39;00m[34;01m.[39;00m[34;01mpyplot[39;00m[38;5;250m [39m[38;5;28;01mas[39;00m[38;5;250m [39m[34;01mplt[39;00m
[32m    585[39m colormap = plt.cm.Dark2 [38;5;66;03m#pylint: disable-msg=E1101[39;00m

[36mFile [39m[32m~/work/notes/notes/.venv/lib/python3.12/site-packages/statsmodels/graphics/utils.py:54[39m, in [36mcreate_mpl_ax[39m[34m(ax)[39m
[32m     18[39m [38;5;250m[39m[33;03m"""Helper function for when a single plot axis is needed.[39;00m
[32m     19[39m 
[32m     20[39m [33;03mParameters[39;00m
[32m   (...)[39m[32m     51[39m [33;03m>>> fig, ax = utils.create_mpl_ax(ax)[39;00m
[32m     52[39m [33;03m"""[39;00m
[32m     53[39m [38;5;28;01mif[39;00m ax [38;5;129;01mis[39;00m [38;5;28;01mNone[39;00m:
[32m---> [39m[32m54[39m     plt = [43m_import_mpl[49m[43m([49m[43m)[49m
[32m     55[39m     fig = plt.figure()
[32m     56[39m     ax = fig.add_subplot([32m111[39m)

[36mFile [39m[32m~/work/notes/notes/.venv/lib/python3.12/site-packages/statsmodels/graphics/utils.py:12[39m, in [36m_import_mpl[39m[34m()[39m
[32m     10[39m     [38;5;28;01mimport[39;00m[38;5;250m [39m[34;01mmatplotlib[39;00m[34;01m.[39;00m[34;01mpyplot[39;00m[38;5;250m [39m[38;5;28;01mas[39;00m[38;5;250m [39m[34;01mplt[39;00m
[32m     11[39m [38;5;28;01mexcept[39;00m:
[32m---> [39m[32m12[39m     [38;5;28;01mraise[39;00m [38;5;167;01mImportError[39;00m([33m"[39m[33mMatplotlib is not found.[39m[33m"[39m)
[32m     14[39m [38;5;28;01mreturn[39;00m plt

[31mImportError[39m: Matplotlib is not found.

