Traceback (most recent call last):
  File "/home/runner/work/notes/notes/.venv/lib/python3.12/site-packages/jupyter_core/utils/__init__.py", line 154, in wrapped
    asyncio.get_running_loop()
RuntimeError: no running event loop

During handling of the above exception, another exception occurred:

Traceback (most recent call last):
  File "/home/runner/work/notes/notes/.venv/lib/python3.12/site-packages/jupyter_cache/executors/utils.py", line 58, in single_nb_execution
    executenb(
  File "/home/runner/work/notes/notes/.venv/lib/python3.12/site-packages/nbclient/client.py", line 1319, in execute
    return NotebookClient(nb=nb, resources=resources, km=km, **kwargs).execute()
           ^^^^^^^^^^^^^^^^^^^^^^^^^^^^^^^^^^^^^^^^^^^^^^^^^^^^^^^^^^^^^^^^^^^^^
  File "/home/runner/work/notes/notes/.venv/lib/python3.12/site-packages/jupyter_core/utils/__init__.py", line 158, in wrapped
    return loop.run_until_complete(inner)
           ^^^^^^^^^^^^^^^^^^^^^^^^^^^^^^
  File "/usr/lib/python3.12/asyncio/base_events.py", line 687, in run_until_complete
    return future.result()
           ^^^^^^^^^^^^^^^
  File "/home/runner/work/notes/notes/.venv/lib/python3.12/site-packages/nbclient/client.py", line 709, in async_execute
    await self.async_execute_cell(
  File "/home/runner/work/notes/notes/.venv/lib/python3.12/site-packages/nbclient/client.py", line 1062, in async_execute_cell
    await self._check_raise_for_error(cell, cell_index, exec_reply)
  File "/home/runner/work/notes/notes/.venv/lib/python3.12/site-packages/nbclient/client.py", line 918, in _check_raise_for_error
    raise CellExecutionError.from_cell_and_msg(cell, exec_reply_content)
nbclient.exceptions.CellExecutionError: An error occurred while executing the following cell:
------------------
df.plot.scatter(x="x1", y="y1")
df.plot.scatter(x="x2", y="y1")
------------------

----- stderr -----

A module that was compiled using NumPy 1.x cannot be run in
NumPy 2.3.3 as it may crash. To support both 1.x and 2.x
versions of NumPy, modules must be compiled with NumPy 2.0.
Some module may need to rebuild instead e.g. with 'pybind11>=2.12'.

If you are a user of the module, the easiest solution will be to
downgrade to 'numpy<2' or try to upgrade the affected module.
We expect that some modules will need time to support NumPy 2.

Traceback (most recent call last):  File "<frozen runpy>", line 198, in _run_module_as_main
  File "<frozen runpy>", line 88, in _run_code
  File "/home/runner/work/notes/notes/.venv/lib/python3.12/site-packages/ipykernel_launcher.py", line 18, in <module>
    app.launch_new_instance()
  File "/home/runner/work/notes/notes/.venv/lib/python3.12/site-packages/traitlets/config/application.py", line 1075, in launch_instance
    app.start()
  File "/home/runner/work/notes/notes/.venv/lib/python3.12/site-packages/ipykernel/kernelapp.py", line 739, in start
    self.io_loop.start()
  File "/home/runner/work/notes/notes/.venv/lib/python3.12/site-packages/tornado/platform/asyncio.py", line 211, in start
    self.asyncio_loop.run_forever()
  File "/usr/lib/python3.12/asyncio/base_events.py", line 641, in run_forever
    self._run_once()
  File "/usr/lib/python3.12/asyncio/base_events.py", line 1987, in _run_once
    handle._run()
  File "/usr/lib/python3.12/asyncio/events.py", line 88, in _run
    self._context.run(self._callback, *self._args)
  File "/home/runner/work/notes/notes/.venv/lib/python3.12/site-packages/ipykernel/kernelbase.py", line 545, in dispatch_queue
    await self.process_one()
  File "/home/runner/work/notes/notes/.venv/lib/python3.12/site-packages/ipykernel/kernelbase.py", line 534, in process_one
    await dispatch(*args)
  File "/home/runner/work/notes/notes/.venv/lib/python3.12/site-packages/ipykernel/kernelbase.py", line 437, in dispatch_shell
    await result
  File "/home/runner/work/notes/notes/.venv/lib/python3.12/site-packages/ipykernel/ipkernel.py", line 362, in execute_request
    await super().execute_request(stream, ident, parent)
  File "/home/runner/work/notes/notes/.venv/lib/python3.12/site-packages/ipykernel/kernelbase.py", line 778, in execute_request
    reply_content = await reply_content
  File "/home/runner/work/notes/notes/.venv/lib/python3.12/site-packages/ipykernel/ipkernel.py", line 449, in do_execute
    res = shell.run_cell(
  File "/home/runner/work/notes/notes/.venv/lib/python3.12/site-packages/ipykernel/zmqshell.py", line 549, in run_cell
    return super().run_cell(*args, **kwargs)
  File "/home/runner/work/notes/notes/.venv/lib/python3.12/site-packages/IPython/core/interactiveshell.py", line 3116, in run_cell
    result = self._run_cell(
  File "/home/runner/work/notes/notes/.venv/lib/python3.12/site-packages/IPython/core/interactiveshell.py", line 3171, in _run_cell
    result = runner(coro)
  File "/home/runner/work/notes/notes/.venv/lib/python3.12/site-packages/IPython/core/async_helpers.py", line 128, in _pseudo_sync_runner
    coro.send(None)
  File "/home/runner/work/notes/notes/.venv/lib/python3.12/site-packages/IPython/core/interactiveshell.py", line 3394, in run_cell_async
    has_raised = await self.run_ast_nodes(code_ast.body, cell_name,
  File "/home/runner/work/notes/notes/.venv/lib/python3.12/site-packages/IPython/core/interactiveshell.py", line 3639, in run_ast_nodes
    if await self.run_code(code, result, async_=asy):
  File "/home/runner/work/notes/notes/.venv/lib/python3.12/site-packages/IPython/core/interactiveshell.py", line 3699, in run_code
    exec(code_obj, self.user_global_ns, self.user_ns)
  File "/tmp/ipykernel_7245/2760170732.py", line 1, in <module>
    df.plot.scatter(x="x1", y="y1")
  File "/home/runner/work/notes/notes/.venv/lib/python3.12/site-packages/pandas/plotting/_core.py", line 1748, in scatter
    return self(kind="scatter", x=x, y=y, s=s, c=c, **kwargs)
  File "/home/runner/work/notes/notes/.venv/lib/python3.12/site-packages/pandas/plotting/_core.py", line 947, in __call__
    plot_backend = _get_plot_backend(kwargs.pop("backend", None))
  File "/home/runner/work/notes/notes/.venv/lib/python3.12/site-packages/pandas/plotting/_core.py", line 1944, in _get_plot_backend
    module = _load_backend(backend_str)
  File "/home/runner/work/notes/notes/.venv/lib/python3.12/site-packages/pandas/plotting/_core.py", line 1872, in _load_backend
    module = importlib.import_module("pandas.plotting._matplotlib")
  File "/usr/lib/python3.12/importlib/__init__.py", line 90, in import_module
    return _bootstrap._gcd_import(name[level:], package, level)
  File "/home/runner/work/notes/notes/.venv/lib/python3.12/site-packages/pandas/plotting/_matplotlib/__init__.py", line 5, in <module>
    from pandas.plotting._matplotlib.boxplot import (
  File "/home/runner/work/notes/notes/.venv/lib/python3.12/site-packages/pandas/plotting/_matplotlib/boxplot.py", line 10, in <module>
    import matplotlib as mpl
  File "/home/runner/work/notes/notes/.venv/lib/python3.12/site-packages/matplotlib/__init__.py", line 131, in <module>
    from . import _api, _version, cbook, _docstring, rcsetup
  File "/home/runner/work/notes/notes/.venv/lib/python3.12/site-packages/matplotlib/rcsetup.py", line 27, in <module>
    from matplotlib.colors import Colormap, is_color_like
  File "/home/runner/work/notes/notes/.venv/lib/python3.12/site-packages/matplotlib/colors.py", line 56, in <module>
    from matplotlib import _api, _cm, cbook, scale
  File "/home/runner/work/notes/notes/.venv/lib/python3.12/site-packages/matplotlib/scale.py", line 22, in <module>
    from matplotlib.ticker import (
  File "/home/runner/work/notes/notes/.venv/lib/python3.12/site-packages/matplotlib/ticker.py", line 138, in <module>
    from matplotlib import transforms as mtransforms
  File "/home/runner/work/notes/notes/.venv/lib/python3.12/site-packages/matplotlib/transforms.py", line 49, in <module>
    from matplotlib._path import (
------------------

[31m---------------------------------------------------------------------------[39m
[31mImportError[39m                               Traceback (most recent call last)
[36mCell[39m[36m [39m[32mIn[3][39m[32m, line 1[39m
[32m----> [39m[32m1[39m [43mdf[49m[43m.[49m[43mplot[49m[43m.[49m[43mscatter[49m[43m([49m[43mx[49m[43m=[49m[33;43m"[39;49m[33;43mx1[39;49m[33;43m"[39;49m[43m,[49m[43m [49m[43my[49m[43m=[49m[33;43m"[39;49m[33;43my1[39;49m[33;43m"[39;49m[43m)[49m
[32m      2[39m df.plot.scatter(x=[33m"[39m[33mx2[39m[33m"[39m, y=[33m"[39m[33my1[39m[33m"[39m)

[36mFile [39m[32m~/work/notes/notes/.venv/lib/python3.12/site-packages/pandas/plotting/_core.py:1748[39m, in [36mPlotAccessor.scatter[39m[34m(self, x, y, s, c, **kwargs)[39m
[32m   1660[39m [38;5;28;01mdef[39;00m[38;5;250m [39m[34mscatter[39m(
[32m   1661[39m     [38;5;28mself[39m,
[32m   1662[39m     x: Hashable,
[32m   (...)[39m[32m   1666[39m     **kwargs,
[32m   1667[39m ) -> PlotAccessor:
[32m   1668[39m [38;5;250m    [39m[33;03m"""[39;00m
[32m   1669[39m [33;03m    Create a scatter plot with varying marker point size and color.[39;00m
[32m   1670[39m 
[32m   (...)[39m[32m   1746[39m [33;03m        ...                       colormap='viridis')[39;00m
[32m   1747[39m [33;03m    """[39;00m
[32m-> [39m[32m1748[39m     [38;5;28;01mreturn[39;00m [38;5;28;43mself[39;49m[43m([49m[43mkind[49m[43m=[49m[33;43m"[39;49m[33;43mscatter[39;49m[33;43m"[39;49m[43m,[49m[43m [49m[43mx[49m[43m=[49m[43mx[49m[43m,[49m[43m [49m[43my[49m[43m=[49m[43my[49m[43m,[49m[43m [49m[43ms[49m[43m=[49m[43ms[49m[43m,[49m[43m [49m[43mc[49m[43m=[49m[43mc[49m[43m,[49m[43m [49m[43m*[49m[43m*[49m[43mkwargs[49m[43m)[49m

[36mFile [39m[32m~/work/notes/notes/.venv/lib/python3.12/site-packages/pandas/plotting/_core.py:947[39m, in [36mPlotAccessor.__call__[39m[34m(self, *args, **kwargs)[39m
[32m    946[39m [38;5;28;01mdef[39;00m[38;5;250m [39m[34m__call__[39m([38;5;28mself[39m, *args, **kwargs):
[32m--> [39m[32m947[39m     plot_backend = [43m_get_plot_backend[49m[43m([49m[43mkwargs[49m[43m.[49m[43mpop[49m[43m([49m[33;43m"[39;49m[33;43mbackend[39;49m[33;43m"[39;49m[43m,[49m[43m [49m[38;5;28;43;01mNone[39;49;00m[43m)[49m[43m)[49m
[32m    949[39m     x, y, kind, kwargs = [38;5;28mself[39m._get_call_args(
[32m    950[39m         plot_backend.[34m__name__[39m, [38;5;28mself[39m._parent, args, kwargs
[32m    951[39m     )
[32m    953[39m     kind = [38;5;28mself[39m._kind_aliases.get(kind, kind)

[36mFile [39m[32m~/work/notes/notes/.venv/lib/python3.12/site-packages/pandas/plotting/_core.py:1944[39m, in [36m_get_plot_backend[39m[34m(backend)[39m
[32m   1941[39m [38;5;28;01mif[39;00m backend_str [38;5;129;01min[39;00m _backends:
[32m   1942[39m     [38;5;28;01mreturn[39;00m _backends[backend_str]
[32m-> [39m[32m1944[39m module = [43m_load_backend[49m[43m([49m[43mbackend_str[49m[43m)[49m
[32m   1945[39m _backends[backend_str] = module
[32m   1946[39m [38;5;28;01mreturn[39;00m module

[36mFile [39m[32m~/work/notes/notes/.venv/lib/python3.12/site-packages/pandas/plotting/_core.py:1874[39m, in [36m_load_backend[39m[34m(backend)[39m
[32m   1872[39m         module = importlib.import_module([33m"[39m[33mpandas.plotting._matplotlib[39m[33m"[39m)
[32m   1873[39m     [38;5;28;01mexcept[39;00m [38;5;167;01mImportError[39;00m:
[32m-> [39m[32m1874[39m         [38;5;28;01mraise[39;00m [38;5;167;01mImportError[39;00m(
[32m   1875[39m             [33m"[39m[33mmatplotlib is required for plotting when the [39m[33m"[39m
[32m   1876[39m             [33m'[39m[33mdefault backend [39m[33m"[39m[33mmatplotlib[39m[33m"[39m[33m is selected.[39m[33m'[39m
[32m   1877[39m         ) [38;5;28;01mfrom[39;00m[38;5;250m [39m[38;5;28;01mNone[39;00m
[32m   1878[39m     [38;5;28;01mreturn[39;00m module
[32m   1880[39m found_backend = [38;5;28;01mFalse[39;00m

[31mImportError[39m: matplotlib is required for plotting when the default backend "matplotlib" is selected.

