Traceback (most recent call last):
  File "/usr/local/lib/python3.10/site-packages/jupyter_cache/executors/utils.py", line 58, in single_nb_execution
    executenb(
  File "/usr/local/lib/python3.10/site-packages/nbclient/client.py", line 1314, in execute
    return NotebookClient(nb=nb, resources=resources, km=km, **kwargs).execute()
  File "/usr/local/lib/python3.10/site-packages/jupyter_core/utils/__init__.py", line 165, in wrapped
    return loop.run_until_complete(inner)
  File "/usr/local/lib/python3.10/asyncio/base_events.py", line 649, in run_until_complete
    return future.result()
  File "/usr/local/lib/python3.10/site-packages/nbclient/client.py", line 709, in async_execute
    await self.async_execute_cell(
  File "/usr/local/lib/python3.10/site-packages/nbclient/client.py", line 1062, in async_execute_cell
    await self._check_raise_for_error(cell, cell_index, exec_reply)
  File "/usr/local/lib/python3.10/site-packages/nbclient/client.py", line 918, in _check_raise_for_error
    raise CellExecutionError.from_cell_and_msg(cell, exec_reply_content)
nbclient.exceptions.CellExecutionError: An error occurred while executing the following cell:
------------------
import statsmodels.api as sm
trees = sm.datasets.get_rdataset("trees", "datasets").data

import semopy
desc = """
    Volume ~ Height + Girth
    Height ~~ Height
    Girth ~~ Girth
    Height ~~ Girth
"""
model = semopy.Model(desc)
model.fit(trees)

from semopy.stats import get_baseline_model
baseline = get_baseline_model(model)
baseline.inspect()
------------------


[0;31m---------------------------------------------------------------------------[0m
[0;31mTimeoutError[0m                              Traceback (most recent call last)
Cell [0;32mIn[1], line 2[0m
[1;32m      1[0m [38;5;28;01mimport[39;00m [38;5;21;01mstatsmodels[39;00m[38;5;21;01m.[39;00m[38;5;21;01mapi[39;00m [38;5;28;01mas[39;00m [38;5;21;01msm[39;00m
[0;32m----> 2[0m trees [38;5;241m=[39m [43msm[49m[38;5;241;43m.[39;49m[43mdatasets[49m[38;5;241;43m.[39;49m[43mget_rdataset[49m[43m([49m[38;5;124;43m"[39;49m[38;5;124;43mtrees[39;49m[38;5;124;43m"[39;49m[43m,[49m[43m [49m[38;5;124;43m"[39;49m[38;5;124;43mdatasets[39;49m[38;5;124;43m"[39;49m[43m)[49m[38;5;241m.[39mdata
[1;32m      4[0m [38;5;28;01mimport[39;00m [38;5;21;01msemopy[39;00m
[1;32m      5[0m desc [38;5;241m=[39m [38;5;124m"""[39m
[1;32m      6[0m [38;5;124m    Volume ~ Height + Girth[39m
[1;32m      7[0m [38;5;124m    Height ~~ Height[39m
[1;32m      8[0m [38;5;124m    Girth ~~ Girth[39m
[1;32m      9[0m [38;5;124m    Height ~~ Girth[39m
[1;32m     10[0m [38;5;124m"""[39m

File [0;32m/usr/local/lib/python3.10/site-packages/statsmodels/datasets/utils.py:242[0m, in [0;36mget_rdataset[0;34m(dataname, package, cache)[0m
[1;32m    239[0m data [38;5;241m=[39m _maybe_reset_index(data)
[1;32m    241[0m title [38;5;241m=[39m _get_dataset_meta(dataname, package, cache)
[0;32m--> 242[0m doc, _ [38;5;241m=[39m [43m_get_data[49m[43m([49m[43mdocs_base_url[49m[43m,[49m[43m [49m[43mdataname[49m[43m,[49m[43m [49m[43mcache[49m[43m,[49m[43m [49m[38;5;124;43m"[39;49m[38;5;124;43mrst[39;49m[38;5;124;43m"[39;49m[43m)[49m
[1;32m    244[0m [38;5;28;01mreturn[39;00m Dataset(data[38;5;241m=[39mdata, [38;5;18m__doc__[39m[38;5;241m=[39mdoc[38;5;241m.[39mread(), package[38;5;241m=[39mpackage, title[38;5;241m=[39mtitle,
[1;32m    245[0m                from_cache[38;5;241m=[39mfrom_cache)

File [0;32m/usr/local/lib/python3.10/site-packages/statsmodels/datasets/utils.py:166[0m, in [0;36m_get_data[0;34m(base_url, dataname, cache, extension)[0m
[1;32m    164[0m url [38;5;241m=[39m base_url [38;5;241m+[39m (dataname [38;5;241m+[39m [38;5;124m"[39m[38;5;124m.[39m[38;5;132;01m%s[39;00m[38;5;124m"[39m) [38;5;241m%[39m extension
[1;32m    165[0m [38;5;28;01mtry[39;00m:
[0;32m--> 166[0m     data, from_cache [38;5;241m=[39m [43m_urlopen_cached[49m[43m([49m[43murl[49m[43m,[49m[43m [49m[43mcache[49m[43m)[49m
[1;32m    167[0m [38;5;28;01mexcept[39;00m HTTPError [38;5;28;01mas[39;00m err:
[1;32m    168[0m     [38;5;28;01mif[39;00m [38;5;124m'[39m[38;5;124m404[39m[38;5;124m'[39m [38;5;129;01min[39;00m [38;5;28mstr[39m(err):

File [0;32m/usr/local/lib/python3.10/site-packages/statsmodels/datasets/utils.py:157[0m, in [0;36m_urlopen_cached[0;34m(url, cache)[0m
[1;32m    155[0m [38;5;66;03m# not using the cache or did not find it in cache[39;00m
[1;32m    156[0m [38;5;28;01mif[39;00m [38;5;129;01mnot[39;00m from_cache:
[0;32m--> 157[0m     data [38;5;241m=[39m [43murlopen[49m[43m([49m[43murl[49m[43m,[49m[43m [49m[43mtimeout[49m[38;5;241;43m=[39;49m[38;5;241;43m3[39;49m[43m)[49m[38;5;241m.[39mread()
[1;32m    158[0m     [38;5;28;01mif[39;00m cache [38;5;129;01mis[39;00m [38;5;129;01mnot[39;00m [38;5;28;01mNone[39;00m:  [38;5;66;03m# then put it in the cache[39;00m
[1;32m    159[0m         _cache_it(data, cache_path)

File [0;32m/usr/local/lib/python3.10/urllib/request.py:216[0m, in [0;36murlopen[0;34m(url, data, timeout, cafile, capath, cadefault, context)[0m
[1;32m    214[0m [38;5;28;01melse[39;00m:
[1;32m    215[0m     opener [38;5;241m=[39m _opener
[0;32m--> 216[0m [38;5;28;01mreturn[39;00m [43mopener[49m[38;5;241;43m.[39;49m[43mopen[49m[43m([49m[43murl[49m[43m,[49m[43m [49m[43mdata[49m[43m,[49m[43m [49m[43mtimeout[49m[43m)[49m

File [0;32m/usr/local/lib/python3.10/urllib/request.py:519[0m, in [0;36mOpenerDirector.open[0;34m(self, fullurl, data, timeout)[0m
[1;32m    516[0m     req [38;5;241m=[39m meth(req)
[1;32m    518[0m sys[38;5;241m.[39maudit([38;5;124m'[39m[38;5;124murllib.Request[39m[38;5;124m'[39m, req[38;5;241m.[39mfull_url, req[38;5;241m.[39mdata, req[38;5;241m.[39mheaders, req[38;5;241m.[39mget_method())
[0;32m--> 519[0m response [38;5;241m=[39m [38;5;28;43mself[39;49m[38;5;241;43m.[39;49m[43m_open[49m[43m([49m[43mreq[49m[43m,[49m[43m [49m[43mdata[49m[43m)[49m
[1;32m    521[0m [38;5;66;03m# post-process response[39;00m
[1;32m    522[0m meth_name [38;5;241m=[39m protocol[38;5;241m+[39m[38;5;124m"[39m[38;5;124m_response[39m[38;5;124m"[39m

File [0;32m/usr/local/lib/python3.10/urllib/request.py:536[0m, in [0;36mOpenerDirector._open[0;34m(self, req, data)[0m
[1;32m    533[0m     [38;5;28;01mreturn[39;00m result
[1;32m    535[0m protocol [38;5;241m=[39m req[38;5;241m.[39mtype
[0;32m--> 536[0m result [38;5;241m=[39m [38;5;28;43mself[39;49m[38;5;241;43m.[39;49m[43m_call_chain[49m[43m([49m[38;5;28;43mself[39;49m[38;5;241;43m.[39;49m[43mhandle_open[49m[43m,[49m[43m [49m[43mprotocol[49m[43m,[49m[43m [49m[43mprotocol[49m[43m [49m[38;5;241;43m+[39;49m
[1;32m    537[0m [43m                          [49m[38;5;124;43m'[39;49m[38;5;124;43m_open[39;49m[38;5;124;43m'[39;49m[43m,[49m[43m [49m[43mreq[49m[43m)[49m
[1;32m    538[0m [38;5;28;01mif[39;00m result:
[1;32m    539[0m     [38;5;28;01mreturn[39;00m result

File [0;32m/usr/local/lib/python3.10/urllib/request.py:496[0m, in [0;36mOpenerDirector._call_chain[0;34m(self, chain, kind, meth_name, *args)[0m
[1;32m    494[0m [38;5;28;01mfor[39;00m handler [38;5;129;01min[39;00m handlers:
[1;32m    495[0m     func [38;5;241m=[39m [38;5;28mgetattr[39m(handler, meth_name)
[0;32m--> 496[0m     result [38;5;241m=[39m [43mfunc[49m[43m([49m[38;5;241;43m*[39;49m[43margs[49m[43m)[49m
[1;32m    497[0m     [38;5;28;01mif[39;00m result [38;5;129;01mis[39;00m [38;5;129;01mnot[39;00m [38;5;28;01mNone[39;00m:
[1;32m    498[0m         [38;5;28;01mreturn[39;00m result

File [0;32m/usr/local/lib/python3.10/urllib/request.py:1391[0m, in [0;36mHTTPSHandler.https_open[0;34m(self, req)[0m
[1;32m   1390[0m [38;5;28;01mdef[39;00m [38;5;21mhttps_open[39m([38;5;28mself[39m, req):
[0;32m-> 1391[0m     [38;5;28;01mreturn[39;00m [38;5;28;43mself[39;49m[38;5;241;43m.[39;49m[43mdo_open[49m[43m([49m[43mhttp[49m[38;5;241;43m.[39;49m[43mclient[49m[38;5;241;43m.[39;49m[43mHTTPSConnection[49m[43m,[49m[43m [49m[43mreq[49m[43m,[49m
[1;32m   1392[0m [43m        [49m[43mcontext[49m[38;5;241;43m=[39;49m[38;5;28;43mself[39;49m[38;5;241;43m.[39;49m[43m_context[49m[43m,[49m[43m [49m[43mcheck_hostname[49m[38;5;241;43m=[39;49m[38;5;28;43mself[39;49m[38;5;241;43m.[39;49m[43m_check_hostname[49m[43m)[49m

File [0;32m/usr/local/lib/python3.10/urllib/request.py:1352[0m, in [0;36mAbstractHTTPHandler.do_open[0;34m(self, http_class, req, **http_conn_args)[0m
[1;32m   1350[0m     [38;5;28;01mexcept[39;00m [38;5;167;01mOSError[39;00m [38;5;28;01mas[39;00m err: [38;5;66;03m# timeout error[39;00m
[1;32m   1351[0m         [38;5;28;01mraise[39;00m URLError(err)
[0;32m-> 1352[0m     r [38;5;241m=[39m [43mh[49m[38;5;241;43m.[39;49m[43mgetresponse[49m[43m([49m[43m)[49m
[1;32m   1353[0m [38;5;28;01mexcept[39;00m:
[1;32m   1354[0m     h[38;5;241m.[39mclose()

File [0;32m/usr/local/lib/python3.10/http/client.py:1375[0m, in [0;36mHTTPConnection.getresponse[0;34m(self)[0m
[1;32m   1373[0m [38;5;28;01mtry[39;00m:
[1;32m   1374[0m     [38;5;28;01mtry[39;00m:
[0;32m-> 1375[0m         [43mresponse[49m[38;5;241;43m.[39;49m[43mbegin[49m[43m([49m[43m)[49m
[1;32m   1376[0m     [38;5;28;01mexcept[39;00m [38;5;167;01mConnectionError[39;00m:
[1;32m   1377[0m         [38;5;28mself[39m[38;5;241m.[39mclose()

File [0;32m/usr/local/lib/python3.10/http/client.py:318[0m, in [0;36mHTTPResponse.begin[0;34m(self)[0m
[1;32m    316[0m [38;5;66;03m# read until we get a non-100 response[39;00m
[1;32m    317[0m [38;5;28;01mwhile[39;00m [38;5;28;01mTrue[39;00m:
[0;32m--> 318[0m     version, status, reason [38;5;241m=[39m [38;5;28;43mself[39;49m[38;5;241;43m.[39;49m[43m_read_status[49m[43m([49m[43m)[49m
[1;32m    319[0m     [38;5;28;01mif[39;00m status [38;5;241m!=[39m CONTINUE:
[1;32m    320[0m         [38;5;28;01mbreak[39;00m

File [0;32m/usr/local/lib/python3.10/http/client.py:279[0m, in [0;36mHTTPResponse._read_status[0;34m(self)[0m
[1;32m    278[0m [38;5;28;01mdef[39;00m [38;5;21m_read_status[39m([38;5;28mself[39m):
[0;32m--> 279[0m     line [38;5;241m=[39m [38;5;28mstr[39m([38;5;28;43mself[39;49m[38;5;241;43m.[39;49m[43mfp[49m[38;5;241;43m.[39;49m[43mreadline[49m[43m([49m[43m_MAXLINE[49m[43m [49m[38;5;241;43m+[39;49m[43m [49m[38;5;241;43m1[39;49m[43m)[49m, [38;5;124m"[39m[38;5;124miso-8859-1[39m[38;5;124m"[39m)
[1;32m    280[0m     [38;5;28;01mif[39;00m [38;5;28mlen[39m(line) [38;5;241m>[39m _MAXLINE:
[1;32m    281[0m         [38;5;28;01mraise[39;00m LineTooLong([38;5;124m"[39m[38;5;124mstatus line[39m[38;5;124m"[39m)

File [0;32m/usr/local/lib/python3.10/socket.py:717[0m, in [0;36mSocketIO.readinto[0;34m(self, b)[0m
[1;32m    715[0m [38;5;28;01mwhile[39;00m [38;5;28;01mTrue[39;00m:
[1;32m    716[0m     [38;5;28;01mtry[39;00m:
[0;32m--> 717[0m         [38;5;28;01mreturn[39;00m [38;5;28;43mself[39;49m[38;5;241;43m.[39;49m[43m_sock[49m[38;5;241;43m.[39;49m[43mrecv_into[49m[43m([49m[43mb[49m[43m)[49m
[1;32m    718[0m     [38;5;28;01mexcept[39;00m timeout:
[1;32m    719[0m         [38;5;28mself[39m[38;5;241m.[39m_timeout_occurred [38;5;241m=[39m [38;5;28;01mTrue[39;00m

File [0;32m/usr/local/lib/python3.10/ssl.py:1307[0m, in [0;36mSSLSocket.recv_into[0;34m(self, buffer, nbytes, flags)[0m
[1;32m   1303[0m     [38;5;28;01mif[39;00m flags [38;5;241m!=[39m [38;5;241m0[39m:
[1;32m   1304[0m         [38;5;28;01mraise[39;00m [38;5;167;01mValueError[39;00m(
[1;32m   1305[0m           [38;5;124m"[39m[38;5;124mnon-zero flags not allowed in calls to recv_into() on [39m[38;5;132;01m%s[39;00m[38;5;124m"[39m [38;5;241m%[39m
[1;32m   1306[0m           [38;5;28mself[39m[38;5;241m.[39m[38;5;18m__class__[39m)
[0;32m-> 1307[0m     [38;5;28;01mreturn[39;00m [38;5;28;43mself[39;49m[38;5;241;43m.[39;49m[43mread[49m[43m([49m[43mnbytes[49m[43m,[49m[43m [49m[43mbuffer[49m[43m)[49m
[1;32m   1308[0m [38;5;28;01melse[39;00m:
[1;32m   1309[0m     [38;5;28;01mreturn[39;00m [38;5;28msuper[39m()[38;5;241m.[39mrecv_into(buffer, nbytes, flags)

File [0;32m/usr/local/lib/python3.10/ssl.py:1163[0m, in [0;36mSSLSocket.read[0;34m(self, len, buffer)[0m
[1;32m   1161[0m [38;5;28;01mtry[39;00m:
[1;32m   1162[0m     [38;5;28;01mif[39;00m buffer [38;5;129;01mis[39;00m [38;5;129;01mnot[39;00m [38;5;28;01mNone[39;00m:
[0;32m-> 1163[0m         [38;5;28;01mreturn[39;00m [38;5;28;43mself[39;49m[38;5;241;43m.[39;49m[43m_sslobj[49m[38;5;241;43m.[39;49m[43mread[49m[43m([49m[38;5;28;43mlen[39;49m[43m,[49m[43m [49m[43mbuffer[49m[43m)[49m
[1;32m   1164[0m     [38;5;28;01melse[39;00m:
[1;32m   1165[0m         [38;5;28;01mreturn[39;00m [38;5;28mself[39m[38;5;241m.[39m_sslobj[38;5;241m.[39mread([38;5;28mlen[39m)

[0;31mTimeoutError[0m: The read operation timed out

