Traceback (most recent call last):
  File "/home/runner/work/notes/notes/.venv/lib/python3.12/site-packages/jupyter_core/utils/__init__.py", line 154, in wrapped
    asyncio.get_running_loop()
RuntimeError: no running event loop

During handling of the above exception, another exception occurred:

Traceback (most recent call last):
  File "/home/runner/work/notes/notes/.venv/lib/python3.12/site-packages/jupyter_cache/executors/utils.py", line 58, in single_nb_execution
    executenb(
  File "/home/runner/work/notes/notes/.venv/lib/python3.12/site-packages/nbclient/client.py", line 1319, in execute
    return NotebookClient(nb=nb, resources=resources, km=km, **kwargs).execute()
           ^^^^^^^^^^^^^^^^^^^^^^^^^^^^^^^^^^^^^^^^^^^^^^^^^^^^^^^^^^^^^^^^^^^^^
  File "/home/runner/work/notes/notes/.venv/lib/python3.12/site-packages/jupyter_core/utils/__init__.py", line 158, in wrapped
    return loop.run_until_complete(inner)
           ^^^^^^^^^^^^^^^^^^^^^^^^^^^^^^
  File "/usr/lib/python3.12/asyncio/base_events.py", line 687, in run_until_complete
    return future.result()
           ^^^^^^^^^^^^^^^
  File "/home/runner/work/notes/notes/.venv/lib/python3.12/site-packages/nbclient/client.py", line 709, in async_execute
    await self.async_execute_cell(
  File "/home/runner/work/notes/notes/.venv/lib/python3.12/site-packages/nbclient/client.py", line 1062, in async_execute_cell
    await self._check_raise_for_error(cell, cell_index, exec_reply)
  File "/home/runner/work/notes/notes/.venv/lib/python3.12/site-packages/nbclient/client.py", line 918, in _check_raise_for_error
    raise CellExecutionError.from_cell_and_msg(cell, exec_reply_content)
nbclient.exceptions.CellExecutionError: An error occurred while executing the following cell:
------------------
import scipy.linalg.lapack as lapack
x = V.copy()
c, info = lapack.dpotrf(x)
lapack.dpotri(c, overwrite_c=1)
c + c.T - np.diag(c.diagonal())
------------------


[31m---------------------------------------------------------------------------[39m
[31merror[39m                                     Traceback (most recent call last)
[36mCell[39m[36m [39m[32mIn[8][39m[32m, line 3[39m
[32m      1[39m [38;5;28;01mimport[39;00m[38;5;250m [39m[34;01mscipy[39;00m[34;01m.[39;00m[34;01mlinalg[39;00m[34;01m.[39;00m[34;01mlapack[39;00m[38;5;250m [39m[38;5;28;01mas[39;00m[38;5;250m [39m[34;01mlapack[39;00m
[32m      2[39m x = V.copy()
[32m----> [39m[32m3[39m c, info = [43mlapack[49m[43m.[49m[43mdpotrf[49m[43m([49m[43mx[49m[43m)[49m
[32m      4[39m lapack.dpotri(c, overwrite_c=[32m1[39m)
[32m      5[39m c + c.T - np.diag(c.diagonal())

[31merror[39m: (shape(a,0)==shape(a,1)) failed for 1st argument a

