Traceback (most recent call last):
  File "/opt/hostedtoolcache/Python/3.9.16/x64/lib/python3.9/site-packages/jupyter_cache/executors/utils.py", line 51, in single_nb_execution
    executenb(
  File "/opt/hostedtoolcache/Python/3.9.16/x64/lib/python3.9/site-packages/nbclient/client.py", line 1204, in execute
    return NotebookClient(nb=nb, resources=resources, km=km, **kwargs).execute()
  File "/opt/hostedtoolcache/Python/3.9.16/x64/lib/python3.9/site-packages/nbclient/util.py", line 84, in wrapped
    return just_run(coro(*args, **kwargs))
  File "/opt/hostedtoolcache/Python/3.9.16/x64/lib/python3.9/site-packages/nbclient/util.py", line 62, in just_run
    return loop.run_until_complete(coro)
  File "/opt/hostedtoolcache/Python/3.9.16/x64/lib/python3.9/asyncio/base_events.py", line 647, in run_until_complete
    return future.result()
  File "/opt/hostedtoolcache/Python/3.9.16/x64/lib/python3.9/site-packages/nbclient/client.py", line 663, in async_execute
    await self.async_execute_cell(
  File "/opt/hostedtoolcache/Python/3.9.16/x64/lib/python3.9/site-packages/nbclient/client.py", line 965, in async_execute_cell
    await self._check_raise_for_error(cell, cell_index, exec_reply)
  File "/opt/hostedtoolcache/Python/3.9.16/x64/lib/python3.9/site-packages/nbclient/client.py", line 862, in _check_raise_for_error
    raise CellExecutionError.from_cell_and_msg(cell, exec_reply_content)
nbclient.exceptions.CellExecutionError: An error occurred while executing the following cell:
------------------
from rdrobust import rdrobust, rdbwselect, rdplot
------------------

[0;31m---------------------------------------------------------------------------[0m
[0;31mModuleNotFoundError[0m                       Traceback (most recent call last)
Cell [0;32mIn[3], line 1[0m
[0;32m----> 1[0m [38;5;28;01mfrom[39;00m [38;5;21;01mrdrobust[39;00m [38;5;28;01mimport[39;00m rdrobust, rdbwselect, rdplot

File [0;32m/opt/hostedtoolcache/Python/3.9.16/x64/lib/python3.9/site-packages/rdrobust/__init__.py:5[0m
[1;32m      3[0m [38;5;28;01mfrom[39;00m [38;5;21;01m.[39;00m[38;5;21;01mrdrobust[39;00m [38;5;28;01mimport[39;00m rdrobust
[1;32m      4[0m [38;5;28;01mfrom[39;00m [38;5;21;01m.[39;00m[38;5;21;01mrdbwselect[39;00m [38;5;28;01mimport[39;00m rdbwselect
[0;32m----> 5[0m [38;5;28;01mfrom[39;00m [38;5;21;01m.[39;00m[38;5;21;01mrdplot[39;00m [38;5;28;01mimport[39;00m rdplot

File [0;32m/opt/hostedtoolcache/Python/3.9.16/x64/lib/python3.9/site-packages/rdrobust/rdplot.py:13[0m
[1;32m     11[0m [38;5;28;01mimport[39;00m [38;5;21;01mpandas[39;00m  [38;5;28;01mas[39;00m [38;5;21;01mpd[39;00m
[1;32m     12[0m [38;5;28;01mfrom[39;00m [38;5;21;01msklearn[39;00m[38;5;21;01m.[39;00m[38;5;21;01mlinear_model[39;00m [38;5;28;01mimport[39;00m LinearRegression [38;5;28;01mas[39;00m LR
[0;32m---> 13[0m [38;5;28;01mfrom[39;00m [38;5;21;01mplotnine[39;00m [38;5;28;01mimport[39;00m [38;5;241m*[39m
[1;32m     14[0m [38;5;28;01mfrom[39;00m [38;5;21;01m.[39;00m[38;5;21;01mfuns[39;00m [38;5;28;01mimport[39;00m [38;5;241m*[39m  [38;5;66;03m# relative path here .fun to make package[39;00m
[1;32m     17[0m [38;5;28;01mdef[39;00m [38;5;21mrdplot[39m(y, x, c [38;5;241m=[39m [38;5;241m0[39m, p [38;5;241m=[39m [38;5;241m4[39m, nbins [38;5;241m=[39m [38;5;28;01mNone[39;00m, binselect [38;5;241m=[39m [38;5;124m"[39m[38;5;124mesmv[39m[38;5;124m"[39m, scale [38;5;241m=[39m [38;5;28;01mNone[39;00m, 
[1;32m     18[0m                   kernel [38;5;241m=[39m [38;5;124m"[39m[38;5;124muni[39m[38;5;124m"[39m, weights [38;5;241m=[39m [38;5;28;01mNone[39;00m, h [38;5;241m=[39m [38;5;28;01mNone[39;00m, 
[1;32m     19[0m                   covs [38;5;241m=[39m [38;5;28;01mNone[39;00m,  covs_eval [38;5;241m=[39m [38;5;124m"[39m[38;5;124mmean[39m[38;5;124m"[39m, covs_drop [38;5;241m=[39m [38;5;28;01mTrue[39;00m,
[0;32m   (...)[0m
[1;32m     22[0m                   title [38;5;241m=[39m [38;5;28;01mNone[39;00m, x_label [38;5;241m=[39m [38;5;28;01mNone[39;00m, y_label [38;5;241m=[39m [38;5;28;01mNone[39;00m, x_lim [38;5;241m=[39m [38;5;28;01mNone[39;00m,
[1;32m     23[0m                   y_lim [38;5;241m=[39m [38;5;28;01mNone[39;00m, col_dots [38;5;241m=[39m [38;5;28;01mNone[39;00m, col_lines [38;5;241m=[39m [38;5;28;01mNone[39;00m):

File [0;32m/opt/hostedtoolcache/Python/3.9.16/x64/lib/python3.9/site-packages/plotnine/__init__.py:4[0m
[1;32m      1[0m [38;5;28;01mfrom[39;00m [38;5;21;01mimportlib[39;00m[38;5;21;01m.[39;00m[38;5;21;01mmetadata[39;00m [38;5;28;01mimport[39;00m PackageNotFoundError, version
[1;32m      3[0m [38;5;28;01mfrom[39;00m [38;5;21;01m.[39;00m[38;5;21;01mcoords[39;00m [38;5;28;01mimport[39;00m [38;5;241m*[39m
[0;32m----> 4[0m [38;5;28;01mfrom[39;00m [38;5;21;01m.[39;00m[38;5;21;01mfacets[39;00m [38;5;28;01mimport[39;00m [38;5;241m*[39m
[1;32m      5[0m [38;5;28;01mfrom[39;00m [38;5;21;01m.[39;00m[38;5;21;01mgeoms[39;00m [38;5;28;01mimport[39;00m [38;5;241m*[39m
[1;32m      6[0m [38;5;28;01mfrom[39;00m [38;5;21;01m.[39;00m[38;5;21;01mggplot[39;00m [38;5;28;01mimport[39;00m ggplot, ggsave, save_as_pdf_pages

File [0;32m/opt/hostedtoolcache/Python/3.9.16/x64/lib/python3.9/site-packages/plotnine/facets/__init__.py:4[0m
[1;32m      1[0m [38;5;124;03m"""[39;00m
[1;32m      2[0m [38;5;124;03mFacets[39;00m
[1;32m      3[0m [38;5;124;03m"""[39;00m
[0;32m----> 4[0m [38;5;28;01mfrom[39;00m [38;5;21;01m.[39;00m[38;5;21;01mfacet_grid[39;00m [38;5;28;01mimport[39;00m facet_grid
[1;32m      5[0m [38;5;28;01mfrom[39;00m [38;5;21;01m.[39;00m[38;5;21;01mfacet_null[39;00m [38;5;28;01mimport[39;00m facet_null
[1;32m      6[0m [38;5;28;01mfrom[39;00m [38;5;21;01m.[39;00m[38;5;21;01mfacet_wrap[39;00m [38;5;28;01mimport[39;00m facet_wrap

File [0;32m/opt/hostedtoolcache/Python/3.9.16/x64/lib/python3.9/site-packages/plotnine/facets/facet_grid.py:9[0m
[1;32m      7[0m [38;5;28;01mfrom[39;00m [38;5;21;01m.[39;00m[38;5;21;01m.[39;00m[38;5;21;01mexceptions[39;00m [38;5;28;01mimport[39;00m PlotnineError
[1;32m      8[0m [38;5;28;01mfrom[39;00m [38;5;21;01m.[39;00m[38;5;21;01m.[39;00m[38;5;21;01mutils[39;00m [38;5;28;01mimport[39;00m add_margins, cross_join, join_keys, match, ninteraction
[0;32m----> 9[0m [38;5;28;01mfrom[39;00m [38;5;21;01m.[39;00m[38;5;21;01mfacet[39;00m [38;5;28;01mimport[39;00m (
[1;32m     10[0m     add_missing_facets,
[1;32m     11[0m     combine_vars,
[1;32m     12[0m     eval_facet_vars,
[1;32m     13[0m     facet,
[1;32m     14[0m     layout_null,
[1;32m     15[0m )
[1;32m     16[0m [38;5;28;01mfrom[39;00m [38;5;21;01m.[39;00m[38;5;21;01mstrips[39;00m [38;5;28;01mimport[39;00m Strips, strip
[1;32m     18[0m [38;5;28;01mif[39;00m typing[38;5;241m.[39mTYPE_CHECKING:

File [0;32m/opt/hostedtoolcache/Python/3.9.16/x64/lib/python3.9/site-packages/plotnine/facets/facet.py:13[0m
[1;32m     10[0m [38;5;28;01mimport[39;00m [38;5;21;01mpandas[39;00m[38;5;21;01m.[39;00m[38;5;21;01mapi[39;00m[38;5;21;01m.[39;00m[38;5;21;01mtypes[39;00m [38;5;28;01mas[39;00m [38;5;21;01mpdtypes[39;00m
[1;32m     12[0m [38;5;28;01mfrom[39;00m [38;5;21;01m.[39;00m[38;5;21;01m.[39;00m[38;5;21;01mexceptions[39;00m [38;5;28;01mimport[39;00m PlotnineError
[0;32m---> 13[0m [38;5;28;01mfrom[39;00m [38;5;21;01m.[39;00m[38;5;21;01m.[39;00m[38;5;21;01mscales[39;00m[38;5;21;01m.[39;00m[38;5;21;01mscales[39;00m [38;5;28;01mimport[39;00m Scales
[1;32m     14[0m [38;5;28;01mfrom[39;00m [38;5;21;01m.[39;00m[38;5;21;01m.[39;00m[38;5;21;01mutils[39;00m [38;5;28;01mimport[39;00m cross_join, match
[1;32m     15[0m [38;5;28;01mfrom[39;00m [38;5;21;01m.[39;00m[38;5;21;01mstrips[39;00m [38;5;28;01mimport[39;00m Strips

File [0;32m/opt/hostedtoolcache/Python/3.9.16/x64/lib/python3.9/site-packages/plotnine/scales/__init__.py:5[0m
[1;32m      1[0m [38;5;124;03m"""[39;00m
[1;32m      2[0m [38;5;124;03mScales[39;00m
[1;32m      3[0m [38;5;124;03m"""[39;00m
[1;32m      4[0m [38;5;66;03m# limits[39;00m
[0;32m----> 5[0m [38;5;28;01mfrom[39;00m [38;5;21;01m.[39;00m[38;5;21;01mlimits[39;00m [38;5;28;01mimport[39;00m expand_limits, lims, xlim, ylim
[1;32m      7[0m [38;5;66;03m# alpha[39;00m
[1;32m      8[0m [38;5;28;01mfrom[39;00m [38;5;21;01m.[39;00m[38;5;21;01mscale_alpha[39;00m [38;5;28;01mimport[39;00m (
[1;32m      9[0m     scale_alpha,
[1;32m     10[0m     scale_alpha_continuous,  [38;5;66;03m# pyright: ignore[39;00m
[0;32m   (...)[0m
[1;32m     13[0m     scale_alpha_ordinal,
[1;32m     14[0m )

File [0;32m/opt/hostedtoolcache/Python/3.9.16/x64/lib/python3.9/site-packages/plotnine/scales/limits.py:7[0m
[1;32m      4[0m [38;5;28;01mimport[39;00m [38;5;21;01mpandas[39;00m [38;5;28;01mas[39;00m [38;5;21;01mpd[39;00m
[1;32m      6[0m [38;5;28;01mfrom[39;00m [38;5;21;01m.[39;00m[38;5;21;01m.[39;00m[38;5;21;01mexceptions[39;00m [38;5;28;01mimport[39;00m PlotnineError
[0;32m----> 7[0m [38;5;28;01mfrom[39;00m [38;5;21;01m.[39;00m[38;5;21;01m.[39;00m[38;5;21;01mgeoms[39;00m [38;5;28;01mimport[39;00m geom_blank
[1;32m      8[0m [38;5;28;01mfrom[39;00m [38;5;21;01m.[39;00m[38;5;21;01m.[39;00m[38;5;21;01mmapping[39;00m[38;5;21;01m.[39;00m[38;5;21;01maes[39;00m [38;5;28;01mimport[39;00m ALL_AESTHETICS, aes
[1;32m      9[0m [38;5;28;01mfrom[39;00m [38;5;21;01m.[39;00m[38;5;21;01m.[39;00m[38;5;21;01mscales[39;00m[38;5;21;01m.[39;00m[38;5;21;01mscales[39;00m [38;5;28;01mimport[39;00m make_scale

File [0;32m/opt/hostedtoolcache/Python/3.9.16/x64/lib/python3.9/site-packages/plotnine/geoms/__init__.py:5[0m
[1;32m      1[0m [38;5;124;03m"""[39;00m
[1;32m      2[0m [38;5;124;03mPlotting objects[39;00m
[1;32m      3[0m [38;5;124;03m"""[39;00m
[0;32m----> 5[0m [38;5;28;01mfrom[39;00m [38;5;21;01m.[39;00m[38;5;21;01mannotate[39;00m [38;5;28;01mimport[39;00m annotate
[1;32m      6[0m [38;5;28;01mfrom[39;00m [38;5;21;01m.[39;00m[38;5;21;01mannotation_logticks[39;00m [38;5;28;01mimport[39;00m annotation_logticks
[1;32m      7[0m [38;5;28;01mfrom[39;00m [38;5;21;01m.[39;00m[38;5;21;01mannotation_stripes[39;00m [38;5;28;01mimport[39;00m annotation_stripes

File [0;32m/opt/hostedtoolcache/Python/3.9.16/x64/lib/python3.9/site-packages/plotnine/geoms/annotate.py:8[0m
[1;32m      5[0m [38;5;28;01mimport[39;00m [38;5;21;01mpandas[39;00m [38;5;28;01mas[39;00m [38;5;21;01mpd[39;00m
[1;32m      7[0m [38;5;28;01mfrom[39;00m [38;5;21;01m.[39;00m[38;5;21;01m.[39;00m[38;5;21;01mexceptions[39;00m [38;5;28;01mimport[39;00m PlotnineError
[0;32m----> 8[0m [38;5;28;01mfrom[39;00m [38;5;21;01m.[39;00m[38;5;21;01m.[39;00m[38;5;21;01mgeoms[39;00m[38;5;21;01m.[39;00m[38;5;21;01mgeom[39;00m [38;5;28;01mimport[39;00m geom [38;5;28;01mas[39;00m geom_base_class
[1;32m      9[0m [38;5;28;01mfrom[39;00m [38;5;21;01m.[39;00m[38;5;21;01m.[39;00m[38;5;21;01mmapping[39;00m [38;5;28;01mimport[39;00m aes
[1;32m     10[0m [38;5;28;01mfrom[39;00m [38;5;21;01m.[39;00m[38;5;21;01m.[39;00m[38;5;21;01mmapping[39;00m[38;5;21;01m.[39;00m[38;5;21;01maes[39;00m [38;5;28;01mimport[39;00m POSITION_AESTHETICS

File [0;32m/opt/hostedtoolcache/Python/3.9.16/x64/lib/python3.9/site-packages/plotnine/geoms/geom.py:14[0m
[1;32m     12[0m [38;5;28;01mfrom[39;00m [38;5;21;01m.[39;00m[38;5;21;01m.[39;00m[38;5;21;01mmapping[39;00m[38;5;21;01m.[39;00m[38;5;21;01mevaluation[39;00m [38;5;28;01mimport[39;00m evaluate
[1;32m     13[0m [38;5;28;01mfrom[39;00m [38;5;21;01m.[39;00m[38;5;21;01m.[39;00m[38;5;21;01mpositions[39;00m[38;5;21;01m.[39;00m[38;5;21;01mposition[39;00m [38;5;28;01mimport[39;00m position
[0;32m---> 14[0m [38;5;28;01mfrom[39;00m [38;5;21;01m.[39;00m[38;5;21;01m.[39;00m[38;5;21;01mstats[39;00m[38;5;21;01m.[39;00m[38;5;21;01mstat[39;00m [38;5;28;01mimport[39;00m stat
[1;32m     15[0m [38;5;28;01mfrom[39;00m [38;5;21;01m.[39;00m[38;5;21;01m.[39;00m[38;5;21;01mutils[39;00m [38;5;28;01mimport[39;00m (
[1;32m     16[0m     Registry,
[1;32m     17[0m     copy_keys,
[0;32m   (...)[0m
[1;32m     21[0m     remove_missing,
[1;32m     22[0m )
[1;32m     24[0m [38;5;28;01mif[39;00m typing[38;5;241m.[39mTYPE_CHECKING:

File [0;32m/opt/hostedtoolcache/Python/3.9.16/x64/lib/python3.9/site-packages/plotnine/stats/__init__.py:4[0m
[1;32m      1[0m [38;5;124;03m"""[39;00m
[1;32m      2[0m [38;5;124;03mStatistics[39;00m
[1;32m      3[0m [38;5;124;03m"""[39;00m
[0;32m----> 4[0m [38;5;28;01mfrom[39;00m [38;5;21;01m.[39;00m[38;5;21;01mstat_bin[39;00m [38;5;28;01mimport[39;00m stat_bin
[1;32m      5[0m [38;5;28;01mfrom[39;00m [38;5;21;01m.[39;00m[38;5;21;01mstat_bin_2d[39;00m [38;5;28;01mimport[39;00m stat_bin2d, stat_bin_2d
[1;32m      6[0m [38;5;28;01mfrom[39;00m [38;5;21;01m.[39;00m[38;5;21;01mstat_bindot[39;00m [38;5;28;01mimport[39;00m stat_bindot

File [0;32m/opt/hostedtoolcache/Python/3.9.16/x64/lib/python3.9/site-packages/plotnine/stats/stat_bin.py:8[0m
[1;32m      6[0m [38;5;28;01mfrom[39;00m [38;5;21;01m.[39;00m[38;5;21;01m.[39;00m[38;5;21;01mexceptions[39;00m [38;5;28;01mimport[39;00m PlotnineError, PlotnineWarning
[1;32m      7[0m [38;5;28;01mfrom[39;00m [38;5;21;01m.[39;00m[38;5;21;01m.[39;00m[38;5;21;01mmapping[39;00m[38;5;21;01m.[39;00m[38;5;21;01mevaluation[39;00m [38;5;28;01mimport[39;00m after_stat
[0;32m----> 8[0m [38;5;28;01mfrom[39;00m [38;5;21;01m.[39;00m[38;5;21;01mbinning[39;00m [38;5;28;01mimport[39;00m (
[1;32m      9[0m     assign_bins,
[1;32m     10[0m     breaks_from_bins,
[1;32m     11[0m     breaks_from_binwidth,
[1;32m     12[0m     freedman_diaconis_bins,
[1;32m     13[0m )
[1;32m     14[0m [38;5;28;01mfrom[39;00m [38;5;21;01m.[39;00m[38;5;21;01mstat[39;00m [38;5;28;01mimport[39;00m stat
[1;32m     17[0m [38;5;129m@document[39m
[1;32m     18[0m [38;5;28;01mclass[39;00m [38;5;21;01mstat_bin[39;00m(stat):

File [0;32m/opt/hostedtoolcache/Python/3.9.16/x64/lib/python3.9/site-packages/plotnine/stats/binning.py:9[0m
[1;32m      6[0m [38;5;28;01mimport[39;00m [38;5;21;01mpandas[39;00m [38;5;28;01mas[39;00m [38;5;21;01mpd[39;00m
[1;32m      8[0m [38;5;28;01mfrom[39;00m [38;5;21;01m.[39;00m[38;5;21;01m.[39;00m[38;5;21;01mexceptions[39;00m [38;5;28;01mimport[39;00m PlotnineError
[0;32m----> 9[0m [38;5;28;01mfrom[39;00m [38;5;21;01m.[39;00m[38;5;21;01m.[39;00m[38;5;21;01mscales[39;00m[38;5;21;01m.[39;00m[38;5;21;01mscale[39;00m [38;5;28;01mimport[39;00m scale_discrete
[1;32m     11[0m [38;5;28;01mif[39;00m typing[38;5;241m.[39mTYPE_CHECKING:
[1;32m     12[0m     [38;5;28;01mfrom[39;00m [38;5;21;01mtyping[39;00m [38;5;28;01mimport[39;00m Optional

File [0;32m/opt/hostedtoolcache/Python/3.9.16/x64/lib/python3.9/site-packages/plotnine/scales/scale.py:10[0m
[1;32m      8[0m [38;5;28;01mimport[39;00m [38;5;21;01mnumpy[39;00m [38;5;28;01mas[39;00m [38;5;21;01mnp[39;00m
[1;32m      9[0m [38;5;28;01mimport[39;00m [38;5;21;01mpandas[39;00m [38;5;28;01mas[39;00m [38;5;21;01mpd[39;00m
[0;32m---> 10[0m [38;5;28;01mfrom[39;00m [38;5;21;01mmizani[39;00m[38;5;21;01m.[39;00m[38;5;21;01mbounds[39;00m [38;5;28;01mimport[39;00m censor, expand_range_distinct, rescale, zero_range
[1;32m     12[0m [38;5;28;01mfrom[39;00m [38;5;21;01m.[39;00m[38;5;21;01m.[39;00m[38;5;21;01mdoctools[39;00m [38;5;28;01mimport[39;00m document
[1;32m     13[0m [38;5;28;01mfrom[39;00m [38;5;21;01m.[39;00m[38;5;21;01m.[39;00m[38;5;21;01mexceptions[39;00m [38;5;28;01mimport[39;00m PlotnineError, PlotnineWarning

[0;31mModuleNotFoundError[0m: No module named 'mizani'
ModuleNotFoundError: No module named 'mizani'

