Traceback (most recent call last):
  File "/opt/hostedtoolcache/Python/3.9.16/x64/lib/python3.9/site-packages/jupyter_cache/executors/utils.py", line 51, in single_nb_execution
    executenb(
  File "/opt/hostedtoolcache/Python/3.9.16/x64/lib/python3.9/site-packages/nbclient/client.py", line 1204, in execute
    return NotebookClient(nb=nb, resources=resources, km=km, **kwargs).execute()
  File "/opt/hostedtoolcache/Python/3.9.16/x64/lib/python3.9/site-packages/nbclient/util.py", line 84, in wrapped
    return just_run(coro(*args, **kwargs))
  File "/opt/hostedtoolcache/Python/3.9.16/x64/lib/python3.9/site-packages/nbclient/util.py", line 62, in just_run
    return loop.run_until_complete(coro)
  File "/opt/hostedtoolcache/Python/3.9.16/x64/lib/python3.9/asyncio/base_events.py", line 647, in run_until_complete
    return future.result()
  File "/opt/hostedtoolcache/Python/3.9.16/x64/lib/python3.9/site-packages/nbclient/client.py", line 663, in async_execute
    await self.async_execute_cell(
  File "/opt/hostedtoolcache/Python/3.9.16/x64/lib/python3.9/site-packages/nbclient/client.py", line 965, in async_execute_cell
    await self._check_raise_for_error(cell, cell_index, exec_reply)
  File "/opt/hostedtoolcache/Python/3.9.16/x64/lib/python3.9/site-packages/nbclient/client.py", line 862, in _check_raise_for_error
    raise CellExecutionError.from_cell_and_msg(cell, exec_reply_content)
nbclient.exceptions.CellExecutionError: An error occurred while executing the following cell:
------------------
np.random.seed(0)

n = 100
x = np.random.uniform(low=0, high=1, size=n)

fig, ax = plt.subplots(dpi=90, figsize=[4, 2])
ax.hist(x)
ax.set(title="Histogram of Data")
ax.axvline(x.mean(), color="darkorange")
ax.text(x.mean() + 0.02, 1, f"æ¨™æœ¬å¹³å‡: {x.mean():.3f}", color="darkorange")
fig.show()
------------------

[0;31m---------------------------------------------------------------------------[0m
[0;31mNameError[0m                                 Traceback (most recent call last)
Cell [0;32mIn[1], line 1[0m
[0;32m----> 1[0m [43mnp[49m[38;5;241m.[39mrandom[38;5;241m.[39mseed([38;5;241m0[39m)
[1;32m      3[0m n [38;5;241m=[39m [38;5;241m100[39m
[1;32m      4[0m x [38;5;241m=[39m np[38;5;241m.[39mrandom[38;5;241m.[39muniform(low[38;5;241m=[39m[38;5;241m0[39m, high[38;5;241m=[39m[38;5;241m1[39m, size[38;5;241m=[39mn)

[0;31mNameError[0m: name 'np' is not defined
NameError: name 'np' is not defined

