Traceback (most recent call last):
  File "/home/runner/work/notes/notes/.venv/lib/python3.12/site-packages/jupyter_core/utils/__init__.py", line 154, in wrapped
    asyncio.get_running_loop()
RuntimeError: no running event loop

During handling of the above exception, another exception occurred:

Traceback (most recent call last):
  File "/home/runner/work/notes/notes/.venv/lib/python3.12/site-packages/jupyter_cache/executors/utils.py", line 58, in single_nb_execution
    executenb(
  File "/home/runner/work/notes/notes/.venv/lib/python3.12/site-packages/nbclient/client.py", line 1319, in execute
    return NotebookClient(nb=nb, resources=resources, km=km, **kwargs).execute()
           ^^^^^^^^^^^^^^^^^^^^^^^^^^^^^^^^^^^^^^^^^^^^^^^^^^^^^^^^^^^^^^^^^^^^^
  File "/home/runner/work/notes/notes/.venv/lib/python3.12/site-packages/jupyter_core/utils/__init__.py", line 158, in wrapped
    return loop.run_until_complete(inner)
           ^^^^^^^^^^^^^^^^^^^^^^^^^^^^^^
  File "/usr/lib/python3.12/asyncio/base_events.py", line 687, in run_until_complete
    return future.result()
           ^^^^^^^^^^^^^^^
  File "/home/runner/work/notes/notes/.venv/lib/python3.12/site-packages/nbclient/client.py", line 709, in async_execute
    await self.async_execute_cell(
  File "/home/runner/work/notes/notes/.venv/lib/python3.12/site-packages/nbclient/client.py", line 1062, in async_execute_cell
    await self._check_raise_for_error(cell, cell_index, exec_reply)
  File "/home/runner/work/notes/notes/.venv/lib/python3.12/site-packages/nbclient/client.py", line 918, in _check_raise_for_error
    raise CellExecutionError.from_cell_and_msg(cell, exec_reply_content)
nbclient.exceptions.CellExecutionError: An error occurred while executing the following cell:
------------------
def spiral_data(seed=1984):
    np.random.seed(seed)
    N = 100  # クラスごとのサンプル数
    DIM = 2  # データの要素数
    CLS_NUM = 3  # クラス数

    x = np.zeros((N*CLS_NUM, DIM))
    t = np.zeros((N*CLS_NUM, CLS_NUM), dtype=np.int)

    for j in range(CLS_NUM):
        for i in range(N):#N*j, N*(j+1)):
            rate = i / N
            radius = 1.0*rate
            theta = j*4.0 + 4.0*rate + np.random.randn()*0.2

            ix = N*j + i
            x[ix] = np.array([radius*np.sin(theta),
                              radius*np.cos(theta)]).flatten()
            t[ix, j] = 1

    return x, t


# ハイパーパラメータの設定
max_epoch = 300
batch_size = 30
hidden_size = 10
learning_rate = 1.0

x, t = spiral_data()
model = TwoLayerNet(input_size=2, hidden_size=hidden_size, output_size=3)

------------------


[31m---------------------------------------------------------------------------[39m
[31mAttributeError[39m                            Traceback (most recent call last)
[36mCell[39m[36m [39m[32mIn[5][39m[32m, line 30[39m
[32m     27[39m hidden_size = [32m10[39m
[32m     28[39m learning_rate = [32m1.0[39m
[32m---> [39m[32m30[39m x, t = [43mspiral_data[49m[43m([49m[43m)[49m
[32m     31[39m model = TwoLayerNet(input_size=[32m2[39m, hidden_size=hidden_size, output_size=[32m3[39m)

[36mCell[39m[36m [39m[32mIn[5][39m[32m, line 8[39m, in [36mspiral_data[39m[34m(seed)[39m
[32m      5[39m CLS_NUM = [32m3[39m  [38;5;66;03m# クラス数[39;00m
[32m      7[39m x = np.zeros((N*CLS_NUM, DIM))
[32m----> [39m[32m8[39m t = np.zeros((N*CLS_NUM, CLS_NUM), dtype=[43mnp[49m[43m.[49m[43mint[49m)
[32m     10[39m [38;5;28;01mfor[39;00m j [38;5;129;01min[39;00m [38;5;28mrange[39m(CLS_NUM):
[32m     11[39m     [38;5;28;01mfor[39;00m i [38;5;129;01min[39;00m [38;5;28mrange[39m(N):[38;5;66;03m#N*j, N*(j+1)):[39;00m

[36mFile [39m[32m~/work/notes/notes/.venv/lib/python3.12/site-packages/numpy/__init__.py:778[39m, in [36m__getattr__[39m[34m(attr)[39m
[32m    773[39m     warnings.warn(
[32m    774[39m         [33mf[39m[33m"[39m[33mIn the future `np.[39m[38;5;132;01m{[39;00mattr[38;5;132;01m}[39;00m[33m` will be defined as the [39m[33m"[39m
[32m    775[39m         [33m"[39m[33mcorresponding NumPy scalar.[39m[33m"[39m, [38;5;167;01mFutureWarning[39;00m, stacklevel=[32m2[39m)
[32m    777[39m [38;5;28;01mif[39;00m attr [38;5;129;01min[39;00m __former_attrs__:
[32m--> [39m[32m778[39m     [38;5;28;01mraise[39;00m [38;5;167;01mAttributeError[39;00m(__former_attrs__[attr], name=[38;5;28;01mNone[39;00m)
[32m    780[39m [38;5;28;01mif[39;00m attr [38;5;129;01min[39;00m __expired_attributes__:
[32m    781[39m     [38;5;28;01mraise[39;00m [38;5;167;01mAttributeError[39;00m(
[32m    782[39m         [33mf[39m[33m"[39m[33m`np.[39m[38;5;132;01m{[39;00mattr[38;5;132;01m}[39;00m[33m` was removed in the NumPy 2.0 release. [39m[33m"[39m
[32m    783[39m         [33mf[39m[33m"[39m[38;5;132;01m{[39;00m__expired_attributes__[attr][38;5;132;01m}[39;00m[33m"[39m,
[32m    784[39m         name=[38;5;28;01mNone[39;00m
[32m    785[39m     )

[31mAttributeError[39m: module 'numpy' has no attribute 'int'.
`np.int` was a deprecated alias for the builtin `int`. To avoid this error in existing code, use `int` by itself. Doing this will not modify any behavior and is safe. When replacing `np.int`, you may wish to use e.g. `np.int64` or `np.int32` to specify the precision. If you wish to review your current use, check the release note link for additional information.
The aliases was originally deprecated in NumPy 1.20; for more details and guidance see the original release note at:
    https://numpy.org/devdocs/release/1.20.0-notes.html#deprecations

