Traceback (most recent call last):
  File "/home/runner/work/notes/notes/.venv/lib/python3.10/site-packages/jupyter_core/utils/__init__.py", line 154, in wrapped
    asyncio.get_running_loop()
RuntimeError: no running event loop

During handling of the above exception, another exception occurred:

Traceback (most recent call last):
  File "/home/runner/work/notes/notes/.venv/lib/python3.10/site-packages/jupyter_cache/executors/utils.py", line 58, in single_nb_execution
    executenb(
  File "/home/runner/work/notes/notes/.venv/lib/python3.10/site-packages/nbclient/client.py", line 1319, in execute
    return NotebookClient(nb=nb, resources=resources, km=km, **kwargs).execute()
  File "/home/runner/work/notes/notes/.venv/lib/python3.10/site-packages/jupyter_core/utils/__init__.py", line 158, in wrapped
    return loop.run_until_complete(inner)
  File "/home/runner/.local/share/uv/python/cpython-3.10-linux-x86_64-gnu/lib/python3.10/asyncio/base_events.py", line 649, in run_until_complete
    return future.result()
  File "/home/runner/work/notes/notes/.venv/lib/python3.10/site-packages/nbclient/client.py", line 709, in async_execute
    await self.async_execute_cell(
  File "/home/runner/work/notes/notes/.venv/lib/python3.10/site-packages/nbclient/client.py", line 1062, in async_execute_cell
    await self._check_raise_for_error(cell, cell_index, exec_reply)
  File "/home/runner/work/notes/notes/.venv/lib/python3.10/site-packages/nbclient/client.py", line 918, in _check_raise_for_error
    raise CellExecutionError.from_cell_and_msg(cell, exec_reply_content)
nbclient.exceptions.CellExecutionError: An error occurred while executing the following cell:
------------------
from sortedcontainers import SortedList

sl = SortedList([5, 3, 7, 1, 4])
sl.add(6)
print(sl)              # SortedList([1, 3, 4, 5, 6, 7])
print(sl[0])           # 最小値: 1
print(sl[-1])          # 最大値: 7
sl.remove(3)
print(sl)              # SortedList([1, 4, 5, 6, 7])
print(sl.bisect_left(5))  # 5以上の最初のインデックス: 2
------------------


[0;31m---------------------------------------------------------------------------[0m
[0;31mModuleNotFoundError[0m                       Traceback (most recent call last)
Cell [0;32mIn[5], line 1[0m
[0;32m----> 1[0m [38;5;28;01mfrom[39;00m[38;5;250m [39m[38;5;21;01msortedcontainers[39;00m[38;5;250m [39m[38;5;28;01mimport[39;00m SortedList
[1;32m      3[0m sl [38;5;241m=[39m SortedList([[38;5;241m5[39m, [38;5;241m3[39m, [38;5;241m7[39m, [38;5;241m1[39m, [38;5;241m4[39m])
[1;32m      4[0m sl[38;5;241m.[39madd([38;5;241m6[39m)

[0;31mModuleNotFoundError[0m: No module named 'sortedcontainers'

