Traceback (most recent call last):
  File "/home/runner/work/notes/notes/.venv/lib/python3.12/site-packages/jupyter_core/utils/__init__.py", line 154, in wrapped
    asyncio.get_running_loop()
RuntimeError: no running event loop

During handling of the above exception, another exception occurred:

Traceback (most recent call last):
  File "/home/runner/work/notes/notes/.venv/lib/python3.12/site-packages/jupyter_cache/executors/utils.py", line 58, in single_nb_execution
    executenb(
  File "/home/runner/work/notes/notes/.venv/lib/python3.12/site-packages/nbclient/client.py", line 1319, in execute
    return NotebookClient(nb=nb, resources=resources, km=km, **kwargs).execute()
           ^^^^^^^^^^^^^^^^^^^^^^^^^^^^^^^^^^^^^^^^^^^^^^^^^^^^^^^^^^^^^^^^^^^^^
  File "/home/runner/work/notes/notes/.venv/lib/python3.12/site-packages/jupyter_core/utils/__init__.py", line 158, in wrapped
    return loop.run_until_complete(inner)
           ^^^^^^^^^^^^^^^^^^^^^^^^^^^^^^
  File "/usr/lib/python3.12/asyncio/base_events.py", line 687, in run_until_complete
    return future.result()
           ^^^^^^^^^^^^^^^
  File "/home/runner/work/notes/notes/.venv/lib/python3.12/site-packages/nbclient/client.py", line 709, in async_execute
    await self.async_execute_cell(
  File "/home/runner/work/notes/notes/.venv/lib/python3.12/site-packages/nbclient/client.py", line 1062, in async_execute_cell
    await self._check_raise_for_error(cell, cell_index, exec_reply)
  File "/home/runner/work/notes/notes/.venv/lib/python3.12/site-packages/nbclient/client.py", line 918, in _check_raise_for_error
    raise CellExecutionError.from_cell_and_msg(cell, exec_reply_content)
nbclient.exceptions.CellExecutionError: An error occurred while executing the following cell:
------------------
import pandas as pd
import matplotlib.pyplot as plt
import seaborn as sns
import yfinance as yf

start = "2016-01-01"
symbol_0 = "^TNX" # 米国10年もの国債
symbol_M = "^GSPC" # S&P500
symbol_m = "MCD" # マクドナルド

symbols = [symbol_0, symbol_M, symbol_m]
df_price = yf.download(symbols, start=start)["Adj Close"]
df_price
------------------

----- stderr -----
/tmp/ipykernel_4570/2605440001.py:12: FutureWarning: YF.download() has changed argument auto_adjust default to True
  df_price = yf.download(symbols, start=start)["Adj Close"]
----- stderr -----
[                       0%                       ]
----- stderr -----
[**********************67%*******                ]  2 of 3 completed
----- stderr -----
[*********************100%***********************]  3 of 3 completed
----- stderr -----

------------------

[31m---------------------------------------------------------------------------[39m
[31mKeyError[39m                                  Traceback (most recent call last)
[36mFile [39m[32m~/work/notes/notes/.venv/lib/python3.12/site-packages/pandas/core/indexes/base.py:3812[39m, in [36mIndex.get_loc[39m[34m(self, key)[39m
[32m   3811[39m [38;5;28;01mtry[39;00m:
[32m-> [39m[32m3812[39m     [38;5;28;01mreturn[39;00m [38;5;28;43mself[39;49m[43m.[49m[43m_engine[49m[43m.[49m[43mget_loc[49m[43m([49m[43mcasted_key[49m[43m)[49m
[32m   3813[39m [38;5;28;01mexcept[39;00m [38;5;167;01mKeyError[39;00m [38;5;28;01mas[39;00m err:

[36mFile [39m[32mpandas/_libs/index.pyx:167[39m, in [36mpandas._libs.index.IndexEngine.get_loc[39m[34m()[39m

[36mFile [39m[32mpandas/_libs/index.pyx:196[39m, in [36mpandas._libs.index.IndexEngine.get_loc[39m[34m()[39m

[36mFile [39m[32mpandas/_libs/hashtable_class_helper.pxi:7088[39m, in [36mpandas._libs.hashtable.PyObjectHashTable.get_item[39m[34m()[39m

[36mFile [39m[32mpandas/_libs/hashtable_class_helper.pxi:7096[39m, in [36mpandas._libs.hashtable.PyObjectHashTable.get_item[39m[34m()[39m

[31mKeyError[39m: 'Adj Close'

The above exception was the direct cause of the following exception:

[31mKeyError[39m                                  Traceback (most recent call last)
[36mCell[39m[36m [39m[32mIn[6][39m[32m, line 12[39m
[32m      9[39m symbol_m = [33m"[39m[33mMCD[39m[33m"[39m [38;5;66;03m# マクドナルド[39;00m
[32m     11[39m symbols = [symbol_0, symbol_M, symbol_m]
[32m---> [39m[32m12[39m df_price = [43myf[49m[43m.[49m[43mdownload[49m[43m([49m[43msymbols[49m[43m,[49m[43m [49m[43mstart[49m[43m=[49m[43mstart[49m[43m)[49m[43m[[49m[33;43m"[39;49m[33;43mAdj Close[39;49m[33;43m"[39;49m[43m][49m
[32m     13[39m df_price

[36mFile [39m[32m~/work/notes/notes/.venv/lib/python3.12/site-packages/pandas/core/frame.py:4112[39m, in [36mDataFrame.__getitem__[39m[34m(self, key)[39m
[32m   4110[39m [38;5;28;01mif[39;00m is_single_key:
[32m   4111[39m     [38;5;28;01mif[39;00m [38;5;28mself[39m.columns.nlevels > [32m1[39m:
[32m-> [39m[32m4112[39m         [38;5;28;01mreturn[39;00m [38;5;28;43mself[39;49m[43m.[49m[43m_getitem_multilevel[49m[43m([49m[43mkey[49m[43m)[49m
[32m   4113[39m     indexer = [38;5;28mself[39m.columns.get_loc(key)
[32m   4114[39m     [38;5;28;01mif[39;00m is_integer(indexer):

[36mFile [39m[32m~/work/notes/notes/.venv/lib/python3.12/site-packages/pandas/core/frame.py:4170[39m, in [36mDataFrame._getitem_multilevel[39m[34m(self, key)[39m
[32m   4168[39m [38;5;28;01mdef[39;00m[38;5;250m [39m[34m_getitem_multilevel[39m([38;5;28mself[39m, key):
[32m   4169[39m     [38;5;66;03m# self.columns is a MultiIndex[39;00m
[32m-> [39m[32m4170[39m     loc = [38;5;28;43mself[39;49m[43m.[49m[43mcolumns[49m[43m.[49m[43mget_loc[49m[43m([49m[43mkey[49m[43m)[49m
[32m   4171[39m     [38;5;28;01mif[39;00m [38;5;28misinstance[39m(loc, ([38;5;28mslice[39m, np.ndarray)):
[32m   4172[39m         new_columns = [38;5;28mself[39m.columns[loc]

[36mFile [39m[32m~/work/notes/notes/.venv/lib/python3.12/site-packages/pandas/core/indexes/multi.py:3059[39m, in [36mMultiIndex.get_loc[39m[34m(self, key)[39m
[32m   3056[39m     [38;5;28;01mreturn[39;00m mask
[32m   3058[39m [38;5;28;01mif[39;00m [38;5;129;01mnot[39;00m [38;5;28misinstance[39m(key, [38;5;28mtuple[39m):
[32m-> [39m[32m3059[39m     loc = [38;5;28;43mself[39;49m[43m.[49m[43m_get_level_indexer[49m[43m([49m[43mkey[49m[43m,[49m[43m [49m[43mlevel[49m[43m=[49m[32;43m0[39;49m[43m)[49m
[32m   3060[39m     [38;5;28;01mreturn[39;00m _maybe_to_slice(loc)
[32m   3062[39m keylen = [38;5;28mlen[39m(key)

[36mFile [39m[32m~/work/notes/notes/.venv/lib/python3.12/site-packages/pandas/core/indexes/multi.py:3410[39m, in [36mMultiIndex._get_level_indexer[39m[34m(self, key, level, indexer)[39m
[32m   3407[39m         [38;5;28;01mreturn[39;00m [38;5;28mslice[39m(i, j, step)
[32m   3409[39m [38;5;28;01melse[39;00m:
[32m-> [39m[32m3410[39m     idx = [38;5;28;43mself[39;49m[43m.[49m[43m_get_loc_single_level_index[49m[43m([49m[43mlevel_index[49m[43m,[49m[43m [49m[43mkey[49m[43m)[49m
[32m   3412[39m     [38;5;28;01mif[39;00m level > [32m0[39m [38;5;129;01mor[39;00m [38;5;28mself[39m._lexsort_depth == [32m0[39m:
[32m   3413[39m         [38;5;66;03m# Desired level is not sorted[39;00m
[32m   3414[39m         [38;5;28;01mif[39;00m [38;5;28misinstance[39m(idx, [38;5;28mslice[39m):
[32m   3415[39m             [38;5;66;03m# test_get_loc_partial_timestamp_multiindex[39;00m

[36mFile [39m[32m~/work/notes/notes/.venv/lib/python3.12/site-packages/pandas/core/indexes/multi.py:2999[39m, in [36mMultiIndex._get_loc_single_level_index[39m[34m(self, level_index, key)[39m
[32m   2997[39m     [38;5;28;01mreturn[39;00m -[32m1[39m
[32m   2998[39m [38;5;28;01melse[39;00m:
[32m-> [39m[32m2999[39m     [38;5;28;01mreturn[39;00m [43mlevel_index[49m[43m.[49m[43mget_loc[49m[43m([49m[43mkey[49m[43m)[49m

[36mFile [39m[32m~/work/notes/notes/.venv/lib/python3.12/site-packages/pandas/core/indexes/base.py:3819[39m, in [36mIndex.get_loc[39m[34m(self, key)[39m
[32m   3814[39m     [38;5;28;01mif[39;00m [38;5;28misinstance[39m(casted_key, [38;5;28mslice[39m) [38;5;129;01mor[39;00m (
[32m   3815[39m         [38;5;28misinstance[39m(casted_key, abc.Iterable)
[32m   3816[39m         [38;5;129;01mand[39;00m [38;5;28many[39m([38;5;28misinstance[39m(x, [38;5;28mslice[39m) [38;5;28;01mfor[39;00m x [38;5;129;01min[39;00m casted_key)
[32m   3817[39m     ):
[32m   3818[39m         [38;5;28;01mraise[39;00m InvalidIndexError(key)
[32m-> [39m[32m3819[39m     [38;5;28;01mraise[39;00m [38;5;167;01mKeyError[39;00m(key) [38;5;28;01mfrom[39;00m[38;5;250m [39m[34;01merr[39;00m
[32m   3820[39m [38;5;28;01mexcept[39;00m [38;5;167;01mTypeError[39;00m:
[32m   3821[39m     [38;5;66;03m# If we have a listlike key, _check_indexing_error will raise[39;00m
[32m   3822[39m     [38;5;66;03m#  InvalidIndexError. Otherwise we fall through and re-raise[39;00m
[32m   3823[39m     [38;5;66;03m#  the TypeError.[39;00m
[32m   3824[39m     [38;5;28mself[39m._check_indexing_error(key)

[31mKeyError[39m: 'Adj Close'

