Traceback (most recent call last):
  File "/home/runner/work/notes/notes/.venv/lib/python3.12/site-packages/jupyter_core/utils/__init__.py", line 154, in wrapped
    asyncio.get_running_loop()
RuntimeError: no running event loop

During handling of the above exception, another exception occurred:

Traceback (most recent call last):
  File "/home/runner/work/notes/notes/.venv/lib/python3.12/site-packages/jupyter_cache/executors/utils.py", line 58, in single_nb_execution
    executenb(
  File "/home/runner/work/notes/notes/.venv/lib/python3.12/site-packages/nbclient/client.py", line 1319, in execute
    return NotebookClient(nb=nb, resources=resources, km=km, **kwargs).execute()
           ^^^^^^^^^^^^^^^^^^^^^^^^^^^^^^^^^^^^^^^^^^^^^^^^^^^^^^^^^^^^^^^^^^^^^
  File "/home/runner/work/notes/notes/.venv/lib/python3.12/site-packages/jupyter_core/utils/__init__.py", line 158, in wrapped
    return loop.run_until_complete(inner)
           ^^^^^^^^^^^^^^^^^^^^^^^^^^^^^^
  File "/usr/lib/python3.12/asyncio/base_events.py", line 687, in run_until_complete
    return future.result()
           ^^^^^^^^^^^^^^^
  File "/home/runner/work/notes/notes/.venv/lib/python3.12/site-packages/nbclient/client.py", line 709, in async_execute
    await self.async_execute_cell(
  File "/home/runner/work/notes/notes/.venv/lib/python3.12/site-packages/nbclient/client.py", line 1062, in async_execute_cell
    await self._check_raise_for_error(cell, cell_index, exec_reply)
  File "/home/runner/work/notes/notes/.venv/lib/python3.12/site-packages/nbclient/client.py", line 918, in _check_raise_for_error
    raise CellExecutionError.from_cell_and_msg(cell, exec_reply_content)
nbclient.exceptions.CellExecutionError: An error occurred while executing the following cell:
------------------
# contour plot for the estimate
darfur_sense.plot()
------------------


[31m---------------------------------------------------------------------------[39m
[31mAttributeError[39m                            Traceback (most recent call last)
[36mCell[39m[36m [39m[32mIn[5][39m[32m, line 2[39m
[32m      1[39m [38;5;66;03m# contour plot for the estimate[39;00m
[32m----> [39m[32m2[39m [43mdarfur_sense[49m[43m.[49m[43mplot[49m[43m([49m[43m)[49m

[36mFile [39m[32m~/work/notes/notes/.venv/lib/python3.12/site-packages/sensemakr/main.py:443[39m, in [36mSensemakr.plot[39m[34m(self, plot_type, sensitivity_of, **kwargs)[39m
[32m    408[39m [38;5;250m[39m[33;03m"""[39;00m
[32m    409[39m [33;03mProvide the contour and extreme scenario sensitivity plots of the sensitivity analysis results obtained with the function Sensemakr.[39;00m
[32m    410[39m 
[32m   (...)[39m[32m    440[39m [33;03m>>> sensitivity = smkr.Sensemakr(fitted_model, treatment = "directlyharmed", benchmark_covariates = "female", kd = [1, 2, 3])[39;00m
[32m    441[39m [33;03m"""[39;00m
[32m    442[39m [38;5;28;01mif[39;00m plot_type == [33m'[39m[33mcontour[39m[33m'[39m:
[32m--> [39m[32m443[39m     [43msensitivity_plots[49m[43m.[49m[43movb_contour_plot[49m[43m([49m[43msense_obj[49m[43m=[49m[38;5;28;43mself[39;49m[43m,[49m[43msensitivity_of[49m[43m=[49m[43msensitivity_of[49m[43m,[49m[43m*[49m[43m*[49m[43mkwargs[49m[43m)[49m
[32m    444[39m [38;5;28;01melif[39;00m (plot_type == [33m'[39m[33mextreme[39m[33m'[39m) [38;5;129;01mand[39;00m (sensitivity_of == [33m'[39m[33mt-value[39m[33m'[39m):
[32m    445[39m     sys.exit([33m'[39m[33mError: extreme plot for t-value has not been implemented yet[39m[33m'[39m)

[36mFile [39m[32m~/work/notes/notes/.venv/lib/python3.12/site-packages/sensemakr/sensitivity_plots.py:186[39m, in [36movb_contour_plot[39m[34m(sense_obj, sensitivity_of, model, treatment, estimate, se, dof, benchmark_covariates, kd, ky, r2dz_x, r2yz_dx, bound_label, reduce, estimate_threshold, t_threshold, lim, lim_y, col_contour, col_thr_line, label_text, label_bump_x, label_bump_y, xlab, ylab, plot_margin_fraction, round_dig, n_levels)[39m
[32m    184[39m [38;5;28;01mif[39;00m round_thr [38;5;129;01min[39;00m cs_levels:
[32m    185[39m     threshold_index = cs_levels.index(round_thr)
[32m--> [39m[32m186[39m     [43mCS[49m[43m.[49m[43mcollections[49m[threshold_index].remove()
[32m    187[39m     [38;5;66;03m# There's a conflict in matplotlib 3.8.2 with this remove method and ax.clabel[39;00m
[32m    188[39m     [38;5;66;03m# I'm currently commenting the line ax.clabel out but maybe there's a different way to do remove[39;00m
[32m    189[39m     [38;5;66;03m#ax.clabel(CS, inline=1, fontsize=8, fmt="%1.3g", colors="gray", levels=np.delete(CS.levels, threshold_index))[39;00m
[32m    190[39m [38;5;28;01melse[39;00m:
[32m    191[39m     ax.clabel(CS, inline=[32m1[39m, fontsize=[32m8[39m, fmt=[33m"[39m[38;5;132;01m%1.3g[39;00m[33m"[39m, colors=[33m"[39m[33mgray[39m[33m"[39m, levels=CS.levels)

[31mAttributeError[39m: 'QuadContourSet' object has no attribute 'collections'

