Traceback (most recent call last):
  File "/home/runner/work/notes/notes/.venv/lib/python3.12/site-packages/jupyter_core/utils/__init__.py", line 154, in wrapped
    asyncio.get_running_loop()
RuntimeError: no running event loop

During handling of the above exception, another exception occurred:

Traceback (most recent call last):
  File "/home/runner/work/notes/notes/.venv/lib/python3.12/site-packages/jupyter_cache/executors/utils.py", line 58, in single_nb_execution
    executenb(
  File "/home/runner/work/notes/notes/.venv/lib/python3.12/site-packages/nbclient/client.py", line 1319, in execute
    return NotebookClient(nb=nb, resources=resources, km=km, **kwargs).execute()
           ^^^^^^^^^^^^^^^^^^^^^^^^^^^^^^^^^^^^^^^^^^^^^^^^^^^^^^^^^^^^^^^^^^^^^
  File "/home/runner/work/notes/notes/.venv/lib/python3.12/site-packages/jupyter_core/utils/__init__.py", line 158, in wrapped
    return loop.run_until_complete(inner)
           ^^^^^^^^^^^^^^^^^^^^^^^^^^^^^^
  File "/usr/lib/python3.12/asyncio/base_events.py", line 687, in run_until_complete
    return future.result()
           ^^^^^^^^^^^^^^^
  File "/home/runner/work/notes/notes/.venv/lib/python3.12/site-packages/nbclient/client.py", line 709, in async_execute
    await self.async_execute_cell(
  File "/home/runner/work/notes/notes/.venv/lib/python3.12/site-packages/nbclient/client.py", line 1062, in async_execute_cell
    await self._check_raise_for_error(cell, cell_index, exec_reply)
  File "/home/runner/work/notes/notes/.venv/lib/python3.12/site-packages/nbclient/client.py", line 918, in _check_raise_for_error
    raise CellExecutionError.from_cell_and_msg(cell, exec_reply_content)
nbclient.exceptions.CellExecutionError: An error occurred while executing the following cell:
------------------
import statsmodels.api as sm
cps = sm.datasets.get_rdataset("CPS1985", "AER").data.assign(log_wage = np.log(cps["wage"]))

fig, axes = plt.subplots(ncols=2, figsize=[8, 4])

reg = smf.ols('wage ~ education', data=cps).fit()
axes[0].scatter(cps["education"], cps["wage"], color="black", alpha=0.5
)axes[0].set(xlabel="education", ylabel="wage")
axes[0].plot(cps["education"], reg.predict(cps),
             label=f"wage = {reg.params['Intercept']:.3f} + {reg.params['education']:.3f} education")
axes[0].legend()


reg = smf.ols('log_wage ~ education', data=cps).fit()
axes[1].scatter(cps["education"], cps["log_wage"], color="black", alpha=0.5)
axes[1].set(xlabel="education", ylabel="log_wage")
axes[1].plot(cps["education"], reg.predict(cps),
             label=f"log_wage = {reg.params['Intercept']:.3f} + {reg.params['education']:.3f} education")
axes[1].legend()
------------------


  [36mCell[39m[36m [39m[32mIn[12][39m[32m, line 8[39m
[31m    [39m[31m)axes[0].set(xlabel="education", ylabel="wage")[39m
     ^
[31mSyntaxError[39m[31m:[39m invalid syntax


