Traceback (most recent call last):
  File "/home/runner/work/notes/notes/.venv/lib/python3.12/site-packages/jupyter_core/utils/__init__.py", line 154, in wrapped
    asyncio.get_running_loop()
RuntimeError: no running event loop

During handling of the above exception, another exception occurred:

Traceback (most recent call last):
  File "/home/runner/work/notes/notes/.venv/lib/python3.12/site-packages/jupyter_cache/executors/utils.py", line 58, in single_nb_execution
    executenb(
  File "/home/runner/work/notes/notes/.venv/lib/python3.12/site-packages/nbclient/client.py", line 1319, in execute
    return NotebookClient(nb=nb, resources=resources, km=km, **kwargs).execute()
           ^^^^^^^^^^^^^^^^^^^^^^^^^^^^^^^^^^^^^^^^^^^^^^^^^^^^^^^^^^^^^^^^^^^^^
  File "/home/runner/work/notes/notes/.venv/lib/python3.12/site-packages/jupyter_core/utils/__init__.py", line 158, in wrapped
    return loop.run_until_complete(inner)
           ^^^^^^^^^^^^^^^^^^^^^^^^^^^^^^
  File "/usr/lib/python3.12/asyncio/base_events.py", line 687, in run_until_complete
    return future.result()
           ^^^^^^^^^^^^^^^
  File "/home/runner/work/notes/notes/.venv/lib/python3.12/site-packages/nbclient/client.py", line 709, in async_execute
    await self.async_execute_cell(
  File "/home/runner/work/notes/notes/.venv/lib/python3.12/site-packages/nbclient/client.py", line 1062, in async_execute_cell
    await self._check_raise_for_error(cell, cell_index, exec_reply)
  File "/home/runner/work/notes/notes/.venv/lib/python3.12/site-packages/nbclient/client.py", line 918, in _check_raise_for_error
    raise CellExecutionError.from_cell_and_msg(cell, exec_reply_content)
nbclient.exceptions.CellExecutionError: An error occurred while executing the following cell:
------------------
from BI import bi

# Setup device------------------------------------------------
m = bi(platform='cpu')

# Import Data & Data Manipulation ------------------------------------------------
# Import
from importlib.resources import files
data_path = m.load.howell1(only_path = True)
m.data(data_path, sep=';') 

m.df = m.df[m.df.age > 18] # Subset data to adults
m.scale(['weight']) # Normalize
------------------


[31m---------------------------------------------------------------------------[39m
[31mAttributeError[39m                            Traceback (most recent call last)
[36mCell[39m[36m [39m[32mIn[1][39m[32m, line 1[39m
[32m----> [39m[32m1[39m [38;5;28;01mfrom[39;00m[38;5;250m [39m[34;01mBI[39;00m[38;5;250m [39m[38;5;28;01mimport[39;00m bi
[32m      3[39m [38;5;66;03m# Setup device------------------------------------------------[39;00m
[32m      4[39m m = bi(platform=[33m'[39m[33mcpu[39m[33m'[39m)

[36mFile [39m[32m~/work/notes/notes/.venv/lib/python3.12/site-packages/BI/__init__.py:1[39m
[32m----> [39m[32m1[39m [38;5;28;01mfrom[39;00m[38;5;250m [39m[34;01m.[39;00m[34;01mMain[39;00m[34;01m.[39;00m[34;01mmain[39;00m[38;5;250m [39m[38;5;28;01mimport[39;00m *

[36mFile [39m[32m~/work/notes/notes/.venv/lib/python3.12/site-packages/BI/Main/main.py:15[39m
[32m     13[39m [38;5;28;01mfrom[39;00m[38;5;250m [39m[34;01mnumpyro[39;00m[38;5;250m [39m[38;5;28;01mimport[39;00m handlers
[32m     14[39m [38;5;28;01mimport[39;00m[38;5;250m [39m[34;01mnumpyro[39;00m
[32m---> [39m[32m15[39m [38;5;28;01mimport[39;00m[38;5;250m [39m[34;01marviz[39;00m[38;5;250m [39m[38;5;28;01mas[39;00m[38;5;250m [39m[34;01maz[39;00m
[32m     17[39m [38;5;28;01mimport[39;00m[38;5;250m [39m[34;01mrandom[39;00m[38;5;250m [39m[38;5;28;01mas[39;00m[38;5;250m [39m[34;01mpyrand[39;00m
[32m     18[39m [38;5;28;01mimport[39;00m[38;5;250m [39m[34;01mfunctools[39;00m

[36mFile [39m[32m~/work/notes/notes/.venv/lib/python3.12/site-packages/arviz/__init__.py:44[39m
[32m     42[39m [38;5;66;03m# add ArviZ's styles to matplotlib's styles[39;00m
[32m     43[39m _arviz_style_path = os.path.join(os.path.dirname([34m__file__[39m), [33m"[39m[33mplots[39m[33m"[39m, [33m"[39m[33mstyles[39m[33m"[39m)
[32m---> [39m[32m44[39m [43mstyle[49m[43m.[49m[43mcore[49m.USER_LIBRARY_PATHS.append(_arviz_style_path)
[32m     45[39m style.core.reload_library()
[32m     48[39m [38;5;28;01mif[39;00m [38;5;129;01mnot[39;00m logging.root.handlers:

[31mAttributeError[39m: module 'matplotlib.style' has no attribute 'core'

