Traceback (most recent call last):
  File "/home/runner/work/notes/notes/.venv/lib/python3.12/site-packages/jupyter_core/utils/__init__.py", line 154, in wrapped
    asyncio.get_running_loop()
RuntimeError: no running event loop

During handling of the above exception, another exception occurred:

Traceback (most recent call last):
  File "/home/runner/work/notes/notes/.venv/lib/python3.12/site-packages/jupyter_cache/executors/utils.py", line 58, in single_nb_execution
    executenb(
  File "/home/runner/work/notes/notes/.venv/lib/python3.12/site-packages/nbclient/client.py", line 1319, in execute
    return NotebookClient(nb=nb, resources=resources, km=km, **kwargs).execute()
           ^^^^^^^^^^^^^^^^^^^^^^^^^^^^^^^^^^^^^^^^^^^^^^^^^^^^^^^^^^^^^^^^^^^^^
  File "/home/runner/work/notes/notes/.venv/lib/python3.12/site-packages/jupyter_core/utils/__init__.py", line 158, in wrapped
    return loop.run_until_complete(inner)
           ^^^^^^^^^^^^^^^^^^^^^^^^^^^^^^
  File "/usr/lib/python3.12/asyncio/base_events.py", line 687, in run_until_complete
    return future.result()
           ^^^^^^^^^^^^^^^
  File "/home/runner/work/notes/notes/.venv/lib/python3.12/site-packages/nbclient/client.py", line 709, in async_execute
    await self.async_execute_cell(
  File "/home/runner/work/notes/notes/.venv/lib/python3.12/site-packages/nbclient/client.py", line 1062, in async_execute_cell
    await self._check_raise_for_error(cell, cell_index, exec_reply)
  File "/home/runner/work/notes/notes/.venv/lib/python3.12/site-packages/nbclient/client.py", line 918, in _check_raise_for_error
    raise CellExecutionError.from_cell_and_msg(cell, exec_reply_content)
nbclient.exceptions.CellExecutionError: An error occurred while executing the following cell:
------------------
import pymc as pm
import numpy as np

with pm.Model() as m:
    alpha = pm.Normal("alpha", mu=0.0, sigma=5.0)
    beta  = pm.Normal("beta",  mu=0.0, sigma=2.0, shape=K)
    sigma = pm.HalfNormal("sigma", sigma=2.0)

    mu = alpha + pm.math.dot(X, beta)
    y_obs = pm.Normal("y", mu=mu, sigma=sigma, observed=y)

    idata = pm.sample(
        draws=1000,
        tune=1000,
        chains=4,
        random_seed=0,
        target_accept=0.8,
    )

# ArviZでまとめて比較しやすい
import arviz as az
display(az.summary(idata, var_names=["alpha","beta","sigma"]))
------------------


[31m---------------------------------------------------------------------------[39m
[31mAttributeError[39m                            Traceback (most recent call last)
[36mCell[39m[36m [39m[32mIn[3][39m[32m, line 1[39m
[32m----> [39m[32m1[39m [38;5;28;01mimport[39;00m[38;5;250m [39m[34;01mpymc[39;00m[38;5;250m [39m[38;5;28;01mas[39;00m[38;5;250m [39m[34;01mpm[39;00m
[32m      2[39m [38;5;28;01mimport[39;00m[38;5;250m [39m[34;01mnumpy[39;00m[38;5;250m [39m[38;5;28;01mas[39;00m[38;5;250m [39m[34;01mnp[39;00m
[32m      4[39m [38;5;28;01mwith[39;00m pm.Model() [38;5;28;01mas[39;00m m:

[36mFile [39m[32m~/work/notes/notes/.venv/lib/python3.12/site-packages/pymc/__init__.py:50[39m
[32m     45[39m     pytensor.config.gcc__cxxflags = augmented
[32m     48[39m __set_compiler_flags()
[32m---> [39m[32m50[39m [38;5;28;01mfrom[39;00m[38;5;250m [39m[34;01mpymc[39;00m[38;5;250m [39m[38;5;28;01mimport[39;00m _version, gp, ode, sampling
[32m     51[39m [38;5;28;01mfrom[39;00m[38;5;250m [39m[34;01mpymc[39;00m[34;01m.[39;00m[34;01mbackends[39;00m[38;5;250m [39m[38;5;28;01mimport[39;00m *
[32m     52[39m [38;5;28;01mfrom[39;00m[38;5;250m [39m[34;01mpymc[39;00m[34;01m.[39;00m[34;01mblocking[39;00m[38;5;250m [39m[38;5;28;01mimport[39;00m *

[36mFile [39m[32m~/work/notes/notes/.venv/lib/python3.12/site-packages/pymc/gp/__init__.py:17[39m
[32m      1[39m [38;5;66;03m#   Copyright 2024 - present The PyMC Developers[39;00m
[32m      2[39m [38;5;66;03m#[39;00m
[32m      3[39m [38;5;66;03m#   Licensed under the Apache License, Version 2.0 (the "License");[39;00m
[32m   (...)[39m[32m     12[39m [38;5;66;03m#   See the License for the specific language governing permissions and[39;00m
[32m     13[39m [38;5;66;03m#   limitations under the License.[39;00m
[32m     15[39m [33;03m"""Gaussian Processes."""[39;00m
[32m---> [39m[32m17[39m [38;5;28;01mfrom[39;00m[38;5;250m [39m[34;01mpymc[39;00m[34;01m.[39;00m[34;01mgp[39;00m[38;5;250m [39m[38;5;28;01mimport[39;00m cov, mean, util
[32m     18[39m [38;5;28;01mfrom[39;00m[38;5;250m [39m[34;01mpymc[39;00m[34;01m.[39;00m[34;01mgp[39;00m[34;01m.[39;00m[34;01mgp[39;00m[38;5;250m [39m[38;5;28;01mimport[39;00m (
[32m     19[39m     TP,
[32m     20[39m     Latent,
[32m   (...)[39m[32m     25[39m     MarginalSparse,
[32m     26[39m )
[32m     27[39m [38;5;28;01mfrom[39;00m[38;5;250m [39m[34;01mpymc[39;00m[34;01m.[39;00m[34;01mgp[39;00m[34;01m.[39;00m[34;01mhsgp_approx[39;00m[38;5;250m [39m[38;5;28;01mimport[39;00m HSGP, HSGPPeriodic

[36mFile [39m[32m~/work/notes/notes/.venv/lib/python3.12/site-packages/pymc/gp/cov.py:52[39m
[32m     29[39m [38;5;28;01mfrom[39;00m[38;5;250m [39m[34;01mpytensor[39;00m[34;01m.[39;00m[34;01mtensor[39;00m[34;01m.[39;00m[34;01mvariable[39;00m[38;5;250m [39m[38;5;28;01mimport[39;00m TensorConstant, TensorVariable
[32m     31[39m __all__ = [
[32m     32[39m     [33m"[39m[33mConstant[39m[33m"[39m,
[32m     33[39m     [33m"[39m[33mCoregion[39m[33m"[39m,
[32m   (...)[39m[32m     49[39m     [33m"[39m[33mWrappedPeriodic[39m[33m"[39m,
[32m     50[39m ]
[32m---> [39m[32m52[39m [38;5;28;01mfrom[39;00m[38;5;250m [39m[34;01mpymc[39;00m[34;01m.[39;00m[34;01mpytensorf[39;00m[38;5;250m [39m[38;5;28;01mimport[39;00m constant_fold
[32m     54[39m TensorLike = np.ndarray | TensorVariable
[32m     55[39m IntSequence = np.ndarray | Sequence[[38;5;28mint[39m]

[36mFile [39m[32m~/work/notes/notes/.venv/lib/python3.12/site-packages/pymc/pytensorf.py:54[39m
[32m     51[39m [38;5;28;01mfrom[39;00m[38;5;250m [39m[34;01mpytensor[39;00m[34;01m.[39;00m[34;01mtensor[39;00m[34;01m.[39;00m[34;01mvariable[39;00m[38;5;250m [39m[38;5;28;01mimport[39;00m TensorVariable
[32m     53[39m [38;5;28;01mfrom[39;00m[38;5;250m [39m[34;01mpymc[39;00m[34;01m.[39;00m[34;01mexceptions[39;00m[38;5;250m [39m[38;5;28;01mimport[39;00m NotConstantValueError
[32m---> [39m[32m54[39m [38;5;28;01mfrom[39;00m[38;5;250m [39m[34;01mpymc[39;00m[34;01m.[39;00m[34;01mutil[39;00m[38;5;250m [39m[38;5;28;01mimport[39;00m makeiter
[32m     55[39m [38;5;28;01mfrom[39;00m[38;5;250m [39m[34;01mpymc[39;00m[34;01m.[39;00m[34;01mvartypes[39;00m[38;5;250m [39m[38;5;28;01mimport[39;00m continuous_types, isgenerator, typefilter
[32m     57[39m PotentialShapeType = [38;5;28mint[39m | np.ndarray | Sequence[[38;5;28mint[39m | Variable] | TensorVariable

[36mFile [39m[32m~/work/notes/notes/.venv/lib/python3.12/site-packages/pymc/util.py:23[39m
[32m     20[39m [38;5;28;01mfrom[39;00m[38;5;250m [39m[34;01mcopy[39;00m[38;5;250m [39m[38;5;28;01mimport[39;00m deepcopy
[32m     21[39m [38;5;28;01mfrom[39;00m[38;5;250m [39m[34;01mtyping[39;00m[38;5;250m [39m[38;5;28;01mimport[39;00m NewType, cast
[32m---> [39m[32m23[39m [38;5;28;01mimport[39;00m[38;5;250m [39m[34;01marviz[39;00m
[32m     24[39m [38;5;28;01mimport[39;00m[38;5;250m [39m[34;01mcloudpickle[39;00m
[32m     25[39m [38;5;28;01mimport[39;00m[38;5;250m [39m[34;01mnumpy[39;00m[38;5;250m [39m[38;5;28;01mas[39;00m[38;5;250m [39m[34;01mnp[39;00m

[36mFile [39m[32m~/work/notes/notes/.venv/lib/python3.12/site-packages/arviz/__init__.py:44[39m
[32m     42[39m [38;5;66;03m# add ArviZ's styles to matplotlib's styles[39;00m
[32m     43[39m _arviz_style_path = os.path.join(os.path.dirname([34m__file__[39m), [33m"[39m[33mplots[39m[33m"[39m, [33m"[39m[33mstyles[39m[33m"[39m)
[32m---> [39m[32m44[39m [43mstyle[49m[43m.[49m[43mcore[49m.USER_LIBRARY_PATHS.append(_arviz_style_path)
[32m     45[39m style.core.reload_library()
[32m     48[39m [38;5;28;01mif[39;00m [38;5;129;01mnot[39;00m logging.root.handlers:

[31mAttributeError[39m: module 'matplotlib.style' has no attribute 'core'

