Traceback (most recent call last):
  File "/home/runner/work/notes/notes/.venv/lib/python3.12/site-packages/jupyter_core/utils/__init__.py", line 154, in wrapped
    asyncio.get_running_loop()
RuntimeError: no running event loop

During handling of the above exception, another exception occurred:

Traceback (most recent call last):
  File "/home/runner/work/notes/notes/.venv/lib/python3.12/site-packages/jupyter_cache/executors/utils.py", line 58, in single_nb_execution
    executenb(
  File "/home/runner/work/notes/notes/.venv/lib/python3.12/site-packages/nbclient/client.py", line 1319, in execute
    return NotebookClient(nb=nb, resources=resources, km=km, **kwargs).execute()
           ^^^^^^^^^^^^^^^^^^^^^^^^^^^^^^^^^^^^^^^^^^^^^^^^^^^^^^^^^^^^^^^^^^^^^
  File "/home/runner/work/notes/notes/.venv/lib/python3.12/site-packages/jupyter_core/utils/__init__.py", line 158, in wrapped
    return loop.run_until_complete(inner)
           ^^^^^^^^^^^^^^^^^^^^^^^^^^^^^^
  File "/usr/lib/python3.12/asyncio/base_events.py", line 687, in run_until_complete
    return future.result()
           ^^^^^^^^^^^^^^^
  File "/home/runner/work/notes/notes/.venv/lib/python3.12/site-packages/nbclient/client.py", line 709, in async_execute
    await self.async_execute_cell(
  File "/home/runner/work/notes/notes/.venv/lib/python3.12/site-packages/nbclient/client.py", line 1062, in async_execute_cell
    await self._check_raise_for_error(cell, cell_index, exec_reply)
  File "/home/runner/work/notes/notes/.venv/lib/python3.12/site-packages/nbclient/client.py", line 918, in _check_raise_for_error
    raise CellExecutionError.from_cell_and_msg(cell, exec_reply_content)
nbclient.exceptions.CellExecutionError: An error occurred while executing the following cell:
------------------
%%timeit
# ボトムアップ（表形式）
def fib_bottom_up(n: int) -> int:
    if n <= 1:
        return n
    dp = [0] * (n + 1)
    dp[1] = 1
    
    # 状態を配列に保存してforループにする → O(n)
    for i in range(2, n + 1):
        dp[i] = dp[i - 1] + dp[i - 2]
    return dp[n]

fib_bottom_up(n)
------------------


[31m---------------------------------------------------------------------------[39m
[31mNameError[39m                                 Traceback (most recent call last)
[36mCell[39m[36m [39m[32mIn[2][39m[32m, line 1[39m
[32m----> [39m[32m1[39m [43mget_ipython[49m[43m([49m[43m)[49m[43m.[49m[43mrun_cell_magic[49m[43m([49m[33;43m'[39;49m[33;43mtimeit[39;49m[33;43m'[39;49m[43m,[49m[43m [49m[33;43m'[39;49m[33;43m'[39;49m[43m,[49m[43m [49m[33;43m'[39;49m[33;43m# ボトムアップ（表形式）[39;49m[38;5;130;43;01m\n[39;49;00m[33;43mdef fib_bottom_up(n: int) -> int:[39;49m[38;5;130;43;01m\n[39;49;00m[33;43m    if n <= 1:[39;49m[38;5;130;43;01m\n[39;49;00m[33;43m        return n[39;49m[38;5;130;43;01m\n[39;49;00m[33;43m    dp = [0] * (n + 1)[39;49m[38;5;130;43;01m\n[39;49;00m[33;43m    dp[1] = 1[39;49m[38;5;130;43;01m\n[39;49;00m[38;5;130;43;01m\n[39;49;00m[33;43m    # 状態を配列に保存してforループにする → O(n)[39;49m[38;5;130;43;01m\n[39;49;00m[33;43m    for i in range(2, n + 1):[39;49m[38;5;130;43;01m\n[39;49;00m[33;43m        dp[i] = dp[i - 1] + dp[i - 2][39;49m[38;5;130;43;01m\n[39;49;00m[33;43m    return dp[n][39;49m[38;5;130;43;01m\n[39;49;00m[38;5;130;43;01m\n[39;49;00m[33;43mfib_bottom_up(n)[39;49m[38;5;130;43;01m\n[39;49;00m[33;43m'[39;49m[43m)[49m

[36mFile [39m[32m~/work/notes/notes/.venv/lib/python3.12/site-packages/IPython/core/interactiveshell.py:2565[39m, in [36mInteractiveShell.run_cell_magic[39m[34m(self, magic_name, line, cell)[39m
[32m   2563[39m [38;5;28;01mwith[39;00m [38;5;28mself[39m.builtin_trap:
[32m   2564[39m     args = (magic_arg_s, cell)
[32m-> [39m[32m2565[39m     result = [43mfn[49m[43m([49m[43m*[49m[43margs[49m[43m,[49m[43m [49m[43m*[49m[43m*[49m[43mkwargs[49m[43m)[49m
[32m   2567[39m [38;5;66;03m# The code below prevents the output from being displayed[39;00m
[32m   2568[39m [38;5;66;03m# when using magics with decorator @output_can_be_silenced[39;00m
[32m   2569[39m [38;5;66;03m# when the last Python token in the expression is a ';'.[39;00m
[32m   2570[39m [38;5;28;01mif[39;00m [38;5;28mgetattr[39m(fn, magic.MAGIC_OUTPUT_CAN_BE_SILENCED, [38;5;28;01mFalse[39;00m):

[36mFile [39m[32m~/work/notes/notes/.venv/lib/python3.12/site-packages/IPython/core/magics/execution.py:1227[39m, in [36mExecutionMagics.timeit[39m[34m(self, line, cell, local_ns)[39m
[32m   1225[39m [38;5;28;01mfor[39;00m index [38;5;129;01min[39;00m [38;5;28mrange[39m([32m0[39m, [32m10[39m):
[32m   1226[39m     number = [32m10[39m ** index
[32m-> [39m[32m1227[39m     time_number = [43mtimer[49m[43m.[49m[43mtimeit[49m[43m([49m[43mnumber[49m[43m)[49m
[32m   1228[39m     [38;5;28;01mif[39;00m time_number >= [32m0.2[39m:
[32m   1229[39m         [38;5;28;01mbreak[39;00m

[36mFile [39m[32m~/work/notes/notes/.venv/lib/python3.12/site-packages/IPython/core/magics/execution.py:184[39m, in [36mTimer.timeit[39m[34m(self, number)[39m
[32m    182[39m gc.disable()
[32m    183[39m [38;5;28;01mtry[39;00m:
[32m--> [39m[32m184[39m     timing = [38;5;28;43mself[39;49m[43m.[49m[43minner[49m[43m([49m[43mit[49m[43m,[49m[43m [49m[38;5;28;43mself[39;49m[43m.[49m[43mtimer[49m[43m)[49m
[32m    185[39m [38;5;28;01mfinally[39;00m:
[32m    186[39m     [38;5;28;01mif[39;00m gcold:

[36mFile [39m[32m<magic-timeit>:13[39m, in [36minner[39m[34m(_it, _timer)[39m

[31mNameError[39m: name 'n' is not defined

