Traceback (most recent call last):
  File "/home/runner/work/notes/notes/.venv/lib/python3.12/site-packages/jupyter_core/utils/__init__.py", line 154, in wrapped
    asyncio.get_running_loop()
RuntimeError: no running event loop

During handling of the above exception, another exception occurred:

Traceback (most recent call last):
  File "/home/runner/work/notes/notes/.venv/lib/python3.12/site-packages/jupyter_cache/executors/utils.py", line 58, in single_nb_execution
    executenb(
  File "/home/runner/work/notes/notes/.venv/lib/python3.12/site-packages/nbclient/client.py", line 1319, in execute
    return NotebookClient(nb=nb, resources=resources, km=km, **kwargs).execute()
           ^^^^^^^^^^^^^^^^^^^^^^^^^^^^^^^^^^^^^^^^^^^^^^^^^^^^^^^^^^^^^^^^^^^^^
  File "/home/runner/work/notes/notes/.venv/lib/python3.12/site-packages/jupyter_core/utils/__init__.py", line 158, in wrapped
    return loop.run_until_complete(inner)
           ^^^^^^^^^^^^^^^^^^^^^^^^^^^^^^
  File "/usr/lib/python3.12/asyncio/base_events.py", line 687, in run_until_complete
    return future.result()
           ^^^^^^^^^^^^^^^
  File "/home/runner/work/notes/notes/.venv/lib/python3.12/site-packages/nbclient/client.py", line 709, in async_execute
    await self.async_execute_cell(
  File "/home/runner/work/notes/notes/.venv/lib/python3.12/site-packages/nbclient/client.py", line 1062, in async_execute_cell
    await self._check_raise_for_error(cell, cell_index, exec_reply)
  File "/home/runner/work/notes/notes/.venv/lib/python3.12/site-packages/nbclient/client.py", line 918, in _check_raise_for_error
    raise CellExecutionError.from_cell_and_msg(cell, exec_reply_content)
nbclient.exceptions.CellExecutionError: An error occurred while executing the following cell:
------------------
# 予測値を算出
y_pred = model.predict(X)

# 予測誤差を評価
from sklearn.metrics import mean_squared_error
rmse = mean_squared_error(y, y_pred, squared=False)

print(f"RMSE: {rmse:.3f}")
------------------


[31m---------------------------------------------------------------------------[39m
[31mTypeError[39m                                 Traceback (most recent call last)
[36mCell[39m[36m [39m[32mIn[8][39m[32m, line 6[39m
[32m      4[39m [38;5;66;03m# 予測誤差を評価[39;00m
[32m      5[39m [38;5;28;01mfrom[39;00m[38;5;250m [39m[34;01msklearn[39;00m[34;01m.[39;00m[34;01mmetrics[39;00m[38;5;250m [39m[38;5;28;01mimport[39;00m mean_squared_error
[32m----> [39m[32m6[39m rmse = [43mmean_squared_error[49m[43m([49m[43my[49m[43m,[49m[43m [49m[43my_pred[49m[43m,[49m[43m [49m[43msquared[49m[43m=[49m[38;5;28;43;01mFalse[39;49;00m[43m)[49m
[32m      8[39m [38;5;28mprint[39m([33mf[39m[33m"[39m[33mRMSE: [39m[38;5;132;01m{[39;00mrmse[38;5;132;01m:[39;00m[33m.3f[39m[38;5;132;01m}[39;00m[33m"[39m)

[36mFile [39m[32m~/work/notes/notes/.venv/lib/python3.12/site-packages/sklearn/utils/_param_validation.py:194[39m, in [36mvalidate_params.<locals>.decorator.<locals>.wrapper[39m[34m(*args, **kwargs)[39m
[32m    191[39m func_sig = signature(func)
[32m    193[39m [38;5;66;03m# Map *args/**kwargs to the function signature[39;00m
[32m--> [39m[32m194[39m params = [43mfunc_sig[49m[43m.[49m[43mbind[49m[43m([49m[43m*[49m[43margs[49m[43m,[49m[43m [49m[43m*[49m[43m*[49m[43mkwargs[49m[43m)[49m
[32m    195[39m params.apply_defaults()
[32m    197[39m [38;5;66;03m# ignore self/cls and positional/keyword markers[39;00m

[36mFile [39m[32m/usr/lib/python3.12/inspect.py:3242[39m, in [36mSignature.bind[39m[34m(self, *args, **kwargs)[39m
[32m   3237[39m [38;5;28;01mdef[39;00m[38;5;250m [39m[34mbind[39m([38;5;28mself[39m, /, *args, **kwargs):
[32m   3238[39m [38;5;250m    [39m[33;03m"""Get a BoundArguments object, that maps the passed `args`[39;00m
[32m   3239[39m [33;03m    and `kwargs` to the function's signature.  Raises `TypeError`[39;00m
[32m   3240[39m [33;03m    if the passed arguments can not be bound.[39;00m
[32m   3241[39m [33;03m    """[39;00m
[32m-> [39m[32m3242[39m     [38;5;28;01mreturn[39;00m [38;5;28;43mself[39;49m[43m.[49m[43m_bind[49m[43m([49m[43margs[49m[43m,[49m[43m [49m[43mkwargs[49m[43m)[49m

[36mFile [39m[32m/usr/lib/python3.12/inspect.py:3231[39m, in [36mSignature._bind[39m[34m(self, args, kwargs, partial)[39m
[32m   3229[39m         arguments[kwargs_param.name] = kwargs
[32m   3230[39m     [38;5;28;01melse[39;00m:
[32m-> [39m[32m3231[39m         [38;5;28;01mraise[39;00m [38;5;167;01mTypeError[39;00m(
[32m   3232[39m             [33m'[39m[33mgot an unexpected keyword argument [39m[38;5;132;01m{arg!r}[39;00m[33m'[39m.format(
[32m   3233[39m                 arg=[38;5;28mnext[39m([38;5;28miter[39m(kwargs))))
[32m   3235[39m [38;5;28;01mreturn[39;00m [38;5;28mself[39m._bound_arguments_cls([38;5;28mself[39m, arguments)

[31mTypeError[39m: got an unexpected keyword argument 'squared'

