Traceback (most recent call last):
  File "/home/runner/work/notes/notes/.venv/lib/python3.12/site-packages/jupyter_core/utils/__init__.py", line 154, in wrapped
    asyncio.get_running_loop()
RuntimeError: no running event loop

During handling of the above exception, another exception occurred:

Traceback (most recent call last):
  File "/home/runner/work/notes/notes/.venv/lib/python3.12/site-packages/jupyter_cache/executors/utils.py", line 58, in single_nb_execution
    executenb(
  File "/home/runner/work/notes/notes/.venv/lib/python3.12/site-packages/nbclient/client.py", line 1319, in execute
    return NotebookClient(nb=nb, resources=resources, km=km, **kwargs).execute()
           ^^^^^^^^^^^^^^^^^^^^^^^^^^^^^^^^^^^^^^^^^^^^^^^^^^^^^^^^^^^^^^^^^^^^^
  File "/home/runner/work/notes/notes/.venv/lib/python3.12/site-packages/jupyter_core/utils/__init__.py", line 158, in wrapped
    return loop.run_until_complete(inner)
           ^^^^^^^^^^^^^^^^^^^^^^^^^^^^^^
  File "/usr/lib/python3.12/asyncio/base_events.py", line 687, in run_until_complete
    return future.result()
           ^^^^^^^^^^^^^^^
  File "/home/runner/work/notes/notes/.venv/lib/python3.12/site-packages/nbclient/client.py", line 709, in async_execute
    await self.async_execute_cell(
  File "/home/runner/work/notes/notes/.venv/lib/python3.12/site-packages/nbclient/client.py", line 1062, in async_execute_cell
    await self._check_raise_for_error(cell, cell_index, exec_reply)
  File "/home/runner/work/notes/notes/.venv/lib/python3.12/site-packages/nbclient/client.py", line 918, in _check_raise_for_error
    raise CellExecutionError.from_cell_and_msg(cell, exec_reply_content)
nbclient.exceptions.CellExecutionError: An error occurred while executing the following cell:
------------------
import cmath
import numpy as np
import matplotlib.pyplot as plt

fig, ax = plt.subplots(figsize=(4, 3))
ax.set_aspect('equal', 'box')

# 軸を描画
ax.arrow(-1.2, 0, 2.4, 0, head_width=0.05, head_length=0.1, fc='black', ec='black', length_includes_head=True)
ax.arrow(0, -1.2, 0, 2.4, head_width=0.05, head_length=0.1, fc='black', ec='black', length_includes_head=True)

ax.text(1.3, 0, "1", fontsize=14, color='black')
ax.text(0, 1.3, "i", fontsize=14, color='black')

ax.set_aspect('equal', adjustable='datalim')
ax.spines['top'].set_visible(False)
ax.spines['right'].set_visible(False)
ax.spines['left'].set_visible(False)
ax.spines['bottom'].set_visible(False)
ax.set(xticks=[], yticks=[])
ax.set(xlim=(-1.2, 1.2), ylim=(-1.2, 1.2))

# 単位円
unit_circle = plt.Circle((0, 0), 1, color='gray', fill=False)
ax.add_artist(unit_circle)

# 偶数のN
n = 8
omega_n = cmath.exp(2j * cmath.pi / n)

ax.plot([0, omega_n.real], [0, omega_n.imag], color="gray", linestyle='-', linewidth=0.8)
t = 2 * np.pi / n
theta = np.linspace(0, t, 100)
x = np.cos(theta) * 0.2
y = np.sin(theta) * 0.2
ax.plot(x, y, color="gray", linewidth=1)

for k in range(n):
    omega = omega_n**k
    ax.plot(omega.real, omega.imag, 'o', color="gray")
    ax.text(omega.real + 0.02, omega.imag + 0.02, rf'$\omega_N^{k}$', fontsize=10, color="dimgray", ha='left')

plt.show()
------------------

----- stderr -----

A module that was compiled using NumPy 1.x cannot be run in
NumPy 2.3.3 as it may crash. To support both 1.x and 2.x
versions of NumPy, modules must be compiled with NumPy 2.0.
Some module may need to rebuild instead e.g. with 'pybind11>=2.12'.

If you are a user of the module, the easiest solution will be to
downgrade to 'numpy<2' or try to upgrade the affected module.
We expect that some modules will need time to support NumPy 2.

Traceback (most recent call last):  File "<frozen runpy>", line 198, in _run_module_as_main
  File "<frozen runpy>", line 88, in _run_code
  File "/home/runner/work/notes/notes/.venv/lib/python3.12/site-packages/ipykernel_launcher.py", line 18, in <module>
    app.launch_new_instance()
  File "/home/runner/work/notes/notes/.venv/lib/python3.12/site-packages/traitlets/config/application.py", line 1075, in launch_instance
    app.start()
  File "/home/runner/work/notes/notes/.venv/lib/python3.12/site-packages/ipykernel/kernelapp.py", line 739, in start
    self.io_loop.start()
  File "/home/runner/work/notes/notes/.venv/lib/python3.12/site-packages/tornado/platform/asyncio.py", line 211, in start
    self.asyncio_loop.run_forever()
  File "/usr/lib/python3.12/asyncio/base_events.py", line 641, in run_forever
    self._run_once()
  File "/usr/lib/python3.12/asyncio/base_events.py", line 1987, in _run_once
    handle._run()
  File "/usr/lib/python3.12/asyncio/events.py", line 88, in _run
    self._context.run(self._callback, *self._args)
  File "/home/runner/work/notes/notes/.venv/lib/python3.12/site-packages/ipykernel/kernelbase.py", line 545, in dispatch_queue
    await self.process_one()
  File "/home/runner/work/notes/notes/.venv/lib/python3.12/site-packages/ipykernel/kernelbase.py", line 534, in process_one
    await dispatch(*args)
  File "/home/runner/work/notes/notes/.venv/lib/python3.12/site-packages/ipykernel/kernelbase.py", line 437, in dispatch_shell
    await result
  File "/home/runner/work/notes/notes/.venv/lib/python3.12/site-packages/ipykernel/ipkernel.py", line 362, in execute_request
    await super().execute_request(stream, ident, parent)
  File "/home/runner/work/notes/notes/.venv/lib/python3.12/site-packages/ipykernel/kernelbase.py", line 778, in execute_request
    reply_content = await reply_content
  File "/home/runner/work/notes/notes/.venv/lib/python3.12/site-packages/ipykernel/ipkernel.py", line 449, in do_execute
    res = shell.run_cell(
  File "/home/runner/work/notes/notes/.venv/lib/python3.12/site-packages/ipykernel/zmqshell.py", line 549, in run_cell
    return super().run_cell(*args, **kwargs)
  File "/home/runner/work/notes/notes/.venv/lib/python3.12/site-packages/IPython/core/interactiveshell.py", line 3116, in run_cell
    result = self._run_cell(
  File "/home/runner/work/notes/notes/.venv/lib/python3.12/site-packages/IPython/core/interactiveshell.py", line 3171, in _run_cell
    result = runner(coro)
  File "/home/runner/work/notes/notes/.venv/lib/python3.12/site-packages/IPython/core/async_helpers.py", line 128, in _pseudo_sync_runner
    coro.send(None)
  File "/home/runner/work/notes/notes/.venv/lib/python3.12/site-packages/IPython/core/interactiveshell.py", line 3394, in run_cell_async
    has_raised = await self.run_ast_nodes(code_ast.body, cell_name,
  File "/home/runner/work/notes/notes/.venv/lib/python3.12/site-packages/IPython/core/interactiveshell.py", line 3639, in run_ast_nodes
    if await self.run_code(code, result, async_=asy):
  File "/home/runner/work/notes/notes/.venv/lib/python3.12/site-packages/IPython/core/interactiveshell.py", line 3699, in run_code
    exec(code_obj, self.user_global_ns, self.user_ns)
  File "/tmp/ipykernel_9832/2369960626.py", line 3, in <module>
    import matplotlib.pyplot as plt
  File "/home/runner/work/notes/notes/.venv/lib/python3.12/site-packages/matplotlib/__init__.py", line 131, in <module>
    from . import _api, _version, cbook, _docstring, rcsetup
  File "/home/runner/work/notes/notes/.venv/lib/python3.12/site-packages/matplotlib/rcsetup.py", line 27, in <module>
    from matplotlib.colors import Colormap, is_color_like
  File "/home/runner/work/notes/notes/.venv/lib/python3.12/site-packages/matplotlib/colors.py", line 56, in <module>
    from matplotlib import _api, _cm, cbook, scale
  File "/home/runner/work/notes/notes/.venv/lib/python3.12/site-packages/matplotlib/scale.py", line 22, in <module>
    from matplotlib.ticker import (
  File "/home/runner/work/notes/notes/.venv/lib/python3.12/site-packages/matplotlib/ticker.py", line 138, in <module>
    from matplotlib import transforms as mtransforms
  File "/home/runner/work/notes/notes/.venv/lib/python3.12/site-packages/matplotlib/transforms.py", line 49, in <module>
    from matplotlib._path import (
------------------

[31m---------------------------------------------------------------------------[39m
[31mImportError[39m                               Traceback (most recent call last)
[36mCell[39m[36m [39m[32mIn[1][39m[32m, line 3[39m
[32m      1[39m [38;5;28;01mimport[39;00m[38;5;250m [39m[34;01mcmath[39;00m
[32m      2[39m [38;5;28;01mimport[39;00m[38;5;250m [39m[34;01mnumpy[39;00m[38;5;250m [39m[38;5;28;01mas[39;00m[38;5;250m [39m[34;01mnp[39;00m
[32m----> [39m[32m3[39m [38;5;28;01mimport[39;00m[38;5;250m [39m[34;01mmatplotlib[39;00m[34;01m.[39;00m[34;01mpyplot[39;00m[38;5;250m [39m[38;5;28;01mas[39;00m[38;5;250m [39m[34;01mplt[39;00m
[32m      5[39m fig, ax = plt.subplots(figsize=([32m4[39m, [32m3[39m))
[32m      6[39m ax.set_aspect([33m'[39m[33mequal[39m[33m'[39m, [33m'[39m[33mbox[39m[33m'[39m)

[36mFile [39m[32m~/work/notes/notes/.venv/lib/python3.12/site-packages/matplotlib/__init__.py:131[39m
[32m    127[39m [38;5;28;01mfrom[39;00m[38;5;250m [39m[34;01mpackaging[39;00m[34;01m.[39;00m[34;01mversion[39;00m[38;5;250m [39m[38;5;28;01mimport[39;00m parse [38;5;28;01mas[39;00m parse_version
[32m    129[39m [38;5;66;03m# cbook must import matplotlib only within function[39;00m
[32m    130[39m [38;5;66;03m# definitions, so it is safe to import from it here.[39;00m
[32m--> [39m[32m131[39m [38;5;28;01mfrom[39;00m[38;5;250m [39m[34;01m.[39;00m[38;5;250m [39m[38;5;28;01mimport[39;00m _api, _version, cbook, _docstring, rcsetup
[32m    132[39m [38;5;28;01mfrom[39;00m[38;5;250m [39m[34;01mmatplotlib[39;00m[34;01m.[39;00m[34;01mcbook[39;00m[38;5;250m [39m[38;5;28;01mimport[39;00m sanitize_sequence
[32m    133[39m [38;5;28;01mfrom[39;00m[38;5;250m [39m[34;01mmatplotlib[39;00m[34;01m.[39;00m[34;01m_api[39;00m[38;5;250m [39m[38;5;28;01mimport[39;00m MatplotlibDeprecationWarning

[36mFile [39m[32m~/work/notes/notes/.venv/lib/python3.12/site-packages/matplotlib/rcsetup.py:27[39m
[32m     25[39m [38;5;28;01mfrom[39;00m[38;5;250m [39m[34;01mmatplotlib[39;00m[38;5;250m [39m[38;5;28;01mimport[39;00m _api, cbook
[32m     26[39m [38;5;28;01mfrom[39;00m[38;5;250m [39m[34;01mmatplotlib[39;00m[34;01m.[39;00m[34;01mcbook[39;00m[38;5;250m [39m[38;5;28;01mimport[39;00m ls_mapper
[32m---> [39m[32m27[39m [38;5;28;01mfrom[39;00m[38;5;250m [39m[34;01mmatplotlib[39;00m[34;01m.[39;00m[34;01mcolors[39;00m[38;5;250m [39m[38;5;28;01mimport[39;00m Colormap, is_color_like
[32m     28[39m [38;5;28;01mfrom[39;00m[38;5;250m [39m[34;01mmatplotlib[39;00m[34;01m.[39;00m[34;01m_fontconfig_pattern[39;00m[38;5;250m [39m[38;5;28;01mimport[39;00m parse_fontconfig_pattern
[32m     29[39m [38;5;28;01mfrom[39;00m[38;5;250m [39m[34;01mmatplotlib[39;00m[34;01m.[39;00m[34;01m_enums[39;00m[38;5;250m [39m[38;5;28;01mimport[39;00m JoinStyle, CapStyle

[36mFile [39m[32m~/work/notes/notes/.venv/lib/python3.12/site-packages/matplotlib/colors.py:56[39m
[32m     54[39m [38;5;28;01mimport[39;00m[38;5;250m [39m[34;01mmatplotlib[39;00m[38;5;250m [39m[38;5;28;01mas[39;00m[38;5;250m [39m[34;01mmpl[39;00m
[32m     55[39m [38;5;28;01mimport[39;00m[38;5;250m [39m[34;01mnumpy[39;00m[38;5;250m [39m[38;5;28;01mas[39;00m[38;5;250m [39m[34;01mnp[39;00m
[32m---> [39m[32m56[39m [38;5;28;01mfrom[39;00m[38;5;250m [39m[34;01mmatplotlib[39;00m[38;5;250m [39m[38;5;28;01mimport[39;00m _api, _cm, cbook, scale
[32m     57[39m [38;5;28;01mfrom[39;00m[38;5;250m [39m[34;01m.[39;00m[34;01m_color_data[39;00m[38;5;250m [39m[38;5;28;01mimport[39;00m BASE_COLORS, TABLEAU_COLORS, CSS4_COLORS, XKCD_COLORS
[32m     60[39m [38;5;28;01mclass[39;00m[38;5;250m [39m[34;01m_ColorMapping[39;00m([38;5;28mdict[39m):

[36mFile [39m[32m~/work/notes/notes/.venv/lib/python3.12/site-packages/matplotlib/scale.py:22[39m
[32m     20[39m [38;5;28;01mimport[39;00m[38;5;250m [39m[34;01mmatplotlib[39;00m[38;5;250m [39m[38;5;28;01mas[39;00m[38;5;250m [39m[34;01mmpl[39;00m
[32m     21[39m [38;5;28;01mfrom[39;00m[38;5;250m [39m[34;01mmatplotlib[39;00m[38;5;250m [39m[38;5;28;01mimport[39;00m _api, _docstring
[32m---> [39m[32m22[39m [38;5;28;01mfrom[39;00m[38;5;250m [39m[34;01mmatplotlib[39;00m[34;01m.[39;00m[34;01mticker[39;00m[38;5;250m [39m[38;5;28;01mimport[39;00m (
[32m     23[39m     NullFormatter, ScalarFormatter, LogFormatterSciNotation, LogitFormatter,
[32m     24[39m     NullLocator, LogLocator, AutoLocator, AutoMinorLocator,
[32m     25[39m     SymmetricalLogLocator, AsinhLocator, LogitLocator)
[32m     26[39m [38;5;28;01mfrom[39;00m[38;5;250m [39m[34;01mmatplotlib[39;00m[34;01m.[39;00m[34;01mtransforms[39;00m[38;5;250m [39m[38;5;28;01mimport[39;00m Transform, IdentityTransform
[32m     29[39m [38;5;28;01mclass[39;00m[38;5;250m [39m[34;01mScaleBase[39;00m:

[36mFile [39m[32m~/work/notes/notes/.venv/lib/python3.12/site-packages/matplotlib/ticker.py:138[39m
[32m    136[39m [38;5;28;01mimport[39;00m[38;5;250m [39m[34;01mmatplotlib[39;00m[38;5;250m [39m[38;5;28;01mas[39;00m[38;5;250m [39m[34;01mmpl[39;00m
[32m    137[39m [38;5;28;01mfrom[39;00m[38;5;250m [39m[34;01mmatplotlib[39;00m[38;5;250m [39m[38;5;28;01mimport[39;00m _api, cbook
[32m--> [39m[32m138[39m [38;5;28;01mfrom[39;00m[38;5;250m [39m[34;01mmatplotlib[39;00m[38;5;250m [39m[38;5;28;01mimport[39;00m transforms [38;5;28;01mas[39;00m mtransforms
[32m    140[39m _log = logging.getLogger([34m__name__[39m)
[32m    142[39m __all__ = ([33m'[39m[33mTickHelper[39m[33m'[39m, [33m'[39m[33mFormatter[39m[33m'[39m, [33m'[39m[33mFixedFormatter[39m[33m'[39m,
[32m    143[39m            [33m'[39m[33mNullFormatter[39m[33m'[39m, [33m'[39m[33mFuncFormatter[39m[33m'[39m, [33m'[39m[33mFormatStrFormatter[39m[33m'[39m,
[32m    144[39m            [33m'[39m[33mStrMethodFormatter[39m[33m'[39m, [33m'[39m[33mScalarFormatter[39m[33m'[39m, [33m'[39m[33mLogFormatter[39m[33m'[39m,
[32m   (...)[39m[32m    150[39m            [33m'[39m[33mMultipleLocator[39m[33m'[39m, [33m'[39m[33mMaxNLocator[39m[33m'[39m, [33m'[39m[33mAutoMinorLocator[39m[33m'[39m,
[32m    151[39m            [33m'[39m[33mSymmetricalLogLocator[39m[33m'[39m, [33m'[39m[33mAsinhLocator[39m[33m'[39m, [33m'[39m[33mLogitLocator[39m[33m'[39m)

[36mFile [39m[32m~/work/notes/notes/.venv/lib/python3.12/site-packages/matplotlib/transforms.py:49[39m
[32m     46[39m [38;5;28;01mfrom[39;00m[38;5;250m [39m[34;01mnumpy[39;00m[34;01m.[39;00m[34;01mlinalg[39;00m[38;5;250m [39m[38;5;28;01mimport[39;00m inv
[32m     48[39m [38;5;28;01mfrom[39;00m[38;5;250m [39m[34;01mmatplotlib[39;00m[38;5;250m [39m[38;5;28;01mimport[39;00m _api
[32m---> [39m[32m49[39m [38;5;28;01mfrom[39;00m[38;5;250m [39m[34;01mmatplotlib[39;00m[34;01m.[39;00m[34;01m_path[39;00m[38;5;250m [39m[38;5;28;01mimport[39;00m (
[32m     50[39m     affine_transform, count_bboxes_overlapping_bbox, update_path_extents)
[32m     51[39m [38;5;28;01mfrom[39;00m[38;5;250m [39m[34;01m.[39;00m[34;01mpath[39;00m[38;5;250m [39m[38;5;28;01mimport[39;00m Path
[32m     53[39m DEBUG = [38;5;28;01mFalse[39;00m

[31mImportError[39m: numpy.core.multiarray failed to import

