Traceback (most recent call last):
  File "/home/runner/work/notes/notes/.venv/lib/python3.12/site-packages/jupyter_core/utils/__init__.py", line 154, in wrapped
    asyncio.get_running_loop()
RuntimeError: no running event loop

During handling of the above exception, another exception occurred:

Traceback (most recent call last):
  File "/home/runner/work/notes/notes/.venv/lib/python3.12/site-packages/jupyter_cache/executors/utils.py", line 58, in single_nb_execution
    executenb(
  File "/home/runner/work/notes/notes/.venv/lib/python3.12/site-packages/nbclient/client.py", line 1319, in execute
    return NotebookClient(nb=nb, resources=resources, km=km, **kwargs).execute()
           ^^^^^^^^^^^^^^^^^^^^^^^^^^^^^^^^^^^^^^^^^^^^^^^^^^^^^^^^^^^^^^^^^^^^^
  File "/home/runner/work/notes/notes/.venv/lib/python3.12/site-packages/jupyter_core/utils/__init__.py", line 158, in wrapped
    return loop.run_until_complete(inner)
           ^^^^^^^^^^^^^^^^^^^^^^^^^^^^^^
  File "/usr/lib/python3.12/asyncio/base_events.py", line 687, in run_until_complete
    return future.result()
           ^^^^^^^^^^^^^^^
  File "/home/runner/work/notes/notes/.venv/lib/python3.12/site-packages/nbclient/client.py", line 709, in async_execute
    await self.async_execute_cell(
  File "/home/runner/work/notes/notes/.venv/lib/python3.12/site-packages/nbclient/client.py", line 1062, in async_execute_cell
    await self._check_raise_for_error(cell, cell_index, exec_reply)
  File "/home/runner/work/notes/notes/.venv/lib/python3.12/site-packages/nbclient/client.py", line 918, in _check_raise_for_error
    raise CellExecutionError.from_cell_and_msg(cell, exec_reply_content)
nbclient.exceptions.CellExecutionError: An error occurred while executing the following cell:
------------------
import time
import pandas as pd
import numpy as np
from surprise import Dataset, Reader, accuracy
from surprise.model_selection import train_test_split
from surprise import SVD, NMF
------------------

----- stderr -----

A module that was compiled using NumPy 1.x cannot be run in
NumPy 2.3.3 as it may crash. To support both 1.x and 2.x
versions of NumPy, modules must be compiled with NumPy 2.0.
Some module may need to rebuild instead e.g. with 'pybind11>=2.12'.

If you are a user of the module, the easiest solution will be to
downgrade to 'numpy<2' or try to upgrade the affected module.
We expect that some modules will need time to support NumPy 2.

Traceback (most recent call last):  File "<frozen runpy>", line 198, in _run_module_as_main
  File "<frozen runpy>", line 88, in _run_code
  File "/home/runner/work/notes/notes/.venv/lib/python3.12/site-packages/ipykernel_launcher.py", line 18, in <module>
    app.launch_new_instance()
  File "/home/runner/work/notes/notes/.venv/lib/python3.12/site-packages/traitlets/config/application.py", line 1075, in launch_instance
    app.start()
  File "/home/runner/work/notes/notes/.venv/lib/python3.12/site-packages/ipykernel/kernelapp.py", line 739, in start
    self.io_loop.start()
  File "/home/runner/work/notes/notes/.venv/lib/python3.12/site-packages/tornado/platform/asyncio.py", line 211, in start
    self.asyncio_loop.run_forever()
  File "/usr/lib/python3.12/asyncio/base_events.py", line 641, in run_forever
    self._run_once()
  File "/usr/lib/python3.12/asyncio/base_events.py", line 1987, in _run_once
    handle._run()
  File "/usr/lib/python3.12/asyncio/events.py", line 88, in _run
    self._context.run(self._callback, *self._args)
  File "/home/runner/work/notes/notes/.venv/lib/python3.12/site-packages/ipykernel/kernelbase.py", line 545, in dispatch_queue
    await self.process_one()
  File "/home/runner/work/notes/notes/.venv/lib/python3.12/site-packages/ipykernel/kernelbase.py", line 534, in process_one
    await dispatch(*args)
  File "/home/runner/work/notes/notes/.venv/lib/python3.12/site-packages/ipykernel/kernelbase.py", line 437, in dispatch_shell
    await result
  File "/home/runner/work/notes/notes/.venv/lib/python3.12/site-packages/ipykernel/ipkernel.py", line 362, in execute_request
    await super().execute_request(stream, ident, parent)
  File "/home/runner/work/notes/notes/.venv/lib/python3.12/site-packages/ipykernel/kernelbase.py", line 778, in execute_request
    reply_content = await reply_content
  File "/home/runner/work/notes/notes/.venv/lib/python3.12/site-packages/ipykernel/ipkernel.py", line 449, in do_execute
    res = shell.run_cell(
  File "/home/runner/work/notes/notes/.venv/lib/python3.12/site-packages/ipykernel/zmqshell.py", line 549, in run_cell
    return super().run_cell(*args, **kwargs)
  File "/home/runner/work/notes/notes/.venv/lib/python3.12/site-packages/IPython/core/interactiveshell.py", line 3116, in run_cell
    result = self._run_cell(
  File "/home/runner/work/notes/notes/.venv/lib/python3.12/site-packages/IPython/core/interactiveshell.py", line 3171, in _run_cell
    result = runner(coro)
  File "/home/runner/work/notes/notes/.venv/lib/python3.12/site-packages/IPython/core/async_helpers.py", line 128, in _pseudo_sync_runner
    coro.send(None)
  File "/home/runner/work/notes/notes/.venv/lib/python3.12/site-packages/IPython/core/interactiveshell.py", line 3394, in run_cell_async
    has_raised = await self.run_ast_nodes(code_ast.body, cell_name,
  File "/home/runner/work/notes/notes/.venv/lib/python3.12/site-packages/IPython/core/interactiveshell.py", line 3639, in run_ast_nodes
    if await self.run_code(code, result, async_=asy):
  File "/home/runner/work/notes/notes/.venv/lib/python3.12/site-packages/IPython/core/interactiveshell.py", line 3699, in run_code
    exec(code_obj, self.user_global_ns, self.user_ns)
  File "/tmp/ipykernel_8051/1423974185.py", line 4, in <module>
    from surprise import Dataset, Reader, accuracy
  File "/home/runner/work/notes/notes/.venv/lib/python3.12/site-packages/surprise/__init__.py", line 6, in <module>
    from .prediction_algorithms import (
  File "/home/runner/work/notes/notes/.venv/lib/python3.12/site-packages/surprise/prediction_algorithms/__init__.py", line 23, in <module>
    from .algo_base import AlgoBase
  File "/home/runner/work/notes/notes/.venv/lib/python3.12/site-packages/surprise/prediction_algorithms/algo_base.py", line 8, in <module>
    from .. import similarities as sims
------------------

[31m---------------------------------------------------------------------------[39m
[31mImportError[39m                               Traceback (most recent call last)
[36mCell[39m[36m [39m[32mIn[1][39m[32m, line 4[39m
[32m      2[39m [38;5;28;01mimport[39;00m[38;5;250m [39m[34;01mpandas[39;00m[38;5;250m [39m[38;5;28;01mas[39;00m[38;5;250m [39m[34;01mpd[39;00m
[32m      3[39m [38;5;28;01mimport[39;00m[38;5;250m [39m[34;01mnumpy[39;00m[38;5;250m [39m[38;5;28;01mas[39;00m[38;5;250m [39m[34;01mnp[39;00m
[32m----> [39m[32m4[39m [38;5;28;01mfrom[39;00m[38;5;250m [39m[34;01msurprise[39;00m[38;5;250m [39m[38;5;28;01mimport[39;00m Dataset, Reader, accuracy
[32m      5[39m [38;5;28;01mfrom[39;00m[38;5;250m [39m[34;01msurprise[39;00m[34;01m.[39;00m[34;01mmodel_selection[39;00m[38;5;250m [39m[38;5;28;01mimport[39;00m train_test_split
[32m      6[39m [38;5;28;01mfrom[39;00m[38;5;250m [39m[34;01msurprise[39;00m[38;5;250m [39m[38;5;28;01mimport[39;00m SVD, NMF

[36mFile [39m[32m~/work/notes/notes/.venv/lib/python3.12/site-packages/surprise/__init__.py:6[39m
[32m      2[39m [38;5;28;01mfrom[39;00m[38;5;250m [39m[34;01m.[39;00m[34;01mbuiltin_datasets[39;00m[38;5;250m [39m[38;5;28;01mimport[39;00m get_dataset_dir
[32m      4[39m [38;5;28;01mfrom[39;00m[38;5;250m [39m[34;01m.[39;00m[34;01mdataset[39;00m[38;5;250m [39m[38;5;28;01mimport[39;00m Dataset
[32m----> [39m[32m6[39m [38;5;28;01mfrom[39;00m[38;5;250m [39m[34;01m.[39;00m[34;01mprediction_algorithms[39;00m[38;5;250m [39m[38;5;28;01mimport[39;00m (
[32m      7[39m     AlgoBase,
[32m      8[39m     BaselineOnly,
[32m      9[39m     CoClustering,
[32m     10[39m     KNNBaseline,
[32m     11[39m     KNNBasic,
[32m     12[39m     KNNWithMeans,
[32m     13[39m     KNNWithZScore,
[32m     14[39m     NMF,
[32m     15[39m     NormalPredictor,
[32m     16[39m     Prediction,
[32m     17[39m     PredictionImpossible,
[32m     18[39m     SlopeOne,
[32m     19[39m     SVD,
[32m     20[39m     SVDpp,
[32m     21[39m )
[32m     22[39m [38;5;28;01mfrom[39;00m[38;5;250m [39m[34;01m.[39;00m[34;01mreader[39;00m[38;5;250m [39m[38;5;28;01mimport[39;00m Reader
[32m     23[39m [38;5;28;01mfrom[39;00m[38;5;250m [39m[34;01m.[39;00m[34;01mtrainset[39;00m[38;5;250m [39m[38;5;28;01mimport[39;00m Trainset

[36mFile [39m[32m~/work/notes/notes/.venv/lib/python3.12/site-packages/surprise/prediction_algorithms/__init__.py:23[39m
[32m      1[39m [33;03m"""[39;00m
[32m      2[39m [33;03mThe :mod:`prediction_algorithms` package includes the prediction algorithms[39;00m
[32m      3[39m [33;03mavailable for recommendation.[39;00m
[32m   (...)[39m[32m     20[39m [33;03m    co_clustering.CoClustering[39;00m
[32m     21[39m [33;03m"""[39;00m
[32m---> [39m[32m23[39m [38;5;28;01mfrom[39;00m[38;5;250m [39m[34;01m.[39;00m[34;01malgo_base[39;00m[38;5;250m [39m[38;5;28;01mimport[39;00m AlgoBase
[32m     24[39m [38;5;28;01mfrom[39;00m[38;5;250m [39m[34;01m.[39;00m[34;01mbaseline_only[39;00m[38;5;250m [39m[38;5;28;01mimport[39;00m BaselineOnly
[32m     25[39m [38;5;28;01mfrom[39;00m[38;5;250m [39m[34;01m.[39;00m[34;01mco_clustering[39;00m[38;5;250m [39m[38;5;28;01mimport[39;00m CoClustering

[36mFile [39m[32m~/work/notes/notes/.venv/lib/python3.12/site-packages/surprise/prediction_algorithms/algo_base.py:8[39m
[32m      1[39m [33;03m"""[39;00m
[32m      2[39m [33;03mThe :mod:`surprise.prediction_algorithms.algo_base` module defines the base[39;00m
[32m      3[39m [33;03mclass :class:`AlgoBase` from which every single prediction algorithm has to[39;00m
[32m      4[39m [33;03minherit.[39;00m
[32m      5[39m [33;03m"""[39;00m
[32m      6[39m [38;5;28;01mimport[39;00m[38;5;250m [39m[34;01mheapq[39;00m
[32m----> [39m[32m8[39m [38;5;28;01mfrom[39;00m[38;5;250m [39m[34;01m.[39;00m[34;01m.[39;00m[38;5;250m [39m[38;5;28;01mimport[39;00m similarities [38;5;28;01mas[39;00m sims
[32m      9[39m [38;5;28;01mfrom[39;00m[38;5;250m [39m[34;01m.[39;00m[34;01moptimize_baselines[39;00m[38;5;250m [39m[38;5;28;01mimport[39;00m baseline_als, baseline_sgd
[32m     10[39m [38;5;28;01mfrom[39;00m[38;5;250m [39m[34;01m.[39;00m[34;01mpredictions[39;00m[38;5;250m [39m[38;5;28;01mimport[39;00m Prediction, PredictionImpossible

[36mFile [39m[32m~/work/notes/notes/.venv/lib/python3.12/site-packages/surprise/similarities.pyx:1[39m, in [36minit surprise.similarities[39m[34m()[39m

[31mImportError[39m: numpy.core.multiarray failed to import (auto-generated because you didn't call 'numpy.import_array()' after cimporting numpy; use '<void>numpy._import_array' to disable if you are certain you don't need it).

