Traceback (most recent call last):
  File "/usr/local/lib/python3.9/site-packages/jupyter_cache/executors/utils.py", line 58, in single_nb_execution
    executenb(
  File "/usr/local/lib/python3.9/site-packages/nbclient/client.py", line 1305, in execute
    return NotebookClient(nb=nb, resources=resources, km=km, **kwargs).execute()
  File "/usr/local/lib/python3.9/site-packages/jupyter_core/utils/__init__.py", line 165, in wrapped
    return loop.run_until_complete(inner)
  File "/usr/local/lib/python3.9/asyncio/base_events.py", line 647, in run_until_complete
    return future.result()
  File "/usr/local/lib/python3.9/site-packages/nbclient/client.py", line 705, in async_execute
    await self.async_execute_cell(
  File "/usr/local/lib/python3.9/site-packages/nbclient/client.py", line 1058, in async_execute_cell
    await self._check_raise_for_error(cell, cell_index, exec_reply)
  File "/usr/local/lib/python3.9/site-packages/nbclient/client.py", line 914, in _check_raise_for_error
    raise CellExecutionError.from_cell_and_msg(cell, exec_reply_content)
nbclient.exceptions.CellExecutionError: An error occurred while executing the following cell:
------------------
import numpy as np

A = np.array([
    [1, 2, 3],
    [4, 5, 6],
    [7, 8, 0],
])

# det(A) != 0
print(f"det(A) = {np.linalg.det(A)}")

# ä½™å› å­è¡Œåˆ—ã®è¨ˆç®—
A_adj = np.zeros_like(A, dtype=np.float32)
for i in range(A.shape[0]):
    for j in range(A.shape[1]):
        A_adj[i, j] = cofactor(A, i, j)

A_adj = A_adj.T
print(f"\nä½™å› å­è¡Œåˆ— A_adj:\n{A_adj}")

# æ¨å®šã—ãŸé€†è¡Œåˆ—
A_inv = (1 / np.linalg.det(A)) * A_adj
print(f"\né€†è¡Œåˆ— A^-1:\n{A_inv.round(3)}")
------------------

----- stdout -----
det(A) = 27.0
------------------

[0;31m---------------------------------------------------------------------------[0m
[0;31mNameError[0m                                 Traceback (most recent call last)
Cell [0;32mIn[1], line 16[0m
[1;32m     14[0m [38;5;28;01mfor[39;00m i [38;5;129;01min[39;00m [38;5;28mrange[39m(A[38;5;241m.[39mshape[[38;5;241m0[39m]):
[1;32m     15[0m     [38;5;28;01mfor[39;00m j [38;5;129;01min[39;00m [38;5;28mrange[39m(A[38;5;241m.[39mshape[[38;5;241m1[39m]):
[0;32m---> 16[0m         A_adj[i, j] [38;5;241m=[39m [43mcofactor[49m(A, i, j)
[1;32m     18[0m A_adj [38;5;241m=[39m A_adj[38;5;241m.[39mT
[1;32m     19[0m [38;5;28mprint[39m([38;5;124mf[39m[38;5;124m"[39m[38;5;130;01m\n[39;00m[38;5;124mä½™å› å­è¡Œåˆ— A_adj:[39m[38;5;130;01m\n[39;00m[38;5;132;01m{[39;00mA_adj[38;5;132;01m}[39;00m[38;5;124m"[39m)

[0;31mNameError[0m: name 'cofactor' is not defined

