Traceback (most recent call last):
  File "/__w/notes/notes/.venv/lib/python3.10/site-packages/jupyter_core/utils/__init__.py", line 154, in wrapped
    asyncio.get_running_loop()
RuntimeError: no running event loop

During handling of the above exception, another exception occurred:

Traceback (most recent call last):
  File "/__w/notes/notes/.venv/lib/python3.10/site-packages/jupyter_cache/executors/utils.py", line 58, in single_nb_execution
    executenb(
  File "/__w/notes/notes/.venv/lib/python3.10/site-packages/nbclient/client.py", line 1319, in execute
    return NotebookClient(nb=nb, resources=resources, km=km, **kwargs).execute()
  File "/__w/notes/notes/.venv/lib/python3.10/site-packages/jupyter_core/utils/__init__.py", line 158, in wrapped
    return loop.run_until_complete(inner)
  File "/usr/local/lib/python3.10/asyncio/base_events.py", line 649, in run_until_complete
    return future.result()
  File "/__w/notes/notes/.venv/lib/python3.10/site-packages/nbclient/client.py", line 709, in async_execute
    await self.async_execute_cell(
  File "/__w/notes/notes/.venv/lib/python3.10/site-packages/nbclient/client.py", line 1062, in async_execute_cell
    await self._check_raise_for_error(cell, cell_index, exec_reply)
  File "/__w/notes/notes/.venv/lib/python3.10/site-packages/nbclient/client.py", line 918, in _check_raise_for_error
    raise CellExecutionError.from_cell_and_msg(cell, exec_reply_content)
nbclient.exceptions.CellExecutionError: An error occurred while executing the following cell:
------------------
# 1. è¡Œã®é †ç•ªã‚’å¤‰æ›
# çµ¶å¯¾å€¤ã®é€†æ•°ã«ã—ã¦ã€å¯¾è§’æˆåˆ†ã®å’Œã‚’æœ€å°åŒ–ã™ã‚‹å•é¡Œã«ç½®ãæ›ãˆã‚‹
A_ica_inv_small = 1 / np.abs(A_ica_inv)

# å¯¾è§’æˆåˆ†ã®å’Œã‚’æœ€å°ã«ã™ã‚‹è¡Œã®å…¥ã‚Œæ›¿ãˆã‚’è¡Œã†
from munkres import Munkres
m = Munkres()
ixs = np.vstack(m.compute(A_ica_inv_small))

# é †ç•ªã®å…¥ã‚Œæ›¿ãˆ
ixs = ixs[np.argsort(ixs[:, 0]), :]
ixs_perm = ixs[:, 1]
A_ica_inv_perm = np.zeros_like(A_ica_inv)
A_ica_inv_perm[ixs_perm] = A_ica_inv

# 2. è¡Œã®å¤§ãã•ã‚’èª¿æ•´
# å¯¾è§’æˆåˆ†ãŒ1ã«ãªã‚‹ã‚ˆã†èª¿æ•´
A_ica_inv_perm_adjusted = A_ica_inv_perm / np.diag(A_ica_inv_perm)

A_ica_inv_perm_adjusted.round(1)
------------------


[0;31m---------------------------------------------------------------------------[0m
[0;31mModuleNotFoundError[0m                       Traceback (most recent call last)
Cell [0;32mIn[4], line 6[0m
[1;32m      3[0m A_ica_inv_small [38;5;241m=[39m [38;5;241m1[39m [38;5;241m/[39m np[38;5;241m.[39mabs(A_ica_inv)
[1;32m      5[0m [38;5;66;03m# å¯¾è§’æˆåˆ†ã®å’Œã‚’æœ€å°ã«ã™ã‚‹è¡Œã®å…¥ã‚Œæ›¿ãˆã‚’è¡Œã†[39;00m
[0;32m----> 6[0m [38;5;28;01mfrom[39;00m[38;5;250m [39m[38;5;21;01mmunkres[39;00m[38;5;250m [39m[38;5;28;01mimport[39;00m Munkres
[1;32m      7[0m m [38;5;241m=[39m Munkres()
[1;32m      8[0m ixs [38;5;241m=[39m np[38;5;241m.[39mvstack(m[38;5;241m.[39mcompute(A_ica_inv_small))

[0;31mModuleNotFoundError[0m: No module named 'munkres'

