Traceback (most recent call last):
  File "/usr/local/lib/python3.10/site-packages/jupyter_cache/executors/utils.py", line 58, in single_nb_execution
    executenb(
  File "/usr/local/lib/python3.10/site-packages/nbclient/client.py", line 1314, in execute
    return NotebookClient(nb=nb, resources=resources, km=km, **kwargs).execute()
  File "/usr/local/lib/python3.10/site-packages/jupyter_core/utils/__init__.py", line 165, in wrapped
    return loop.run_until_complete(inner)
  File "/usr/local/lib/python3.10/asyncio/base_events.py", line 649, in run_until_complete
    return future.result()
  File "/usr/local/lib/python3.10/site-packages/nbclient/client.py", line 709, in async_execute
    await self.async_execute_cell(
  File "/usr/local/lib/python3.10/site-packages/nbclient/client.py", line 1062, in async_execute_cell
    await self._check_raise_for_error(cell, cell_index, exec_reply)
  File "/usr/local/lib/python3.10/site-packages/nbclient/client.py", line 918, in _check_raise_for_error
    raise CellExecutionError.from_cell_and_msg(cell, exec_reply_content)
nbclient.exceptions.CellExecutionError: An error occurred while executing the following cell:
------------------
import sensemakr as smkr
import statsmodels.formula.api as smf

# loads data
darfur = smkr.load_darfur()
# runs regression model
reg_model = smf.ols(formula='peacefactor ~ directlyharmed + age + farmer_dar + herder_dar + '\
                    'pastvoted + hhsize_darfur + female + village', data=darfur)
darfur_model = reg_model.fit()

# Create a sensemakr object and print summary of results
darfur_sense = smkr.Sensemakr(model = darfur_model,
                              treatment = "directlyharmed",
                              benchmark_covariates = ["female"],
                              kd = [1,2,3])
darfur_sense.summary()
------------------


[0;31m---------------------------------------------------------------------------[0m
[0;31mModuleNotFoundError[0m                       Traceback (most recent call last)
Cell [0;32mIn[3], line 1[0m
[0;32m----> 1[0m [38;5;28;01mimport[39;00m [38;5;21;01msensemakr[39;00m [38;5;28;01mas[39;00m [38;5;21;01msmkr[39;00m
[1;32m      2[0m [38;5;28;01mimport[39;00m [38;5;21;01mstatsmodels[39;00m[38;5;21;01m.[39;00m[38;5;21;01mformula[39;00m[38;5;21;01m.[39;00m[38;5;21;01mapi[39;00m [38;5;28;01mas[39;00m [38;5;21;01msmf[39;00m
[1;32m      4[0m [38;5;66;03m# loads data[39;00m

File [0;32m/usr/local/lib/python3.10/site-packages/sensemakr/__init__.py:26[0m
[1;32m     23[0m __version__ [38;5;241m=[39m get_versions()[[38;5;124m'[39m[38;5;124mversion[39m[38;5;124m'[39m]
[1;32m     24[0m [38;5;28;01mdel[39;00m get_versions
[0;32m---> 26[0m [38;5;28;01mfrom[39;00m [38;5;21;01msensemakr[39;00m[38;5;21;01m.[39;00m[38;5;21;01mmain[39;00m [38;5;28;01mimport[39;00m Sensemakr
[1;32m     27[0m [38;5;28;01mfrom[39;00m [38;5;21;01msensemakr[39;00m[38;5;21;01m.[39;00m[38;5;21;01msensitivity_plots[39;00m [38;5;28;01mimport[39;00m ovb_contour_plot, ovb_extreme_plot, add_bound_to_contour
[1;32m     28[0m [38;5;28;01mfrom[39;00m [38;5;21;01msensemakr[39;00m[38;5;21;01m.[39;00m[38;5;21;01mbias_functions[39;00m [38;5;28;01mimport[39;00m adjusted_estimate, adjusted_t, adjusted_se, adjusted_partial_r2, bias, relative_bias, rel_bias

File [0;32m/usr/local/lib/python3.10/site-packages/sensemakr/main.py:57[0m
[1;32m     55[0m [38;5;28;01mfrom[39;00m [38;5;21;01m.[39;00m [38;5;28;01mimport[39;00m sensitivity_statistics
[1;32m     56[0m [38;5;28;01mfrom[39;00m [38;5;21;01m.[39;00m [38;5;28;01mimport[39;00m bias_functions
[0;32m---> 57[0m [38;5;28;01mfrom[39;00m [38;5;21;01m.[39;00m [38;5;28;01mimport[39;00m sensitivity_bounds
[1;32m     58[0m [38;5;28;01mfrom[39;00m [38;5;21;01m.[39;00m [38;5;28;01mimport[39;00m sensitivity_plots
[1;32m     60[0m [38;5;28;01mclass[39;00m [38;5;21;01mSensemakr[39;00m:

File [0;32m/usr/local/lib/python3.10/site-packages/sensemakr/sensitivity_bounds.py:44[0m
[1;32m     42[0m [38;5;28;01mimport[39;00m [38;5;21;01mpandas[39;00m [38;5;28;01mas[39;00m [38;5;21;01mpd[39;00m
[1;32m     43[0m [38;5;28;01mimport[39;00m [38;5;21;01mnumpy[39;00m [38;5;28;01mas[39;00m [38;5;21;01mnp[39;00m
[0;32m---> 44[0m [38;5;28;01mimport[39;00m [38;5;21;01mstatsmodels[39;00m[38;5;21;01m.[39;00m[38;5;21;01mapi[39;00m [38;5;28;01mas[39;00m [38;5;21;01msm[39;00m
[1;32m     46[0m [38;5;28;01mdef[39;00m [38;5;21movb_bounds[39m(model, treatment, benchmark_covariates[38;5;241m=[39m[38;5;28;01mNone[39;00m, kd[38;5;241m=[39m[38;5;241m1[39m, ky[38;5;241m=[39m[38;5;28;01mNone[39;00m, alpha[38;5;241m=[39m[38;5;241m0.05[39m, h0[38;5;241m=[39m[38;5;241m0[39m, reduce[38;5;241m=[39m[38;5;28;01mTrue[39;00m,
[1;32m     47[0m                bound[38;5;241m=[39m[38;5;124m'[39m[38;5;124mpartial r2[39m[38;5;124m'[39m, adjusted_estimates[38;5;241m=[39m[38;5;28;01mTrue[39;00m):
[1;32m     48[0m [38;5;250m    [39m[38;5;124;03m"""[39;00m
[1;32m     49[0m [38;5;124;03m    Provide bounds on the strength of unobserved confounders using observed covariates, as in Cinelli and Hazlett (2020).[39;00m
[1;32m     50[0m 
[0;32m   (...)[0m
[1;32m    123[0m [38;5;124;03m    >>> smkr.ovb_bounds(model = fitted_model, treatment = "directlyharmed", benchmark_covariates = ["female", "pastvoted"], kd = [1, 2, 3]) # doctest: +SKIP[39;00m
[1;32m    124[0m [38;5;124;03m    """[39;00m

File [0;32m/usr/local/lib/python3.10/site-packages/statsmodels/__init__.py:1[0m
[0;32m----> 1[0m [38;5;28;01mfrom[39;00m [38;5;21;01mstatsmodels[39;00m[38;5;21;01m.[39;00m[38;5;21;01mcompat[39;00m[38;5;21;01m.[39;00m[38;5;21;01mpatsy[39;00m [38;5;28;01mimport[39;00m monkey_patch_cat_dtype
[1;32m      3[0m [38;5;28;01mfrom[39;00m [38;5;21;01mstatsmodels[39;00m[38;5;21;01m.[39;00m[38;5;21;01m_version[39;00m [38;5;28;01mimport[39;00m __version__, __version_tuple__
[1;32m      5[0m __version_info__ [38;5;241m=[39m __version_tuple__

File [0;32m/usr/local/lib/python3.10/site-packages/statsmodels/compat/patsy.py:4[0m
[1;32m      1[0m [38;5;28;01mfrom[39;00m [38;5;21;01mstatsmodels[39;00m[38;5;21;01m.[39;00m[38;5;21;01mcompat[39;00m[38;5;21;01m.[39;00m[38;5;21;01mpandas[39;00m [38;5;28;01mimport[39;00m PD_LT_2
[1;32m      3[0m [38;5;28;01mimport[39;00m [38;5;21;01mpandas[39;00m [38;5;28;01mas[39;00m [38;5;21;01mpd[39;00m
[0;32m----> 4[0m [38;5;28;01mimport[39;00m [38;5;21;01mpatsy[39;00m[38;5;21;01m.[39;00m[38;5;21;01mutil[39;00m
[1;32m      7[0m [38;5;28;01mdef[39;00m [38;5;21m_safe_is_pandas_categorical_dtype[39m(dt):
[1;32m      8[0m     [38;5;28;01mif[39;00m PD_LT_2:

File [0;32m/usr/local/lib/python3.10/site-packages/patsy/__init__.py:87[0m
[1;32m     82[0m         [38;5;28mglobals[39m()[var] [38;5;241m=[39m [38;5;28mgetattr[39m(mod, var)
[1;32m     85[0m [38;5;66;03m# This used to have less copy-paste, but explicit import statements make[39;00m
[1;32m     86[0m [38;5;66;03m# packaging tools like py2exe and py2app happier. Sigh.[39;00m
[0;32m---> 87[0m [38;5;28;01mimport[39;00m [38;5;21;01mpatsy[39;00m[38;5;21;01m.[39;00m[38;5;21;01mhighlevel[39;00m
[1;32m     89[0m _reexport(patsy[38;5;241m.[39mhighlevel)
[1;32m     91[0m [38;5;28;01mimport[39;00m [38;5;21;01mpatsy[39;00m[38;5;21;01m.[39;00m[38;5;21;01mbuild[39;00m

File [0;32m/usr/local/lib/python3.10/site-packages/patsy/highlevel.py:18[0m
[1;32m     15[0m [38;5;28;01mimport[39;00m [38;5;21;01mnumpy[39;00m [38;5;28;01mas[39;00m [38;5;21;01mnp[39;00m
[1;32m     17[0m [38;5;28;01mfrom[39;00m [38;5;21;01mpatsy[39;00m [38;5;28;01mimport[39;00m PatsyError
[0;32m---> 18[0m [38;5;28;01mfrom[39;00m [38;5;21;01mpatsy[39;00m[38;5;21;01m.[39;00m[38;5;21;01mdesign_info[39;00m [38;5;28;01mimport[39;00m DesignMatrix, DesignInfo
[1;32m     19[0m [38;5;28;01mfrom[39;00m [38;5;21;01mpatsy[39;00m[38;5;21;01m.[39;00m[38;5;21;01meval[39;00m [38;5;28;01mimport[39;00m EvalEnvironment
[1;32m     20[0m [38;5;28;01mfrom[39;00m [38;5;21;01mpatsy[39;00m[38;5;21;01m.[39;00m[38;5;21;01mdesc[39;00m [38;5;28;01mimport[39;00m ModelDesc

File [0;32m/usr/local/lib/python3.10/site-packages/patsy/design_info.py:39[0m
[1;32m     37[0m [38;5;28;01mfrom[39;00m [38;5;21;01mpatsy[39;00m[38;5;21;01m.[39;00m[38;5;21;01mconstraint[39;00m [38;5;28;01mimport[39;00m linear_constraint
[1;32m     38[0m [38;5;28;01mfrom[39;00m [38;5;21;01mpatsy[39;00m[38;5;21;01m.[39;00m[38;5;21;01mcontrasts[39;00m [38;5;28;01mimport[39;00m ContrastMatrix
[0;32m---> 39[0m [38;5;28;01mfrom[39;00m [38;5;21;01mpatsy[39;00m[38;5;21;01m.[39;00m[38;5;21;01mdesc[39;00m [38;5;28;01mimport[39;00m ModelDesc, Term
[1;32m     42[0m [38;5;28;01mclass[39;00m [38;5;21;01mFactorInfo[39;00m:
[1;32m     43[0m [38;5;250m    [39m[38;5;124;03m"""A FactorInfo object is a simple class that provides some metadata about[39;00m
[1;32m     44[0m [38;5;124;03m    the role of a factor within a model. :attr:`DesignInfo.factor_infos` is[39;00m
[1;32m     45[0m [38;5;124;03m    a dictionary which maps factor objects to FactorInfo objects for each[39;00m
[0;32m   (...)[0m
[1;32m     76[0m [38;5;124;03m       ``None``.[39;00m
[1;32m     77[0m [38;5;124;03m    """[39;00m

File [0;32m/usr/local/lib/python3.10/site-packages/patsy/desc.py:11[0m
[1;32m      9[0m [38;5;28;01mfrom[39;00m [38;5;21;01mpatsy[39;00m [38;5;28;01mimport[39;00m PatsyError
[1;32m     10[0m [38;5;28;01mfrom[39;00m [38;5;21;01mpatsy[39;00m[38;5;21;01m.[39;00m[38;5;21;01mparse_formula[39;00m [38;5;28;01mimport[39;00m ParseNode, Token, parse_formula
[0;32m---> 11[0m [38;5;28;01mfrom[39;00m [38;5;21;01mpatsy[39;00m[38;5;21;01m.[39;00m[38;5;21;01meval[39;00m [38;5;28;01mimport[39;00m EvalEnvironment, EvalFactor
[1;32m     12[0m [38;5;28;01mfrom[39;00m [38;5;21;01mpatsy[39;00m[38;5;21;01m.[39;00m[38;5;21;01mutil[39;00m [38;5;28;01mimport[39;00m uniqueify_list
[1;32m     13[0m [38;5;28;01mfrom[39;00m [38;5;21;01mpatsy[39;00m[38;5;21;01m.[39;00m[38;5;21;01mutil[39;00m [38;5;28;01mimport[39;00m repr_pretty_delegate, repr_pretty_impl

File [0;32m/usr/local/lib/python3.10/site-packages/patsy/eval.py:21[0m
[1;32m     19[0m [38;5;28;01mimport[39;00m [38;5;21;01mast[39;00m
[1;32m     20[0m [38;5;28;01mimport[39;00m [38;5;21;01mnumbers[39;00m
[0;32m---> 21[0m [38;5;28;01mimport[39;00m [38;5;21;01mpytest[39;00m
[1;32m     22[0m [38;5;28;01mfrom[39;00m [38;5;21;01mpatsy[39;00m [38;5;28;01mimport[39;00m PatsyError
[1;32m     23[0m [38;5;28;01mfrom[39;00m [38;5;21;01mpatsy[39;00m[38;5;21;01m.[39;00m[38;5;21;01mutil[39;00m [38;5;28;01mimport[39;00m PushbackAdapter, no_pickling, assert_no_pickling

[0;31mModuleNotFoundError[0m: No module named 'pytest'

