Traceback (most recent call last):
  File "/home/runner/work/notes/notes/.venv/lib/python3.12/site-packages/jupyter_core/utils/__init__.py", line 154, in wrapped
    asyncio.get_running_loop()
RuntimeError: no running event loop

During handling of the above exception, another exception occurred:

Traceback (most recent call last):
  File "/home/runner/work/notes/notes/.venv/lib/python3.12/site-packages/jupyter_cache/executors/utils.py", line 58, in single_nb_execution
    executenb(
  File "/home/runner/work/notes/notes/.venv/lib/python3.12/site-packages/nbclient/client.py", line 1319, in execute
    return NotebookClient(nb=nb, resources=resources, km=km, **kwargs).execute()
           ^^^^^^^^^^^^^^^^^^^^^^^^^^^^^^^^^^^^^^^^^^^^^^^^^^^^^^^^^^^^^^^^^^^^^
  File "/home/runner/work/notes/notes/.venv/lib/python3.12/site-packages/jupyter_core/utils/__init__.py", line 158, in wrapped
    return loop.run_until_complete(inner)
           ^^^^^^^^^^^^^^^^^^^^^^^^^^^^^^
  File "/usr/lib/python3.12/asyncio/base_events.py", line 687, in run_until_complete
    return future.result()
           ^^^^^^^^^^^^^^^
  File "/home/runner/work/notes/notes/.venv/lib/python3.12/site-packages/nbclient/client.py", line 709, in async_execute
    await self.async_execute_cell(
  File "/home/runner/work/notes/notes/.venv/lib/python3.12/site-packages/nbclient/client.py", line 1062, in async_execute_cell
    await self._check_raise_for_error(cell, cell_index, exec_reply)
  File "/home/runner/work/notes/notes/.venv/lib/python3.12/site-packages/nbclient/client.py", line 918, in _check_raise_for_error
    raise CellExecutionError.from_cell_and_msg(cell, exec_reply_content)
nbclient.exceptions.CellExecutionError: An error occurred while executing the following cell:
------------------
import numpy as np
from sklearn.datasets import load_iris
from sklearn.model_selection import train_test_split
from lightgbm import LGBMClassifier
from tree_influence.explainers import BoostIn

# load iris data
data = load_iris()
X, y = data['data'], data['target']

# use two classes, then split into train and test
idxs = np.where(y != 2)[0]
X, y = X[idxs], y[idxs]
X_train, X_test, y_train, y_test = train_test_split(X, y, test_size=0.1, random_state=1)

# train GBDT model
model = LGBMClassifier().fit(X_train, y_train)

# fit influence estimator
explainer = BoostIn().fit(model, X_train, y_train)

# estimate training influences on each test instance
influence = explainer.get_local_influence(X_test, y_test)  # shape=(no. train, no. test)

# extract influence values for the first test instance
values = influence[:, 0]  # shape=(no. train,)

# sort training examples from:
# - most positively influential (decreases loss of the test instance the most), to
# - most negatively influential (increases loss of the test instance the most)
training_idxs = np.argsort(values)[::-1]
------------------

----- stderr -----

A module that was compiled using NumPy 1.x cannot be run in
NumPy 2.3.3 as it may crash. To support both 1.x and 2.x
versions of NumPy, modules must be compiled with NumPy 2.0.
Some module may need to rebuild instead e.g. with 'pybind11>=2.12'.

If you are a user of the module, the easiest solution will be to
downgrade to 'numpy<2' or try to upgrade the affected module.
We expect that some modules will need time to support NumPy 2.

Traceback (most recent call last):  File "<frozen runpy>", line 198, in _run_module_as_main
  File "<frozen runpy>", line 88, in _run_code
  File "/home/runner/work/notes/notes/.venv/lib/python3.12/site-packages/ipykernel_launcher.py", line 18, in <module>
    app.launch_new_instance()
  File "/home/runner/work/notes/notes/.venv/lib/python3.12/site-packages/traitlets/config/application.py", line 1075, in launch_instance
    app.start()
  File "/home/runner/work/notes/notes/.venv/lib/python3.12/site-packages/ipykernel/kernelapp.py", line 739, in start
    self.io_loop.start()
  File "/home/runner/work/notes/notes/.venv/lib/python3.12/site-packages/tornado/platform/asyncio.py", line 211, in start
    self.asyncio_loop.run_forever()
  File "/usr/lib/python3.12/asyncio/base_events.py", line 641, in run_forever
    self._run_once()
  File "/usr/lib/python3.12/asyncio/base_events.py", line 1987, in _run_once
    handle._run()
  File "/usr/lib/python3.12/asyncio/events.py", line 88, in _run
    self._context.run(self._callback, *self._args)
  File "/home/runner/work/notes/notes/.venv/lib/python3.12/site-packages/ipykernel/kernelbase.py", line 545, in dispatch_queue
    await self.process_one()
  File "/home/runner/work/notes/notes/.venv/lib/python3.12/site-packages/ipykernel/kernelbase.py", line 534, in process_one
    await dispatch(*args)
  File "/home/runner/work/notes/notes/.venv/lib/python3.12/site-packages/ipykernel/kernelbase.py", line 437, in dispatch_shell
    await result
  File "/home/runner/work/notes/notes/.venv/lib/python3.12/site-packages/ipykernel/ipkernel.py", line 362, in execute_request
    await super().execute_request(stream, ident, parent)
  File "/home/runner/work/notes/notes/.venv/lib/python3.12/site-packages/ipykernel/kernelbase.py", line 778, in execute_request
    reply_content = await reply_content
  File "/home/runner/work/notes/notes/.venv/lib/python3.12/site-packages/ipykernel/ipkernel.py", line 449, in do_execute
    res = shell.run_cell(
  File "/home/runner/work/notes/notes/.venv/lib/python3.12/site-packages/ipykernel/zmqshell.py", line 549, in run_cell
    return super().run_cell(*args, **kwargs)
  File "/home/runner/work/notes/notes/.venv/lib/python3.12/site-packages/IPython/core/interactiveshell.py", line 3116, in run_cell
    result = self._run_cell(
  File "/home/runner/work/notes/notes/.venv/lib/python3.12/site-packages/IPython/core/interactiveshell.py", line 3171, in _run_cell
    result = runner(coro)
  File "/home/runner/work/notes/notes/.venv/lib/python3.12/site-packages/IPython/core/async_helpers.py", line 128, in _pseudo_sync_runner
    coro.send(None)
  File "/home/runner/work/notes/notes/.venv/lib/python3.12/site-packages/IPython/core/interactiveshell.py", line 3394, in run_cell_async
    has_raised = await self.run_ast_nodes(code_ast.body, cell_name,
  File "/home/runner/work/notes/notes/.venv/lib/python3.12/site-packages/IPython/core/interactiveshell.py", line 3639, in run_ast_nodes
    if await self.run_code(code, result, async_=asy):
  File "/home/runner/work/notes/notes/.venv/lib/python3.12/site-packages/IPython/core/interactiveshell.py", line 3699, in run_code
    exec(code_obj, self.user_global_ns, self.user_ns)
  File "/tmp/ipykernel_9078/203011019.py", line 4, in <module>
    from lightgbm import LGBMClassifier
  File "/home/runner/work/notes/notes/.venv/lib/python3.12/site-packages/lightgbm/__init__.py", line 11, in <module>
    from .basic import Booster, Dataset, Sequence, register_logger
  File "/home/runner/work/notes/notes/.venv/lib/python3.12/site-packages/lightgbm/basic.py", line 29, in <module>
    from .compat import (
  File "/home/runner/work/notes/notes/.venv/lib/python3.12/site-packages/lightgbm/compat.py", line 191, in <module>
    import matplotlib  # noqa: F401
  File "/home/runner/work/notes/notes/.venv/lib/python3.12/site-packages/matplotlib/__init__.py", line 131, in <module>
    from . import _api, _version, cbook, _docstring, rcsetup
  File "/home/runner/work/notes/notes/.venv/lib/python3.12/site-packages/matplotlib/rcsetup.py", line 27, in <module>
    from matplotlib.colors import Colormap, is_color_like
  File "/home/runner/work/notes/notes/.venv/lib/python3.12/site-packages/matplotlib/colors.py", line 56, in <module>
    from matplotlib import _api, _cm, cbook, scale
  File "/home/runner/work/notes/notes/.venv/lib/python3.12/site-packages/matplotlib/scale.py", line 22, in <module>
    from matplotlib.ticker import (
  File "/home/runner/work/notes/notes/.venv/lib/python3.12/site-packages/matplotlib/ticker.py", line 138, in <module>
    from matplotlib import transforms as mtransforms
  File "/home/runner/work/notes/notes/.venv/lib/python3.12/site-packages/matplotlib/transforms.py", line 49, in <module>
    from matplotlib._path import (
------------------

[31m---------------------------------------------------------------------------[39m
[31mModuleNotFoundError[39m                       Traceback (most recent call last)
[36mCell[39m[36m [39m[32mIn[1][39m[32m, line 5[39m
[32m      3[39m [38;5;28;01mfrom[39;00m[38;5;250m [39m[34;01msklearn[39;00m[34;01m.[39;00m[34;01mmodel_selection[39;00m[38;5;250m [39m[38;5;28;01mimport[39;00m train_test_split
[32m      4[39m [38;5;28;01mfrom[39;00m[38;5;250m [39m[34;01mlightgbm[39;00m[38;5;250m [39m[38;5;28;01mimport[39;00m LGBMClassifier
[32m----> [39m[32m5[39m [38;5;28;01mfrom[39;00m[38;5;250m [39m[34;01mtree_influence[39;00m[34;01m.[39;00m[34;01mexplainers[39;00m[38;5;250m [39m[38;5;28;01mimport[39;00m BoostIn
[32m      7[39m [38;5;66;03m# load iris data[39;00m
[32m      8[39m data = load_iris()

[31mModuleNotFoundError[39m: No module named 'tree_influence'

